Using pre-set license
Built from '2020.3/staging' branch; Version is '2020.3.20f1 (41c4e627c95f) revision 4310246'; Using compiler version '192528614'; Build Type 'Release'
OS: 'Windows 10 Home; OS build 22000.376; Version 2009; 64bit' Language: 'en' Physical Memory: 16230 MB
BatchMode: 1, IsHumanControllingUs: 0, StartBugReporterOnCrash: 0, Is64bit: 1, IsPro: 0

COMMAND LINE ARGUMENTS:
D:\Unity\2020.3.20f1\Editor\Unity.exe
-adb2
-batchMode
-noUpm
-name
AssetImportWorker1
-projectPath
D:/Ngee Ann/Mirror/year 2/Sem 2/ITD/ITD-ASG2/ITDDDA-ASG2/Unity
-logFile
Logs/AssetImportWorker1.log
-srvPort
61595
Successfully changed project path to: D:/Ngee Ann/Mirror/year 2/Sem 2/ITD/ITD-ASG2/ITDDDA-ASG2/Unity
D:/Ngee Ann/Mirror/year 2/Sem 2/ITD/ITD-ASG2/ITDDDA-ASG2/Unity
Using Asset Import Pipeline V2.
Refreshing native plugins compatible for Editor in 124.15 ms, found 21 plugins.
Preloading 1 native plugins for Editor in 1.54 ms.
Initialize engine version: 2020.3.20f1 (41c4e627c95f)
[Subsystems] Discovering subsystems at path D:/Unity/2020.3.20f1/Editor/Data/Resources/UnitySubsystems
[Subsystems] Discovering subsystems at path D:/Ngee Ann/Mirror/year 2/Sem 2/ITD/ITD-ASG2/ITDDDA-ASG2/Unity/Assets
[Subsystems] No descriptors matched for  examples in Assets/MeshingFeaturePlugin/UnitySubsystemsManifest.json.
[Subsystems] No descriptors matched for  inputs in Assets/MeshingFeaturePlugin/UnitySubsystemsManifest.json.
[Subsystems] No descriptors matched for  displays in Assets/MeshingFeaturePlugin/UnitySubsystemsManifest.json.
[Subsystems] 1 'meshings' descriptors matched in Assets/MeshingFeaturePlugin/UnitySubsystemsManifest.json
GfxDevice: creating device client; threaded=0
Direct3D:
    Version:  Direct3D 11.0 [level 11.1]
    Renderer: NVIDIA GeForce GTX 1060 (ID=0x1c20)
    Vendor:   
    VRAM:     6052 MB
    Driver:   30.0.14.9729
Initialize mono
Mono path[0] = 'D:/Unity/2020.3.20f1/Editor/Data/Managed'
Mono path[1] = 'D:/Unity/2020.3.20f1/Editor/Data/MonoBleedingEdge/lib/mono/unityjit'
Mono config path = 'D:/Unity/2020.3.20f1/Editor/Data/MonoBleedingEdge/etc'
Using monoOptions --debugger-agent=transport=dt_socket,embedding=1,server=y,suspend=n,address=127.0.0.1:56100
Begin MonoManager ReloadAssembly
Registering precompiled unity dll's ...
Register platform support module: D:/Unity/2020.3.20f1/Editor/Data/PlaybackEngines/WindowsStandaloneSupport/UnityEditor.WindowsStandalone.Extensions.dll
Registered in 0.003854 seconds.
Native extension for WindowsStandalone target not found
Refreshing native plugins compatible for Editor in 55.26 ms, found 21 plugins.
Preloading 1 native plugins for Editor in 0.19 ms.
Mono: successfully reloaded assembly
- Completed reload, in  2.708 seconds
Domain Reload Profiling:
	ReloadAssembly (2708ms)
		BeginReloadAssembly (97ms)
			ExecutionOrderSort (0ms)
			DisableScriptedObjects (0ms)
			BackupInstance (0ms)
			ReleaseScriptingObjects (0ms)
			CreateAndSetChildDomain (1ms)
		EndReloadAssembly (545ms)
			LoadAssemblies (92ms)
			RebuildTransferFunctionScriptingTraits (0ms)
			SetupTypeCache (204ms)
			ReleaseScriptCaches (0ms)
			RebuildScriptCaches (32ms)
			SetupLoadedEditorAssemblies (197ms)
				LogAssemblyErrors (0ms)
				InitializePlatformSupportModulesInManaged (4ms)
				SetLoadedEditorAssemblies (0ms)
				RefreshPlugins (56ms)
				BeforeProcessingInitializeOnLoad (17ms)
				ProcessInitializeOnLoadAttributes (81ms)
				ProcessInitializeOnLoadMethodAttributes (40ms)
				AfterProcessingInitializeOnLoad (0ms)
				EditorAssembliesLoaded (0ms)
			ExecutionOrderSort2 (0ms)
			AwakeInstancesAfterBackupRestoration (0ms)
Platform modules already initialized, skipping
Registering precompiled user dll's ...
Registered in 0.039087 seconds.
Begin MonoManager ReloadAssembly
Native extension for WindowsStandalone target not found
Refreshing native plugins compatible for Editor in 66.67 ms, found 21 plugins.
Preloading 1 native plugins for Editor in 0.24 ms.
Mono: successfully reloaded assembly
- Completed reload, in  1.965 seconds
Domain Reload Profiling:
	ReloadAssembly (1966ms)
		BeginReloadAssembly (249ms)
			ExecutionOrderSort (0ms)
			DisableScriptedObjects (5ms)
			BackupInstance (0ms)
			ReleaseScriptingObjects (0ms)
			CreateAndSetChildDomain (23ms)
		EndReloadAssembly (1580ms)
			LoadAssemblies (207ms)
			RebuildTransferFunctionScriptingTraits (0ms)
			SetupTypeCache (466ms)
			ReleaseScriptCaches (1ms)
			RebuildScriptCaches (72ms)
			SetupLoadedEditorAssemblies (593ms)
				LogAssemblyErrors (0ms)
				InitializePlatformSupportModulesInManaged (4ms)
				SetLoadedEditorAssemblies (0ms)
				RefreshPlugins (67ms)
				BeforeProcessingInitializeOnLoad (142ms)
				ProcessInitializeOnLoadAttributes (352ms)
				ProcessInitializeOnLoadMethodAttributes (11ms)
				AfterProcessingInitializeOnLoad (15ms)
				EditorAssembliesLoaded (0ms)
			ExecutionOrderSort2 (0ms)
			AwakeInstancesAfterBackupRestoration (11ms)
Platform modules already initialized, skipping
========================================================================
Worker process is ready to serve import requests
Launched and connected shader compiler UnityShaderCompiler.exe after 0.26 seconds
Refreshing native plugins compatible for Editor in 1.53 ms, found 21 plugins.
Preloading 1 native plugins for Editor in 6.52 ms.
Unloading 2719 Unused Serialized files (Serialized files now loaded: 0)
System memory in use before: 112.1 MB.
System memory in use after: 112.3 MB.

Unloading 71 unused Assets to reduce memory usage. Loaded Objects now: 3124.
Total: 3.870800 ms (FindLiveObjects: 0.281900 ms CreateObjectMapping: 0.129600 ms MarkObjects: 3.350000 ms  DeleteObjects: 0.108200 ms)

AssetImportParameters requested are different than current active one (requested -> active):
  custom:framework-win-MediaFoundation: 216162199b28c13a410421893ffa2e32 -> 
  custom:video-decoder-ogg-theora: a1e56fd34408186e4bbccfd4996cb3dc -> 
  custom:container-muxer-webm: aa71ff27fc2769a1b78a27578f13a17b -> 
  custom:container-demuxer-webm: 4f35f7cbe854078d1ac9338744f61a02 -> 
  custom:container-demuxer-ogg: 62fdf1f143b41e24485cea50d1cbac27 -> 
  custom:video-encoder-webm-vp8: eb34c28f22e8b96e1ab97ce403110664 -> 
  custom:video-decoder-webm-vp8: 9c59270c3fd7afecdb556c50c9e8de78 -> 
  custom:audio-decoder-ogg-vorbis: bf7c407c2cedff20999df2af8eb42d56 -> 
  custom:audio-encoder-webm-vorbis: bf7c407c2cedff20999df2af8eb42d56 -> 
========================================================================
Received Import Request.
  path: Assets/Animation/screw.controller
  artifactKey: Guid(abae54f8b724b5840b2529bb098ddb10) Importer(815301076,1909f56bfc062723c751e8b465ee728b)
Start importing Assets/Animation/screw.controller using Guid(abae54f8b724b5840b2529bb098ddb10) Importer(815301076,1909f56bfc062723c751e8b465ee728b)  -> (artifact id: 'b96a50aafa57e2374c506c961567fc7b') in 0.104265 seconds 
  Import took 0.126040 seconds .

========================================================================
Received Import Request.
  Time since last request: 183.472510 seconds.
  path: Assets/Models/screw.prefab
  artifactKey: Guid(fde33f2f673dabd4493535f9923f53d5) Importer(815301076,1909f56bfc062723c751e8b465ee728b)
Start importing Assets/Models/screw.prefab using Guid(fde33f2f673dabd4493535f9923f53d5) Importer(815301076,1909f56bfc062723c751e8b465ee728b)  -> (artifact id: '4eddadb047bc658c80890996b6918ad3') in 0.466298 seconds 
  Import took 0.482555 seconds .

========================================================================
Received Import Request.
  Time since last request: 6.991418 seconds.
  path: Assets/Models/rotation
  artifactKey: Guid(000412694caaf874cbc479eac43ce746) Importer(815301076,1909f56bfc062723c751e8b465ee728b)
Start importing Assets/Models/rotation using Guid(000412694caaf874cbc479eac43ce746) Importer(815301076,1909f56bfc062723c751e8b465ee728b)  -> (artifact id: '02f4cac5b7f60d3256d73d76c5f25502') in 0.010450 seconds 
  Import took 0.037043 seconds .

========================================================================
Received Import Request.
  Time since last request: 86.872261 seconds.
  path: Assets/Models/rotation/5_-_1_-_Rotate.jpg
  artifactKey: Guid(3cd82554e6053fb49810606a028b9861) Importer(815301076,1909f56bfc062723c751e8b465ee728b)
Start importing Assets/Models/rotation/5_-_1_-_Rotate.jpg using Guid(3cd82554e6053fb49810606a028b9861) Importer(815301076,1909f56bfc062723c751e8b465ee728b)  -> (artifact id: 'b22ea2d09572a5084e9ce2bc93052551') in 0.115897 seconds 
  Import took 0.139942 seconds .

========================================================================
Received Import Request.
  Time since last request: 233.861652 seconds.
  path: Assets/Models/rotation/Rotate.png
  artifactKey: Guid(fac484327abcc8c4b9c69fa4e9feddbd) Importer(815301076,1909f56bfc062723c751e8b465ee728b)
Start importing Assets/Models/rotation/Rotate.png using Guid(fac484327abcc8c4b9c69fa4e9feddbd) Importer(815301076,1909f56bfc062723c751e8b465ee728b)  -> (artifact id: '4475fb534ac223ffa3fbd252e6920312') in 0.068175 seconds 
  Import took 0.100026 seconds .

========================================================================
Received Import Request.
  Time since last request: 29.449938 seconds.
  path: Assets/Models/rotation/Materials
  artifactKey: Guid(85a0dd35318beae4d8cf0aa0a9a60d80) Importer(815301076,1909f56bfc062723c751e8b465ee728b)
Start importing Assets/Models/rotation/Materials using Guid(85a0dd35318beae4d8cf0aa0a9a60d80) Importer(815301076,1909f56bfc062723c751e8b465ee728b)  -> (artifact id: '7f89a04b218fdd6f8b8e3d233383eb78') in 0.046303 seconds 
  Import took 0.067449 seconds .

========================================================================
Received Import Request.
  Time since last request: 65.049446 seconds.
  path: Assets/Animation/screw.controller
  artifactKey: Guid(abae54f8b724b5840b2529bb098ddb10) Importer(815301076,1909f56bfc062723c751e8b465ee728b)
Start importing Assets/Animation/screw.controller using Guid(abae54f8b724b5840b2529bb098ddb10) Importer(815301076,1909f56bfc062723c751e8b465ee728b)  -> (artifact id: '7df72ceea9c841cbfdb067f5a0998d01') in 0.111549 seconds 
  Import took 0.138823 seconds .

========================================================================
Received Import Request.
  Time since last request: 11.604750 seconds.
  path: Assets/Materials/Screw/screw_UV1001_BaseColor.1001.png
  artifactKey: Guid(6eea45c76087f1a4696c9c09dbf6a90a) Importer(815301076,1909f56bfc062723c751e8b465ee728b)
Start importing Assets/Materials/Screw/screw_UV1001_BaseColor.1001.png using Guid(6eea45c76087f1a4696c9c09dbf6a90a) Importer(815301076,1909f56bfc062723c751e8b465ee728b)  -> (artifact id: '4016404af60c5ef849385a491f10698e') in 0.167940 seconds 
  Import took 0.172812 seconds .

========================================================================
Received Import Request.
  Time since last request: 0.000306 seconds.
  path: Assets/Materials/Screw/screw_UV1001_Metalness.1001.png
  artifactKey: Guid(34dff81e97c1f5643a327a7673bbbfcc) Importer(815301076,1909f56bfc062723c751e8b465ee728b)
Start importing Assets/Materials/Screw/screw_UV1001_Metalness.1001.png using Guid(34dff81e97c1f5643a327a7673bbbfcc) Importer(815301076,1909f56bfc062723c751e8b465ee728b)  -> (artifact id: '34d700d7583524791047cedd3cdb6d02') in 0.254551 seconds 
  Import took 0.273377 seconds .

========================================================================
Received Import Request.
  Time since last request: 0.000297 seconds.
  path: Assets/Materials/Screw/screw_UV1001_Normal.1001.png
  artifactKey: Guid(5bdd98470b9347440b1c67440ca89870) Importer(815301076,1909f56bfc062723c751e8b465ee728b)
Start importing Assets/Materials/Screw/screw_UV1001_Normal.1001.png using Guid(5bdd98470b9347440b1c67440ca89870) Importer(815301076,1909f56bfc062723c751e8b465ee728b)  -> (artifact id: 'f7c88343845b9e0f66ad241b1f7a0dc7') in 0.161764 seconds 
  Import took 0.179982 seconds .

========================================================================
Received Import Request.
  Time since last request: 0.000263 seconds.
  path: Assets/Materials/Screw/screw_UV1001_Roughness.1001.png
  artifactKey: Guid(4c5c80d7462dc4947b7da989b51066ca) Importer(815301076,1909f56bfc062723c751e8b465ee728b)
Start importing Assets/Materials/Screw/screw_UV1001_Roughness.1001.png using Guid(4c5c80d7462dc4947b7da989b51066ca) Importer(815301076,1909f56bfc062723c751e8b465ee728b)  -> (artifact id: '4e18ae26fad640b05a05fea1bf9833fa') in 0.113870 seconds 
  Import took 0.137514 seconds .

========================================================================
Received Import Request.
  Time since last request: 0.000221 seconds.
  path: Assets/Materials/Screw/screw_UV1001_Height.1001.png
  artifactKey: Guid(4803dd211cbed3b4e8b17db5c6d0b85c) Importer(815301076,1909f56bfc062723c751e8b465ee728b)
Start importing Assets/Materials/Screw/screw_UV1001_Height.1001.png using Guid(4803dd211cbed3b4e8b17db5c6d0b85c) Importer(815301076,1909f56bfc062723c751e8b465ee728b)  -> (artifact id: '4bd8ba7b96b4daa5ecded324e6af173e') in 0.111858 seconds 
  Import took 0.142329 seconds .

========================================================================
Received Prepare
Registering precompiled user dll's ...
Registered in 2.140051 seconds.
Begin MonoManager ReloadAssembly
Native extension for WindowsStandalone target not found
Refreshing native plugins compatible for Editor in 1.18 ms, found 21 plugins.
Preloading 1 native plugins for Editor in 13.56 ms.
Mono: successfully reloaded assembly
- Completed reload, in  1.483 seconds
Domain Reload Profiling:
	ReloadAssembly (1484ms)
		BeginReloadAssembly (175ms)
			ExecutionOrderSort (0ms)
			DisableScriptedObjects (5ms)
			BackupInstance (0ms)
			ReleaseScriptingObjects (0ms)
			CreateAndSetChildDomain (64ms)
		EndReloadAssembly (1233ms)
			LoadAssemblies (128ms)
			RebuildTransferFunctionScriptingTraits (0ms)
			SetupTypeCache (319ms)
			ReleaseScriptCaches (1ms)
			RebuildScriptCaches (41ms)
			SetupLoadedEditorAssemblies (516ms)
				LogAssemblyErrors (0ms)
				InitializePlatformSupportModulesInManaged (5ms)
				SetLoadedEditorAssemblies (1ms)
				RefreshPlugins (15ms)
				BeforeProcessingInitializeOnLoad (132ms)
				ProcessInitializeOnLoadAttributes (333ms)
				ProcessInitializeOnLoadMethodAttributes (12ms)
				AfterProcessingInitializeOnLoad (18ms)
				EditorAssembliesLoaded (0ms)
			ExecutionOrderSort2 (0ms)
			AwakeInstancesAfterBackupRestoration (10ms)
Platform modules already initialized, skipping
Refreshing native plugins compatible for Editor in 1.62 ms, found 21 plugins.
Preloading 1 native plugins for Editor in 0.30 ms.
Unloading 2649 Unused Serialized files (Serialized files now loaded: 0)
System memory in use before: 112.1 MB.
System memory in use after: 112.3 MB.

Unloading 64 unused Assets to reduce memory usage. Loaded Objects now: 3137.
Total: 4.397200 ms (FindLiveObjects: 0.370700 ms CreateObjectMapping: 0.197100 ms MarkObjects: 3.775500 ms  DeleteObjects: 0.052300 ms)

AssetImportParameters requested are different than current active one (requested -> active):
  custom:framework-win-MediaFoundation: 216162199b28c13a410421893ffa2e32 -> 
  custom:video-decoder-ogg-theora: a1e56fd34408186e4bbccfd4996cb3dc -> 
  custom:container-muxer-webm: aa71ff27fc2769a1b78a27578f13a17b -> 
  custom:container-demuxer-webm: 4f35f7cbe854078d1ac9338744f61a02 -> 
  custom:container-demuxer-ogg: 62fdf1f143b41e24485cea50d1cbac27 -> 
  custom:video-encoder-webm-vp8: eb34c28f22e8b96e1ab97ce403110664 -> 
  custom:video-decoder-webm-vp8: 9c59270c3fd7afecdb556c50c9e8de78 -> 
  custom:audio-decoder-ogg-vorbis: bf7c407c2cedff20999df2af8eb42d56 -> 
  custom:audio-encoder-webm-vorbis: bf7c407c2cedff20999df2af8eb42d56 -> 
========================================================================
Received Prepare
Registering precompiled user dll's ...
Registered in 0.048379 seconds.
Begin MonoManager ReloadAssembly
Native extension for WindowsStandalone target not found
Refreshing native plugins compatible for Editor in 2.24 ms, found 21 plugins.
Preloading 1 native plugins for Editor in 0.21 ms.
Mono: successfully reloaded assembly
- Completed reload, in  1.889 seconds
Domain Reload Profiling:
	ReloadAssembly (1890ms)
		BeginReloadAssembly (203ms)
			ExecutionOrderSort (0ms)
			DisableScriptedObjects (6ms)
			BackupInstance (0ms)
			ReleaseScriptingObjects (0ms)
			CreateAndSetChildDomain (56ms)
		EndReloadAssembly (1578ms)
			LoadAssemblies (188ms)
			RebuildTransferFunctionScriptingTraits (0ms)
			SetupTypeCache (491ms)
			ReleaseScriptCaches (1ms)
			RebuildScriptCaches (65ms)
			SetupLoadedEditorAssemblies (651ms)
				LogAssemblyErrors (0ms)
				InitializePlatformSupportModulesInManaged (7ms)
				SetLoadedEditorAssemblies (1ms)
				RefreshPlugins (3ms)
				BeforeProcessingInitializeOnLoad (161ms)
				ProcessInitializeOnLoadAttributes (452ms)
				ProcessInitializeOnLoadMethodAttributes (11ms)
				AfterProcessingInitializeOnLoad (16ms)
				EditorAssembliesLoaded (1ms)
			ExecutionOrderSort2 (0ms)
			AwakeInstancesAfterBackupRestoration (9ms)
Platform modules already initialized, skipping
Refreshing native plugins compatible for Editor in 2.66 ms, found 21 plugins.
Preloading 1 native plugins for Editor in 0.23 ms.
Unloading 2649 Unused Serialized files (Serialized files now loaded: 0)
System memory in use before: 112.1 MB.
System memory in use after: 112.4 MB.

Unloading 64 unused Assets to reduce memory usage. Loaded Objects now: 3140.
Total: 6.326200 ms (FindLiveObjects: 0.351100 ms CreateObjectMapping: 0.260600 ms MarkObjects: 5.655500 ms  DeleteObjects: 0.057600 ms)

AssetImportParameters requested are different than current active one (requested -> active):
  custom:framework-win-MediaFoundation: 216162199b28c13a410421893ffa2e32 -> 
  custom:video-decoder-ogg-theora: a1e56fd34408186e4bbccfd4996cb3dc -> 
  custom:container-muxer-webm: aa71ff27fc2769a1b78a27578f13a17b -> 
  custom:container-demuxer-webm: 4f35f7cbe854078d1ac9338744f61a02 -> 
  custom:container-demuxer-ogg: 62fdf1f143b41e24485cea50d1cbac27 -> 
  custom:video-encoder-webm-vp8: eb34c28f22e8b96e1ab97ce403110664 -> 
  custom:video-decoder-webm-vp8: 9c59270c3fd7afecdb556c50c9e8de78 -> 
  custom:audio-decoder-ogg-vorbis: bf7c407c2cedff20999df2af8eb42d56 -> 
  custom:audio-encoder-webm-vorbis: bf7c407c2cedff20999df2af8eb42d56 -> 
========================================================================
Received Prepare
Registering precompiled user dll's ...
Registered in 0.038680 seconds.
Begin MonoManager ReloadAssembly
Native extension for WindowsStandalone target not found
Refreshing native plugins compatible for Editor in 1.18 ms, found 21 plugins.
Preloading 1 native plugins for Editor in 0.20 ms.
Mono: successfully reloaded assembly
- Completed reload, in  1.507 seconds
Domain Reload Profiling:
	ReloadAssembly (1507ms)
		BeginReloadAssembly (167ms)
			ExecutionOrderSort (0ms)
			DisableScriptedObjects (4ms)
			BackupInstance (0ms)
			ReleaseScriptingObjects (0ms)
			CreateAndSetChildDomain (43ms)
		EndReloadAssembly (1241ms)
			LoadAssemblies (157ms)
			RebuildTransferFunctionScriptingTraits (0ms)
			SetupTypeCache (374ms)
			ReleaseScriptCaches (2ms)
			RebuildScriptCaches (55ms)
			SetupLoadedEditorAssemblies (497ms)
				LogAssemblyErrors (0ms)
				InitializePlatformSupportModulesInManaged (5ms)
				SetLoadedEditorAssemblies (1ms)
				RefreshPlugins (1ms)
				BeforeProcessingInitializeOnLoad (128ms)
				ProcessInitializeOnLoadAttributes (340ms)
				ProcessInitializeOnLoadMethodAttributes (8ms)
				AfterProcessingInitializeOnLoad (14ms)
				EditorAssembliesLoaded (0ms)
			ExecutionOrderSort2 (0ms)
			AwakeInstancesAfterBackupRestoration (11ms)
Platform modules already initialized, skipping
Refreshing native plugins compatible for Editor in 1.24 ms, found 21 plugins.
Preloading 1 native plugins for Editor in 0.17 ms.
Unloading 2649 Unused Serialized files (Serialized files now loaded: 0)
System memory in use before: 112.2 MB.
System memory in use after: 112.4 MB.

Unloading 64 unused Assets to reduce memory usage. Loaded Objects now: 3143.
Total: 3.842600 ms (FindLiveObjects: 0.294600 ms CreateObjectMapping: 0.135600 ms MarkObjects: 3.371500 ms  DeleteObjects: 0.040000 ms)

AssetImportParameters requested are different than current active one (requested -> active):
  custom:framework-win-MediaFoundation: 216162199b28c13a410421893ffa2e32 -> 
  custom:video-decoder-ogg-theora: a1e56fd34408186e4bbccfd4996cb3dc -> 
  custom:container-muxer-webm: aa71ff27fc2769a1b78a27578f13a17b -> 
  custom:container-demuxer-webm: 4f35f7cbe854078d1ac9338744f61a02 -> 
  custom:container-demuxer-ogg: 62fdf1f143b41e24485cea50d1cbac27 -> 
  custom:video-encoder-webm-vp8: eb34c28f22e8b96e1ab97ce403110664 -> 
  custom:video-decoder-webm-vp8: 9c59270c3fd7afecdb556c50c9e8de78 -> 
  custom:audio-decoder-ogg-vorbis: bf7c407c2cedff20999df2af8eb42d56 -> 
  custom:audio-encoder-webm-vorbis: bf7c407c2cedff20999df2af8eb42d56 -> 
========================================================================
Received Prepare
Registering precompiled user dll's ...
Registered in 0.062905 seconds.
Begin MonoManager ReloadAssembly
Native extension for WindowsStandalone target not found
Refreshing native plugins compatible for Editor in 1.20 ms, found 21 plugins.
Preloading 1 native plugins for Editor in 0.21 ms.
Mono: successfully reloaded assembly
- Completed reload, in  1.782 seconds
Domain Reload Profiling:
	ReloadAssembly (1782ms)
		BeginReloadAssembly (180ms)
			ExecutionOrderSort (0ms)
			DisableScriptedObjects (6ms)
			BackupInstance (0ms)
			ReleaseScriptingObjects (0ms)
			CreateAndSetChildDomain (60ms)
		EndReloadAssembly (1504ms)
			LoadAssemblies (167ms)
			RebuildTransferFunctionScriptingTraits (0ms)
			SetupTypeCache (460ms)
			ReleaseScriptCaches (1ms)
			RebuildScriptCaches (70ms)
			SetupLoadedEditorAssemblies (597ms)
				LogAssemblyErrors (0ms)
				InitializePlatformSupportModulesInManaged (5ms)
				SetLoadedEditorAssemblies (1ms)
				RefreshPlugins (2ms)
				BeforeProcessingInitializeOnLoad (170ms)
				ProcessInitializeOnLoadAttributes (394ms)
				ProcessInitializeOnLoadMethodAttributes (8ms)
				AfterProcessingInitializeOnLoad (17ms)
				EditorAssembliesLoaded (0ms)
			ExecutionOrderSort2 (0ms)
			AwakeInstancesAfterBackupRestoration (8ms)
Platform modules already initialized, skipping
Refreshing native plugins compatible for Editor in 1.23 ms, found 21 plugins.
Preloading 1 native plugins for Editor in 0.15 ms.
Unloading 2649 Unused Serialized files (Serialized files now loaded: 0)
System memory in use before: 112.2 MB.
System memory in use after: 112.4 MB.

Unloading 64 unused Assets to reduce memory usage. Loaded Objects now: 3146.
Total: 3.544500 ms (FindLiveObjects: 0.291500 ms CreateObjectMapping: 0.126300 ms MarkObjects: 3.090800 ms  DeleteObjects: 0.034700 ms)

AssetImportParameters requested are different than current active one (requested -> active):
  custom:framework-win-MediaFoundation: 216162199b28c13a410421893ffa2e32 -> 
  custom:video-decoder-ogg-theora: a1e56fd34408186e4bbccfd4996cb3dc -> 
  custom:container-muxer-webm: aa71ff27fc2769a1b78a27578f13a17b -> 
  custom:container-demuxer-webm: 4f35f7cbe854078d1ac9338744f61a02 -> 
  custom:container-demuxer-ogg: 62fdf1f143b41e24485cea50d1cbac27 -> 
  custom:video-encoder-webm-vp8: eb34c28f22e8b96e1ab97ce403110664 -> 
  custom:video-decoder-webm-vp8: 9c59270c3fd7afecdb556c50c9e8de78 -> 
  custom:audio-decoder-ogg-vorbis: bf7c407c2cedff20999df2af8eb42d56 -> 
  custom:audio-encoder-webm-vorbis: bf7c407c2cedff20999df2af8eb42d56 -> 
========================================================================
Received Prepare
Registering precompiled user dll's ...
Registered in 0.093298 seconds.
Begin MonoManager ReloadAssembly
Native extension for WindowsStandalone target not found
Refreshing native plugins compatible for Editor in 1.22 ms, found 21 plugins.
Preloading 1 native plugins for Editor in 0.18 ms.
Mono: successfully reloaded assembly
- Completed reload, in  1.657 seconds
Domain Reload Profiling:
	ReloadAssembly (1657ms)
		BeginReloadAssembly (168ms)
			ExecutionOrderSort (0ms)
			DisableScriptedObjects (6ms)
			BackupInstance (0ms)
			ReleaseScriptingObjects (0ms)
			CreateAndSetChildDomain (47ms)
		EndReloadAssembly (1381ms)
			LoadAssemblies (165ms)
			RebuildTransferFunctionScriptingTraits (0ms)
			SetupTypeCache (497ms)
			ReleaseScriptCaches (1ms)
			RebuildScriptCaches (59ms)
			SetupLoadedEditorAssemblies (499ms)
				LogAssemblyErrors (0ms)
				InitializePlatformSupportModulesInManaged (4ms)
				SetLoadedEditorAssemblies (0ms)
				RefreshPlugins (1ms)
				BeforeProcessingInitializeOnLoad (129ms)
				ProcessInitializeOnLoadAttributes (343ms)
				ProcessInitializeOnLoadMethodAttributes (7ms)
				AfterProcessingInitializeOnLoad (14ms)
				EditorAssembliesLoaded (0ms)
			ExecutionOrderSort2 (0ms)
			AwakeInstancesAfterBackupRestoration (13ms)
Platform modules already initialized, skipping
Refreshing native plugins compatible for Editor in 1.13 ms, found 21 plugins.
Preloading 1 native plugins for Editor in 0.15 ms.
Unloading 2649 Unused Serialized files (Serialized files now loaded: 0)
System memory in use before: 112.2 MB.
System memory in use after: 112.4 MB.

Unloading 64 unused Assets to reduce memory usage. Loaded Objects now: 3149.
Total: 4.672900 ms (FindLiveObjects: 0.250100 ms CreateObjectMapping: 0.107900 ms MarkObjects: 4.265700 ms  DeleteObjects: 0.047900 ms)

AssetImportParameters requested are different than current active one (requested -> active):
  custom:framework-win-MediaFoundation: 216162199b28c13a410421893ffa2e32 -> 
  custom:video-decoder-ogg-theora: a1e56fd34408186e4bbccfd4996cb3dc -> 
  custom:container-muxer-webm: aa71ff27fc2769a1b78a27578f13a17b -> 
  custom:container-demuxer-webm: 4f35f7cbe854078d1ac9338744f61a02 -> 
  custom:container-demuxer-ogg: 62fdf1f143b41e24485cea50d1cbac27 -> 
  custom:video-encoder-webm-vp8: eb34c28f22e8b96e1ab97ce403110664 -> 
  custom:video-decoder-webm-vp8: 9c59270c3fd7afecdb556c50c9e8de78 -> 
  custom:audio-decoder-ogg-vorbis: bf7c407c2cedff20999df2af8eb42d56 -> 
  custom:audio-encoder-webm-vorbis: bf7c407c2cedff20999df2af8eb42d56 -> 
========================================================================
Received Prepare
Registering precompiled user dll's ...
Registered in 0.084897 seconds.
Begin MonoManager ReloadAssembly
Native extension for WindowsStandalone target not found
Refreshing native plugins compatible for Editor in 1.98 ms, found 21 plugins.
Preloading 1 native plugins for Editor in 0.16 ms.
Mono: successfully reloaded assembly
- Completed reload, in  1.634 seconds
Domain Reload Profiling:
	ReloadAssembly (1634ms)
		BeginReloadAssembly (171ms)
			ExecutionOrderSort (0ms)
			DisableScriptedObjects (6ms)
			BackupInstance (0ms)
			ReleaseScriptingObjects (0ms)
			CreateAndSetChildDomain (49ms)
		EndReloadAssembly (1370ms)
			LoadAssemblies (166ms)
			RebuildTransferFunctionScriptingTraits (0ms)
			SetupTypeCache (442ms)
			ReleaseScriptCaches (1ms)
			RebuildScriptCaches (53ms)
			SetupLoadedEditorAssemblies (541ms)
				LogAssemblyErrors (0ms)
				InitializePlatformSupportModulesInManaged (7ms)
				SetLoadedEditorAssemblies (1ms)
				RefreshPlugins (2ms)
				BeforeProcessingInitializeOnLoad (136ms)
				ProcessInitializeOnLoadAttributes (370ms)
				ProcessInitializeOnLoadMethodAttributes (10ms)
				AfterProcessingInitializeOnLoad (14ms)
				EditorAssembliesLoaded (0ms)
			ExecutionOrderSort2 (0ms)
			AwakeInstancesAfterBackupRestoration (10ms)
Platform modules already initialized, skipping
Refreshing native plugins compatible for Editor in 2.07 ms, found 21 plugins.
Preloading 1 native plugins for Editor in 0.27 ms.
Unloading 2649 Unused Serialized files (Serialized files now loaded: 0)
System memory in use before: 112.2 MB.
System memory in use after: 112.4 MB.

Unloading 64 unused Assets to reduce memory usage. Loaded Objects now: 3152.
Total: 4.629100 ms (FindLiveObjects: 0.275200 ms CreateObjectMapping: 0.129900 ms MarkObjects: 4.172900 ms  DeleteObjects: 0.049600 ms)

AssetImportParameters requested are different than current active one (requested -> active):
  custom:framework-win-MediaFoundation: 216162199b28c13a410421893ffa2e32 -> 
  custom:video-decoder-ogg-theora: a1e56fd34408186e4bbccfd4996cb3dc -> 
  custom:container-muxer-webm: aa71ff27fc2769a1b78a27578f13a17b -> 
  custom:container-demuxer-webm: 4f35f7cbe854078d1ac9338744f61a02 -> 
  custom:container-demuxer-ogg: 62fdf1f143b41e24485cea50d1cbac27 -> 
  custom:video-encoder-webm-vp8: eb34c28f22e8b96e1ab97ce403110664 -> 
  custom:video-decoder-webm-vp8: 9c59270c3fd7afecdb556c50c9e8de78 -> 
  custom:audio-decoder-ogg-vorbis: bf7c407c2cedff20999df2af8eb42d56 -> 
  custom:audio-encoder-webm-vorbis: bf7c407c2cedff20999df2af8eb42d56 -> 
========================================================================
Received Prepare
Registering precompiled user dll's ...
Registered in 0.045415 seconds.
Begin MonoManager ReloadAssembly
Native extension for WindowsStandalone target not found
Refreshing native plugins compatible for Editor in 2.74 ms, found 21 plugins.
Preloading 1 native plugins for Editor in 0.40 ms.
Mono: successfully reloaded assembly
- Completed reload, in  2.188 seconds
Domain Reload Profiling:
	ReloadAssembly (2189ms)
		BeginReloadAssembly (171ms)
			ExecutionOrderSort (0ms)
			DisableScriptedObjects (5ms)
			BackupInstance (0ms)
			ReleaseScriptingObjects (0ms)
			CreateAndSetChildDomain (43ms)
		EndReloadAssembly (1893ms)
			LoadAssemblies (185ms)
			RebuildTransferFunctionScriptingTraits (0ms)
			SetupTypeCache (426ms)
			ReleaseScriptCaches (1ms)
			RebuildScriptCaches (93ms)
			SetupLoadedEditorAssemblies (558ms)
				LogAssemblyErrors (0ms)
				InitializePlatformSupportModulesInManaged (21ms)
				SetLoadedEditorAssemblies (3ms)
				RefreshPlugins (3ms)
				BeforeProcessingInitializeOnLoad (145ms)
				ProcessInitializeOnLoadAttributes (362ms)
				ProcessInitializeOnLoadMethodAttributes (7ms)
				AfterProcessingInitializeOnLoad (17ms)
				EditorAssembliesLoaded (0ms)
			ExecutionOrderSort2 (0ms)
			AwakeInstancesAfterBackupRestoration (8ms)
Platform modules already initialized, skipping
Refreshing native plugins compatible for Editor in 1.83 ms, found 21 plugins.
Preloading 1 native plugins for Editor in 0.24 ms.
Unloading 2649 Unused Serialized files (Serialized files now loaded: 0)
System memory in use before: 112.2 MB.
System memory in use after: 112.4 MB.

Unloading 64 unused Assets to reduce memory usage. Loaded Objects now: 3155.
Total: 5.834600 ms (FindLiveObjects: 0.534100 ms CreateObjectMapping: 0.254500 ms MarkObjects: 4.969500 ms  DeleteObjects: 0.073600 ms)

AssetImportParameters requested are different than current active one (requested -> active):
  custom:framework-win-MediaFoundation: 216162199b28c13a410421893ffa2e32 -> 
  custom:video-decoder-ogg-theora: a1e56fd34408186e4bbccfd4996cb3dc -> 
  custom:container-muxer-webm: aa71ff27fc2769a1b78a27578f13a17b -> 
  custom:container-demuxer-webm: 4f35f7cbe854078d1ac9338744f61a02 -> 
  custom:container-demuxer-ogg: 62fdf1f143b41e24485cea50d1cbac27 -> 
  custom:video-encoder-webm-vp8: eb34c28f22e8b96e1ab97ce403110664 -> 
  custom:video-decoder-webm-vp8: 9c59270c3fd7afecdb556c50c9e8de78 -> 
  custom:audio-decoder-ogg-vorbis: bf7c407c2cedff20999df2af8eb42d56 -> 
  custom:audio-encoder-webm-vorbis: bf7c407c2cedff20999df2af8eb42d56 -> 
========================================================================
Received Prepare
Registering precompiled user dll's ...
Registered in 0.153673 seconds.
Begin MonoManager ReloadAssembly
Native extension for WindowsStandalone target not found
Refreshing native plugins compatible for Editor in 2.31 ms, found 21 plugins.
Preloading 1 native plugins for Editor in 0.18 ms.
Mono: successfully reloaded assembly
- Completed reload, in  2.236 seconds
Domain Reload Profiling:
	ReloadAssembly (2237ms)
		BeginReloadAssembly (189ms)
			ExecutionOrderSort (0ms)
			DisableScriptedObjects (5ms)
			BackupInstance (0ms)
			ReleaseScriptingObjects (0ms)
			CreateAndSetChildDomain (50ms)
		EndReloadAssembly (1930ms)
			LoadAssemblies (186ms)
			RebuildTransferFunctionScriptingTraits (0ms)
			SetupTypeCache (496ms)
			ReleaseScriptCaches (1ms)
			RebuildScriptCaches (176ms)
			SetupLoadedEditorAssemblies (883ms)
				LogAssemblyErrors (0ms)
				InitializePlatformSupportModulesInManaged (5ms)
				SetLoadedEditorAssemblies (1ms)
				RefreshPlugins (3ms)
				BeforeProcessingInitializeOnLoad (152ms)
				ProcessInitializeOnLoadAttributes (685ms)
				ProcessInitializeOnLoadMethodAttributes (20ms)
				AfterProcessingInitializeOnLoad (18ms)
				EditorAssembliesLoaded (0ms)
			ExecutionOrderSort2 (0ms)
			AwakeInstancesAfterBackupRestoration (19ms)
Platform modules already initialized, skipping
Refreshing native plugins compatible for Editor in 1.74 ms, found 21 plugins.
Preloading 1 native plugins for Editor in 0.21 ms.
Unloading 2649 Unused Serialized files (Serialized files now loaded: 0)
System memory in use before: 112.2 MB.
System memory in use after: 112.5 MB.

Unloading 64 unused Assets to reduce memory usage. Loaded Objects now: 3158.
Total: 7.873700 ms (FindLiveObjects: 0.678600 ms CreateObjectMapping: 0.620000 ms MarkObjects: 6.522700 ms  DeleteObjects: 0.050700 ms)

AssetImportParameters requested are different than current active one (requested -> active):
  custom:framework-win-MediaFoundation: 216162199b28c13a410421893ffa2e32 -> 
  custom:video-decoder-ogg-theora: a1e56fd34408186e4bbccfd4996cb3dc -> 
  custom:container-muxer-webm: aa71ff27fc2769a1b78a27578f13a17b -> 
  custom:container-demuxer-webm: 4f35f7cbe854078d1ac9338744f61a02 -> 
  custom:container-demuxer-ogg: 62fdf1f143b41e24485cea50d1cbac27 -> 
  custom:video-encoder-webm-vp8: eb34c28f22e8b96e1ab97ce403110664 -> 
  custom:video-decoder-webm-vp8: 9c59270c3fd7afecdb556c50c9e8de78 -> 
  custom:audio-decoder-ogg-vorbis: bf7c407c2cedff20999df2af8eb42d56 -> 
  custom:audio-encoder-webm-vorbis: bf7c407c2cedff20999df2af8eb42d56 -> 
========================================================================
Received Prepare
Registering precompiled user dll's ...
Registered in 0.054561 seconds.
Begin MonoManager ReloadAssembly
Native extension for WindowsStandalone target not found
Refreshing native plugins compatible for Editor in 1.22 ms, found 21 plugins.
Preloading 1 native plugins for Editor in 0.16 ms.
Mono: successfully reloaded assembly
- Completed reload, in  1.979 seconds
Domain Reload Profiling:
	ReloadAssembly (1980ms)
		BeginReloadAssembly (194ms)
			ExecutionOrderSort (0ms)
			DisableScriptedObjects (5ms)
			BackupInstance (0ms)
			ReleaseScriptingObjects (0ms)
			CreateAndSetChildDomain (52ms)
		EndReloadAssembly (1656ms)
			LoadAssemblies (205ms)
			RebuildTransferFunctionScriptingTraits (0ms)
			SetupTypeCache (530ms)
			ReleaseScriptCaches (3ms)
			RebuildScriptCaches (75ms)
			SetupLoadedEditorAssemblies (647ms)
				LogAssemblyErrors (0ms)
				InitializePlatformSupportModulesInManaged (5ms)
				SetLoadedEditorAssemblies (0ms)
				RefreshPlugins (1ms)
				BeforeProcessingInitializeOnLoad (189ms)
				ProcessInitializeOnLoadAttributes (426ms)
				ProcessInitializeOnLoadMethodAttributes (10ms)
				AfterProcessingInitializeOnLoad (14ms)
				EditorAssembliesLoaded (0ms)
			ExecutionOrderSort2 (0ms)
			AwakeInstancesAfterBackupRestoration (13ms)
Platform modules already initialized, skipping
Refreshing native plugins compatible for Editor in 1.25 ms, found 21 plugins.
Preloading 1 native plugins for Editor in 0.19 ms.
Unloading 2649 Unused Serialized files (Serialized files now loaded: 0)
System memory in use before: 112.2 MB.
System memory in use after: 112.5 MB.

Unloading 64 unused Assets to reduce memory usage. Loaded Objects now: 3161.
Total: 4.990200 ms (FindLiveObjects: 0.314100 ms CreateObjectMapping: 0.154300 ms MarkObjects: 4.476400 ms  DeleteObjects: 0.044300 ms)

AssetImportParameters requested are different than current active one (requested -> active):
  custom:framework-win-MediaFoundation: 216162199b28c13a410421893ffa2e32 -> 
  custom:video-decoder-ogg-theora: a1e56fd34408186e4bbccfd4996cb3dc -> 
  custom:container-muxer-webm: aa71ff27fc2769a1b78a27578f13a17b -> 
  custom:container-demuxer-webm: 4f35f7cbe854078d1ac9338744f61a02 -> 
  custom:container-demuxer-ogg: 62fdf1f143b41e24485cea50d1cbac27 -> 
  custom:video-encoder-webm-vp8: eb34c28f22e8b96e1ab97ce403110664 -> 
  custom:video-decoder-webm-vp8: 9c59270c3fd7afecdb556c50c9e8de78 -> 
  custom:audio-decoder-ogg-vorbis: bf7c407c2cedff20999df2af8eb42d56 -> 
  custom:audio-encoder-webm-vorbis: bf7c407c2cedff20999df2af8eb42d56 -> 
========================================================================
Received Import Request.
  Time since last request: 1493.578430 seconds.
  path: Assets/Prefabs
  artifactKey: Guid(170eb37a952527f4f9236e732c39276a) Importer(815301076,1909f56bfc062723c751e8b465ee728b)
Start importing Assets/Prefabs using Guid(170eb37a952527f4f9236e732c39276a) Importer(815301076,1909f56bfc062723c751e8b465ee728b)  -> (artifact id: '03529c88db760631c8a0ce8295c9af54') in 0.014466 seconds 
  Import took 0.067387 seconds .

========================================================================
Received Import Request.
  Time since last request: 0.020580 seconds.
  path: Assets/Prefabs/Row.prefab
  artifactKey: Guid(9258a43dffd48254899e8b2751728472) Importer(815301076,1909f56bfc062723c751e8b465ee728b)
Start importing Assets/Prefabs/Row.prefab using Guid(9258a43dffd48254899e8b2751728472) Importer(815301076,1909f56bfc062723c751e8b465ee728b)  -> (artifact id: '9a6a8a8a210c85f00326257c00891e4a') in 0.388776 seconds 
  Import took 0.421325 seconds .

========================================================================
Received Import Request.
  Time since last request: 14.039401 seconds.
  path: Assets/Prefabs/Screw element.prefab
  artifactKey: Guid(92bfc28fafcfe3e43a656fca46f2c785) Importer(815301076,1909f56bfc062723c751e8b465ee728b)
Start importing Assets/Prefabs/Screw element.prefab using Guid(92bfc28fafcfe3e43a656fca46f2c785) Importer(815301076,1909f56bfc062723c751e8b465ee728b)  -> (artifact id: 'f76e9967425340b60ba64912d40fd96e') in 0.149879 seconds 
  Import took 0.170228 seconds .

========================================================================
Received Import Request.
  Time since last request: 43.156543 seconds.
  path: Assets/Mesh/screw.fbx
  artifactKey: Guid(9f348ec9279c1a542a1c5a9451afecab) Importer(815301076,1909f56bfc062723c751e8b465ee728b)
Start importing Assets/Mesh/screw.fbx using Guid(9f348ec9279c1a542a1c5a9451afecab) Importer(815301076,1909f56bfc062723c751e8b465ee728b)  -> (artifact id: '581ec4b64ccd5b75b6f542f80657ab35') in 0.174119 seconds 
  Import took 0.206438 seconds .

========================================================================
Received Import Request.
  Time since last request: 18.562604 seconds.
  path: Assets/Mesh
  artifactKey: Guid(f585fcd79c36683479f5fc3d0406bdd1) Importer(815301076,1909f56bfc062723c751e8b465ee728b)
Start importing Assets/Mesh using Guid(f585fcd79c36683479f5fc3d0406bdd1) Importer(815301076,1909f56bfc062723c751e8b465ee728b)  -> (artifact id: '1912a33210ffce6f486fc97d5b31a626') in 0.043389 seconds 
  Import took 0.079067 seconds .

========================================================================
Received Import Request.
  Time since last request: 6.237846 seconds.
  path: Assets/Materials/Screw.mat
  artifactKey: Guid(997c236145fa3074c93403eaadd006dd) Importer(815301076,1909f56bfc062723c751e8b465ee728b)
Start importing Assets/Materials/Screw.mat using Guid(997c236145fa3074c93403eaadd006dd) Importer(815301076,1909f56bfc062723c751e8b465ee728b)  -> (artifact id: 'e44bed1bcf984038db6fa79b7b8af1dd') in 0.216058 seconds 
  Import took 0.239188 seconds .

========================================================================
Received Import Request.
  Time since last request: 0.000308 seconds.
  path: Assets/Prefabs/Screw element.prefab
  artifactKey: Guid(92bfc28fafcfe3e43a656fca46f2c785) Importer(815301076,1909f56bfc062723c751e8b465ee728b)
Start importing Assets/Prefabs/Screw element.prefab using Guid(92bfc28fafcfe3e43a656fca46f2c785) Importer(815301076,1909f56bfc062723c751e8b465ee728b)  -> (artifact id: 'd520b6acd6c575d4ba992370f92f9a85') in 0.054127 seconds 
  Import took 0.085295 seconds .

========================================================================
Received Import Request.
  Time since last request: 5.881533 seconds.
  path: Assets/Materials/Screw 1.mat
  artifactKey: Guid(30f986f1293e6a84bb60a88f31ec68d5) Importer(815301076,1909f56bfc062723c751e8b465ee728b)
Start importing Assets/Materials/Screw 1.mat using Guid(30f986f1293e6a84bb60a88f31ec68d5) Importer(815301076,1909f56bfc062723c751e8b465ee728b)  -> (artifact id: '2283c21ade90a2bdd5337e52b27b7f3f') in 0.039912 seconds 
  Import took 0.058057 seconds .

========================================================================
Received Import Request.
  Time since last request: 15.697685 seconds.
  path: Assets/Models/screw.prefab
  artifactKey: Guid(fde33f2f673dabd4493535f9923f53d5) Importer(815301076,1909f56bfc062723c751e8b465ee728b)
Start importing Assets/Models/screw.prefab using Guid(fde33f2f673dabd4493535f9923f53d5) Importer(815301076,1909f56bfc062723c751e8b465ee728b)  -> (artifact id: 'c3a33f759ead14089e355e2a1179df2e') in 0.037149 seconds 
  Import took 0.058740 seconds .

========================================================================
Received Import Request.
  Time since last request: 0.000237 seconds.
  path: Assets/Prefabs/Screw element.prefab
  artifactKey: Guid(92bfc28fafcfe3e43a656fca46f2c785) Importer(815301076,1909f56bfc062723c751e8b465ee728b)
Start importing Assets/Prefabs/Screw element.prefab using Guid(92bfc28fafcfe3e43a656fca46f2c785) Importer(815301076,1909f56bfc062723c751e8b465ee728b)  -> (artifact id: '5780d225f8b7e6bc48ddee139b535526') in 0.028793 seconds 
  Import took 0.037208 seconds .

========================================================================
Received Import Request.
  Time since last request: 76.479933 seconds.
  path: Assets/Models/screw.prefab
  artifactKey: Guid(fde33f2f673dabd4493535f9923f53d5) Importer(815301076,1909f56bfc062723c751e8b465ee728b)
Start importing Assets/Models/screw.prefab using Guid(fde33f2f673dabd4493535f9923f53d5) Importer(815301076,1909f56bfc062723c751e8b465ee728b)  -> (artifact id: '329d58d74e611fc1851a3a563cee5a7b') in 0.027686 seconds 
  Import took 0.045451 seconds .

========================================================================
Received Import Request.
  Time since last request: 0.000455 seconds.
  path: Assets/Prefabs/Screw element.prefab
  artifactKey: Guid(92bfc28fafcfe3e43a656fca46f2c785) Importer(815301076,1909f56bfc062723c751e8b465ee728b)
Start importing Assets/Prefabs/Screw element.prefab using Guid(92bfc28fafcfe3e43a656fca46f2c785) Importer(815301076,1909f56bfc062723c751e8b465ee728b)  -> (artifact id: '6124ca0023db7c842c5dc77f468601f3') in 0.025835 seconds 
  Import took 0.040111 seconds .

========================================================================
Received Import Request.
  Time since last request: 46.762616 seconds.
  path: Assets/Prefabs/Screw element.prefab
  artifactKey: Guid(92bfc28fafcfe3e43a656fca46f2c785) Importer(815301076,1909f56bfc062723c751e8b465ee728b)
Start importing Assets/Prefabs/Screw element.prefab using Guid(92bfc28fafcfe3e43a656fca46f2c785) Importer(815301076,1909f56bfc062723c751e8b465ee728b)  -> (artifact id: '7cdd83743d75d5c6c92a1e3f65601ccf') in 0.038777 seconds 
  Import took 0.052428 seconds .

========================================================================
Received Import Request.
  Time since last request: 20.994419 seconds.
  path: Assets/Prefabs/Screw element.prefab
  artifactKey: Guid(92bfc28fafcfe3e43a656fca46f2c785) Importer(815301076,1909f56bfc062723c751e8b465ee728b)
Start importing Assets/Prefabs/Screw element.prefab using Guid(92bfc28fafcfe3e43a656fca46f2c785) Importer(815301076,1909f56bfc062723c751e8b465ee728b)  -> (artifact id: 'd29096744ae8712e7e5dc46fe05c8e80') in 0.041386 seconds 
  Import took 0.056627 seconds .

========================================================================
Received Prepare
Registering precompiled user dll's ...
Registered in 0.055675 seconds.
Begin MonoManager ReloadAssembly
Native extension for WindowsStandalone target not found
Refreshing native plugins compatible for Editor in 2.04 ms, found 21 plugins.
Preloading 1 native plugins for Editor in 0.21 ms.
Mono: successfully reloaded assembly
- Completed reload, in  1.989 seconds
Domain Reload Profiling:
	ReloadAssembly (1990ms)
		BeginReloadAssembly (195ms)
			ExecutionOrderSort (0ms)
			DisableScriptedObjects (9ms)
			BackupInstance (0ms)
			ReleaseScriptingObjects (0ms)
			CreateAndSetChildDomain (61ms)
		EndReloadAssembly (1671ms)
			LoadAssemblies (213ms)
			RebuildTransferFunctionScriptingTraits (0ms)
			SetupTypeCache (446ms)
			ReleaseScriptCaches (1ms)
			RebuildScriptCaches (60ms)
			SetupLoadedEditorAssemblies (643ms)
				LogAssemblyErrors (0ms)
				InitializePlatformSupportModulesInManaged (5ms)
				SetLoadedEditorAssemblies (1ms)
				RefreshPlugins (2ms)
				BeforeProcessingInitializeOnLoad (165ms)
				ProcessInitializeOnLoadAttributes (440ms)
				ProcessInitializeOnLoadMethodAttributes (13ms)
				AfterProcessingInitializeOnLoad (16ms)
				EditorAssembliesLoaded (0ms)
			ExecutionOrderSort2 (0ms)
			AwakeInstancesAfterBackupRestoration (9ms)
Platform modules already initialized, skipping
Refreshing native plugins compatible for Editor in 2.88 ms, found 21 plugins.
Preloading 1 native plugins for Editor in 0.35 ms.
Unloading 2649 Unused Serialized files (Serialized files now loaded: 0)
System memory in use before: 112.6 MB.
System memory in use after: 112.8 MB.

Unloading 64 unused Assets to reduce memory usage. Loaded Objects now: 3203.
Total: 4.980900 ms (FindLiveObjects: 0.286200 ms CreateObjectMapping: 0.125600 ms MarkObjects: 4.518400 ms  DeleteObjects: 0.049200 ms)

AssetImportParameters requested are different than current active one (requested -> active):
  custom:framework-win-MediaFoundation: 216162199b28c13a410421893ffa2e32 -> 
  custom:video-decoder-ogg-theora: a1e56fd34408186e4bbccfd4996cb3dc -> 
  custom:container-muxer-webm: aa71ff27fc2769a1b78a27578f13a17b -> 
  custom:container-demuxer-webm: 4f35f7cbe854078d1ac9338744f61a02 -> 
  custom:container-demuxer-ogg: 62fdf1f143b41e24485cea50d1cbac27 -> 
  custom:video-encoder-webm-vp8: eb34c28f22e8b96e1ab97ce403110664 -> 
  custom:video-decoder-webm-vp8: 9c59270c3fd7afecdb556c50c9e8de78 -> 
  custom:audio-decoder-ogg-vorbis: bf7c407c2cedff20999df2af8eb42d56 -> 
  custom:audio-encoder-webm-vorbis: bf7c407c2cedff20999df2af8eb42d56 -> 
========================================================================
Received Prepare
Registering precompiled user dll's ...
Registered in 0.173882 seconds.
Begin MonoManager ReloadAssembly
Native extension for WindowsStandalone target not found
Refreshing native plugins compatible for Editor in 1.42 ms, found 21 plugins.
Preloading 1 native plugins for Editor in 0.31 ms.
Mono: successfully reloaded assembly
- Completed reload, in  1.764 seconds
Domain Reload Profiling:
	ReloadAssembly (1764ms)
		BeginReloadAssembly (175ms)
			ExecutionOrderSort (0ms)
			DisableScriptedObjects (5ms)
			BackupInstance (0ms)
			ReleaseScriptingObjects (0ms)
			CreateAndSetChildDomain (51ms)
		EndReloadAssembly (1481ms)
			LoadAssemblies (184ms)
			RebuildTransferFunctionScriptingTraits (0ms)
			SetupTypeCache (450ms)
			ReleaseScriptCaches (1ms)
			RebuildScriptCaches (63ms)
			SetupLoadedEditorAssemblies (602ms)
				LogAssemblyErrors (0ms)
				InitializePlatformSupportModulesInManaged (6ms)
				SetLoadedEditorAssemblies (1ms)
				RefreshPlugins (2ms)
				BeforeProcessingInitializeOnLoad (149ms)
				ProcessInitializeOnLoadAttributes (413ms)
				ProcessInitializeOnLoadMethodAttributes (10ms)
				AfterProcessingInitializeOnLoad (20ms)
				EditorAssembliesLoaded (0ms)
			ExecutionOrderSort2 (0ms)
			AwakeInstancesAfterBackupRestoration (8ms)
Platform modules already initialized, skipping
Refreshing native plugins compatible for Editor in 1.42 ms, found 21 plugins.
Preloading 1 native plugins for Editor in 0.21 ms.
Unloading 2649 Unused Serialized files (Serialized files now loaded: 0)
System memory in use before: 112.6 MB.
System memory in use after: 112.9 MB.

Unloading 64 unused Assets to reduce memory usage. Loaded Objects now: 3206.
Total: 5.007200 ms (FindLiveObjects: 0.567900 ms CreateObjectMapping: 0.324500 ms MarkObjects: 4.073600 ms  DeleteObjects: 0.039300 ms)

AssetImportParameters requested are different than current active one (requested -> active):
  custom:framework-win-MediaFoundation: 216162199b28c13a410421893ffa2e32 -> 
  custom:video-decoder-ogg-theora: a1e56fd34408186e4bbccfd4996cb3dc -> 
  custom:container-muxer-webm: aa71ff27fc2769a1b78a27578f13a17b -> 
  custom:container-demuxer-webm: 4f35f7cbe854078d1ac9338744f61a02 -> 
  custom:container-demuxer-ogg: 62fdf1f143b41e24485cea50d1cbac27 -> 
  custom:video-encoder-webm-vp8: eb34c28f22e8b96e1ab97ce403110664 -> 
  custom:video-decoder-webm-vp8: 9c59270c3fd7afecdb556c50c9e8de78 -> 
  custom:audio-decoder-ogg-vorbis: bf7c407c2cedff20999df2af8eb42d56 -> 
  custom:audio-encoder-webm-vorbis: bf7c407c2cedff20999df2af8eb42d56 -> 
========================================================================
Received Import Request.
  Time since last request: 548.256829 seconds.
  path: Assets/Models/f_cpu.fbx
  artifactKey: Guid(45daa811eabe0b645a89b1f9db150928) Importer(815301076,1909f56bfc062723c751e8b465ee728b)
Start importing Assets/Models/f_cpu.fbx using Guid(45daa811eabe0b645a89b1f9db150928) Importer(815301076,1909f56bfc062723c751e8b465ee728b)  -> (artifact id: '8cae23cfed0f3dd04a46309a1e32af06') in 0.189137 seconds 
  Import took 0.210686 seconds .

========================================================================
Received Import Request.
  Time since last request: 0.000224 seconds.
  path: Assets/Models/f_wificard.fbx
  artifactKey: Guid(48ed901f9e279384d80a7931548f38d2) Importer(815301076,1909f56bfc062723c751e8b465ee728b)
Start importing Assets/Models/f_wificard.fbx using Guid(48ed901f9e279384d80a7931548f38d2) Importer(815301076,1909f56bfc062723c751e8b465ee728b)  -> (artifact id: 'd93c551819a25fe6926279e168dc2162') in 0.272828 seconds 
  Import took 0.302572 seconds .

========================================================================
Received Import Request.
  Time since last request: 0.000240 seconds.
  path: Assets/Models/f_motherboard.fbx
  artifactKey: Guid(2074d1d50d8709040a0a404c52fc2675) Importer(815301076,1909f56bfc062723c751e8b465ee728b)
Start importing Assets/Models/f_motherboard.fbx using Guid(2074d1d50d8709040a0a404c52fc2675) Importer(815301076,1909f56bfc062723c751e8b465ee728b)  -> (artifact id: 'f40f029c341889808fe0fb0716cf863c') in 0.592443 seconds 
  Import took 0.615747 seconds .

========================================================================
Received Import Request.
  Time since last request: 0.000357 seconds.
  path: Assets/Models/f_ram.fbx
  artifactKey: Guid(765513f734f2fff49a330b5afb941e72) Importer(815301076,1909f56bfc062723c751e8b465ee728b)
Start importing Assets/Models/f_ram.fbx using Guid(765513f734f2fff49a330b5afb941e72) Importer(815301076,1909f56bfc062723c751e8b465ee728b)  -> (artifact id: '1dd427797a0f339f27ada6dc34c8409f') in 0.086844 seconds 
  Import took 0.113228 seconds .

========================================================================
Received Import Request.
  Time since last request: 10.857587 seconds.
  path: Assets/Models/cpu.fbx
  artifactKey: Guid(45daa811eabe0b645a89b1f9db150928) Importer(815301076,1909f56bfc062723c751e8b465ee728b)
Start importing Assets/Models/cpu.fbx using Guid(45daa811eabe0b645a89b1f9db150928) Importer(815301076,1909f56bfc062723c751e8b465ee728b)  -> (artifact id: '088d275e4c69a536b3dc04fbfdbf8157') in 0.055102 seconds 
  Import took 0.074086 seconds .

========================================================================
Received Import Request.
  Time since last request: 10.746459 seconds.
  path: Assets/Models/motherboard.fbx
  artifactKey: Guid(2074d1d50d8709040a0a404c52fc2675) Importer(815301076,1909f56bfc062723c751e8b465ee728b)
Start importing Assets/Models/motherboard.fbx using Guid(2074d1d50d8709040a0a404c52fc2675) Importer(815301076,1909f56bfc062723c751e8b465ee728b)  -> (artifact id: '5c3ea93ba1001f173afbed7e4dda4a6b') in 0.441202 seconds 
  Import took 0.468371 seconds .

========================================================================
Received Import Request.
  Time since last request: 6.020828 seconds.
  path: Assets/Models/ram.fbx
  artifactKey: Guid(765513f734f2fff49a330b5afb941e72) Importer(815301076,1909f56bfc062723c751e8b465ee728b)
Start importing Assets/Models/ram.fbx using Guid(765513f734f2fff49a330b5afb941e72) Importer(815301076,1909f56bfc062723c751e8b465ee728b)  -> (artifact id: 'b3912090bd744e03d5f9b977873f43ee') in 0.047364 seconds 
  Import took 0.068214 seconds .

========================================================================
Received Import Request.
  Time since last request: 4.945822 seconds.
  path: Assets/Models/wificard.fbx
  artifactKey: Guid(48ed901f9e279384d80a7931548f38d2) Importer(815301076,1909f56bfc062723c751e8b465ee728b)
Start importing Assets/Models/wificard.fbx using Guid(48ed901f9e279384d80a7931548f38d2) Importer(815301076,1909f56bfc062723c751e8b465ee728b)  -> (artifact id: 'b7fe0a747a88010cd40f13a1cb791fe3') in 0.325544 seconds 
  Import took 0.389606 seconds .

========================================================================
Received Prepare
Registering precompiled user dll's ...
Registered in 0.614725 seconds.
Begin MonoManager ReloadAssembly
Native extension for WindowsStandalone target not found
Refreshing native plugins compatible for Editor in 1.71 ms, found 21 plugins.
Preloading 1 native plugins for Editor in 0.26 ms.
Mono: successfully reloaded assembly
- Completed reload, in  1.870 seconds
Domain Reload Profiling:
	ReloadAssembly (1871ms)
		BeginReloadAssembly (185ms)
			ExecutionOrderSort (0ms)
			DisableScriptedObjects (6ms)
			BackupInstance (0ms)
			ReleaseScriptingObjects (0ms)
			CreateAndSetChildDomain (54ms)
		EndReloadAssembly (1573ms)
			LoadAssemblies (185ms)
			RebuildTransferFunctionScriptingTraits (0ms)
			SetupTypeCache (509ms)
			ReleaseScriptCaches (1ms)
			RebuildScriptCaches (61ms)
			SetupLoadedEditorAssemblies (615ms)
				LogAssemblyErrors (0ms)
				InitializePlatformSupportModulesInManaged (6ms)
				SetLoadedEditorAssemblies (1ms)
				RefreshPlugins (2ms)
				BeforeProcessingInitializeOnLoad (156ms)
				ProcessInitializeOnLoadAttributes (424ms)
				ProcessInitializeOnLoadMethodAttributes (10ms)
				AfterProcessingInitializeOnLoad (16ms)
				EditorAssembliesLoaded (1ms)
			ExecutionOrderSort2 (0ms)
			AwakeInstancesAfterBackupRestoration (10ms)
Platform modules already initialized, skipping
Refreshing native plugins compatible for Editor in 2.14 ms, found 21 plugins.
Preloading 1 native plugins for Editor in 0.22 ms.
Unloading 2649 Unused Serialized files (Serialized files now loaded: 0)
System memory in use before: 112.8 MB.
System memory in use after: 113.0 MB.

Unloading 64 unused Assets to reduce memory usage. Loaded Objects now: 3210.
Total: 4.043900 ms (FindLiveObjects: 0.291600 ms CreateObjectMapping: 0.137000 ms MarkObjects: 3.564600 ms  DeleteObjects: 0.048600 ms)

AssetImportParameters requested are different than current active one (requested -> active):
  custom:framework-win-MediaFoundation: 216162199b28c13a410421893ffa2e32 -> 
  custom:video-decoder-ogg-theora: a1e56fd34408186e4bbccfd4996cb3dc -> 
  custom:container-muxer-webm: aa71ff27fc2769a1b78a27578f13a17b -> 
  custom:container-demuxer-webm: 4f35f7cbe854078d1ac9338744f61a02 -> 
  custom:container-demuxer-ogg: 62fdf1f143b41e24485cea50d1cbac27 -> 
  custom:video-encoder-webm-vp8: eb34c28f22e8b96e1ab97ce403110664 -> 
  custom:video-decoder-webm-vp8: 9c59270c3fd7afecdb556c50c9e8de78 -> 
  custom:audio-decoder-ogg-vorbis: bf7c407c2cedff20999df2af8eb42d56 -> 
  custom:audio-encoder-webm-vorbis: bf7c407c2cedff20999df2af8eb42d56 -> 
========================================================================
Received Import Request.
  Time since last request: 2896.781190 seconds.
  path: Assets/Models/models 2
  artifactKey: Guid(88139bdc752926c499336af2a5557bbf) Importer(815301076,1909f56bfc062723c751e8b465ee728b)
Start importing Assets/Models/models 2 using Guid(88139bdc752926c499336af2a5557bbf) Importer(815301076,1909f56bfc062723c751e8b465ee728b)  -> (artifact id: '42bb89729f109b0477eefb99e5e533b6') in 0.022944 seconds 
  Import took 0.032315 seconds .

========================================================================
Received Import Request.
  Time since last request: 0.090181 seconds.
  path: Assets/Models/models 2/Case.fbx
  artifactKey: Guid(ca5403a4e57ba494ba35a9d41c217cde) Importer(815301076,1909f56bfc062723c751e8b465ee728b)
Start importing Assets/Models/models 2/Case.fbx using Guid(ca5403a4e57ba494ba35a9d41c217cde) Importer(815301076,1909f56bfc062723c751e8b465ee728b)  -> (artifact id: '8383afd37fe8cd1103a0b605fb04abea') in 0.130793 seconds 
  Import took 0.195753 seconds .

========================================================================
Received Import Request.
  Time since last request: 0.000232 seconds.
  path: Assets/Models/models 2/PSU.fbx
  artifactKey: Guid(757b55d5b4c8f48419a879605dce9317) Importer(815301076,1909f56bfc062723c751e8b465ee728b)
Start importing Assets/Models/models 2/PSU.fbx using Guid(757b55d5b4c8f48419a879605dce9317) Importer(815301076,1909f56bfc062723c751e8b465ee728b)  -> (artifact id: 'e76ed6cc507f3f02a585fac7cf4fe382') in 0.058752 seconds 
  Import took 0.087939 seconds .

========================================================================
Received Import Request.
  Time since last request: 0.000237 seconds.
  path: Assets/Models/models 2/Fan.fbx
  artifactKey: Guid(d54b84409c54f4a469b672ad7de69b29) Importer(815301076,1909f56bfc062723c751e8b465ee728b)
Start importing Assets/Models/models 2/Fan.fbx using Guid(d54b84409c54f4a469b672ad7de69b29) Importer(815301076,1909f56bfc062723c751e8b465ee728b)  -> (artifact id: 'ab8570c1bd9a87d94126a3ef4f04a2e8') in 0.046524 seconds 
  Import took 0.060031 seconds .

========================================================================
Received Import Request.
  Time since last request: 0.000279 seconds.
  path: Assets/Models/models 2/GPU.fbx
  artifactKey: Guid(bd22d28cb115c284f81641778536d429) Importer(815301076,1909f56bfc062723c751e8b465ee728b)
Start importing Assets/Models/models 2/GPU.fbx using Guid(bd22d28cb115c284f81641778536d429) Importer(815301076,1909f56bfc062723c751e8b465ee728b)  -> (artifact id: 'b7e1aa428f38c25617e493dfc30cc89d') in 0.042897 seconds 
  Import took 0.049168 seconds .

========================================================================
Received Import Request.
  Time since last request: 0.000257 seconds.
  path: Assets/Models/models 2/Fan_iside.fbx
  artifactKey: Guid(3be249012aa1a6c46b9626cfef21f34d) Importer(815301076,1909f56bfc062723c751e8b465ee728b)
Start importing Assets/Models/models 2/Fan_iside.fbx using Guid(3be249012aa1a6c46b9626cfef21f34d) Importer(815301076,1909f56bfc062723c751e8b465ee728b)  -> (artifact id: '247b8aa710b1e9cfa40172a15108c8cc') in 0.045738 seconds 
  Import took 0.051299 seconds .

========================================================================
Received Import Request.
  Time since last request: 20.197637 seconds.
  path: Assets/Models/texture
  artifactKey: Guid(a27373f77d9e329419d7d086bc64a473) Importer(815301076,1909f56bfc062723c751e8b465ee728b)
Start importing Assets/Models/texture using Guid(a27373f77d9e329419d7d086bc64a473) Importer(815301076,1909f56bfc062723c751e8b465ee728b)  -> (artifact id: 'e085fa3ad8afdea2af84e929c821f5df') in 0.014765 seconds 
  Import took 0.064904 seconds .

========================================================================
Received Import Request.
  Time since last request: 70.745505 seconds.
  path: Assets/Models/models 1
  artifactKey: Guid(e33b898b03242694e8bd032846155140) Importer(815301076,1909f56bfc062723c751e8b465ee728b)
Start importing Assets/Models/models 1 using Guid(e33b898b03242694e8bd032846155140) Importer(815301076,1909f56bfc062723c751e8b465ee728b)  -> (artifact id: 'df03b1b645c56def85b440f8378c172d') in 0.014187 seconds 
  Import took 0.033772 seconds .

========================================================================
Received Import Request.
  Time since last request: 5.788435 seconds.
  path: Assets/Models/texture 2
  artifactKey: Guid(a27373f77d9e329419d7d086bc64a473) Importer(815301076,1909f56bfc062723c751e8b465ee728b)
Start importing Assets/Models/texture 2 using Guid(a27373f77d9e329419d7d086bc64a473) Importer(815301076,1909f56bfc062723c751e8b465ee728b)  -> (artifact id: '110065ddb46479297efe77928522528e') in 0.013605 seconds 
  Import took 0.034525 seconds .

========================================================================
Received Import Request.
  Time since last request: 14.823070 seconds.
  path: Assets/Models/texttures 1
  artifactKey: Guid(b5c6fc76ff25e204589b37bcbf8fe058) Importer(815301076,1909f56bfc062723c751e8b465ee728b)
Start importing Assets/Models/texttures 1 using Guid(b5c6fc76ff25e204589b37bcbf8fe058) Importer(815301076,1909f56bfc062723c751e8b465ee728b)  -> (artifact id: '09bff62fcbb1ab32ceb537e2f8d4f48b') in 0.016975 seconds 
  Import took 0.033861 seconds .

========================================================================
Received Import Request.
  Time since last request: 10.503356 seconds.
  path: Assets/Models/texttures 1/WhatsApp Image 2021-12-21 at 10.04.57 PM (1).jpeg
  artifactKey: Guid(6dd54bbfc3ac4e1408766517dce47d03) Importer(815301076,1909f56bfc062723c751e8b465ee728b)
Start importing Assets/Models/texttures 1/WhatsApp Image 2021-12-21 at 10.04.57 PM (1).jpeg using Guid(6dd54bbfc3ac4e1408766517dce47d03) Importer(815301076,1909f56bfc062723c751e8b465ee728b)  -> (artifact id: '21e0eed87390b489e67a5a1d378f6128') in 0.059164 seconds 
  Import took 0.088990 seconds .

========================================================================
Received Import Request.
  Time since last request: 0.000220 seconds.
  path: Assets/Models/texttures 1/WhatsApp Image 2021-12-21 at 10.04.57 PM.jpeg
  artifactKey: Guid(376f7c705ccbd594f96dd280515d885d) Importer(815301076,1909f56bfc062723c751e8b465ee728b)
Start importing Assets/Models/texttures 1/WhatsApp Image 2021-12-21 at 10.04.57 PM.jpeg using Guid(376f7c705ccbd594f96dd280515d885d) Importer(815301076,1909f56bfc062723c751e8b465ee728b)  -> (artifact id: '69555cb4d785d75e38c3cfb5e57e5fd9') in 0.041397 seconds 
  Import took 0.061172 seconds .

========================================================================
Received Import Request.
  Time since last request: 0.000259 seconds.
  path: Assets/Models/texttures 1/WhatsApp Image 2021-12-21 at 10.04.57 PM (2).jpeg
  artifactKey: Guid(a793cab1dadf53644bd0b4134f690c5a) Importer(815301076,1909f56bfc062723c751e8b465ee728b)
Start importing Assets/Models/texttures 1/WhatsApp Image 2021-12-21 at 10.04.57 PM (2).jpeg using Guid(a793cab1dadf53644bd0b4134f690c5a) Importer(815301076,1909f56bfc062723c751e8b465ee728b)  -> (artifact id: '4152918a21aa6c1e3a0008c4197fc75f') in 0.038736 seconds 
  Import took 0.064668 seconds .

========================================================================
Received Import Request.
  Time since last request: 12.203594 seconds.
  path: Assets/Materials
  artifactKey: Guid(c774dfc0f72b04f44bdf0fee64177330) Importer(815301076,1909f56bfc062723c751e8b465ee728b)
Start importing Assets/Materials using Guid(c774dfc0f72b04f44bdf0fee64177330) Importer(815301076,1909f56bfc062723c751e8b465ee728b)  -> (artifact id: '1a84c9aa6abd99d9286d95ca13c3c78d') in 0.016176 seconds 
  Import took 0.074367 seconds .

========================================================================
Received Import Request.
  Time since last request: 31.623856 seconds.
  path: Assets/Models/texttures 1/trim sheet texture 1.mat
  artifactKey: Guid(36b49a7347fcf8c4b9d114e9b0fae55d) Importer(815301076,1909f56bfc062723c751e8b465ee728b)
Start importing Assets/Models/texttures 1/trim sheet texture 1.mat using Guid(36b49a7347fcf8c4b9d114e9b0fae55d) Importer(815301076,1909f56bfc062723c751e8b465ee728b)  -> (artifact id: '58214f22883aa2f4edd1718a1754e1a1') in 0.023970 seconds 
  Import took 0.046396 seconds .

========================================================================
Received Import Request.
  Time since last request: 52.423232 seconds.
  path: Assets/Models/texttures 1/WhatsApp Image 2021-12-21 at 10.04.57 PM (1).jpeg
  artifactKey: Guid(6dd54bbfc3ac4e1408766517dce47d03) Importer(815301076,1909f56bfc062723c751e8b465ee728b)
Start importing Assets/Models/texttures 1/WhatsApp Image 2021-12-21 at 10.04.57 PM (1).jpeg using Guid(6dd54bbfc3ac4e1408766517dce47d03) Importer(815301076,1909f56bfc062723c751e8b465ee728b)  -> (artifact id: '1a9fc52912f4fdd19cd5a5100f5fe22a') in 0.023943 seconds 
  Import took 0.034683 seconds .

========================================================================
Received Import Request.
  Time since last request: 29.924750 seconds.
  path: Assets/Models/texttures 1/trim sheet texture 1.mat
  artifactKey: Guid(36b49a7347fcf8c4b9d114e9b0fae55d) Importer(815301076,1909f56bfc062723c751e8b465ee728b)
Start importing Assets/Models/texttures 1/trim sheet texture 1.mat using Guid(36b49a7347fcf8c4b9d114e9b0fae55d) Importer(815301076,1909f56bfc062723c751e8b465ee728b)  -> (artifact id: 'a5655ae3bcee4004cb3f70b91e15faa6') in 0.055039 seconds 
  Import took 0.070640 seconds .

========================================================================
Received Import Request.
  Time since last request: 172.275442 seconds.
  path: Assets/Models/models 1/ram Variant.prefab
  artifactKey: Guid(cb06415849029df489c5eced5a0c2d92) Importer(815301076,1909f56bfc062723c751e8b465ee728b)
Start importing Assets/Models/models 1/ram Variant.prefab using Guid(cb06415849029df489c5eced5a0c2d92) Importer(815301076,1909f56bfc062723c751e8b465ee728b)  -> (artifact id: '0a86c70761b5de7dcd49a761a660c0a1') in 0.030246 seconds 
  Import took 0.049975 seconds .

========================================================================
Received Import Request.
  Time since last request: 8.121588 seconds.
  path: Assets/Models/models 1/wificard Variant.prefab
  artifactKey: Guid(7344af8e7ef35a7498320850a0d2b604) Importer(815301076,1909f56bfc062723c751e8b465ee728b)
Start importing Assets/Models/models 1/wificard Variant.prefab using Guid(7344af8e7ef35a7498320850a0d2b604) Importer(815301076,1909f56bfc062723c751e8b465ee728b)  -> (artifact id: '82cffab83756957afd2fed05f7b8c6ed') in 0.062041 seconds 
  Import took 0.082076 seconds .

========================================================================
Received Import Request.
  Time since last request: 3.757014 seconds.
  path: Assets/Models/models 1/cpu Variant.prefab
  artifactKey: Guid(e33db7eb69d90da46a285e6d19030df9) Importer(815301076,1909f56bfc062723c751e8b465ee728b)
Start importing Assets/Models/models 1/cpu Variant.prefab using Guid(e33db7eb69d90da46a285e6d19030df9) Importer(815301076,1909f56bfc062723c751e8b465ee728b)  -> (artifact id: '81db394e0c482fa6ef49b04b31916f5c') in 0.043796 seconds 
  Import took 0.069174 seconds .

========================================================================
Received Import Request.
  Time since last request: 269.914020 seconds.
  path: Assets/Models/texture 2/case
  artifactKey: Guid(839c5972dcafd864f9492d3c328d1643) Importer(815301076,1909f56bfc062723c751e8b465ee728b)
Start importing Assets/Models/texture 2/case using Guid(839c5972dcafd864f9492d3c328d1643) Importer(815301076,1909f56bfc062723c751e8b465ee728b)  -> (artifact id: '54fd236cdaf4509ee8e08f7e539463fd') in 0.009258 seconds 
  Import took 0.083849 seconds .

========================================================================
Received Import Request.
  Time since last request: 0.002669 seconds.
  path: Assets/Models/texture 2/case/Case_lambert2_BaseColor.1001.png
  artifactKey: Guid(27ddcc81b4c60f64aa6652fb4430b1a0) Importer(815301076,1909f56bfc062723c751e8b465ee728b)
Start importing Assets/Models/texture 2/case/Case_lambert2_BaseColor.1001.png using Guid(27ddcc81b4c60f64aa6652fb4430b1a0) Importer(815301076,1909f56bfc062723c751e8b465ee728b)  -> (artifact id: 'a07b3b2d8924fe486510a1687273e3e9') in 0.034262 seconds 
  Import took 0.092493 seconds .

========================================================================
Received Import Request.
  Time since last request: 0.000267 seconds.
  path: Assets/Models/texture 2/case/Case_lambert2_Height.1001.png
  artifactKey: Guid(99d4ec88f60549840a9d69afc54302bc) Importer(815301076,1909f56bfc062723c751e8b465ee728b)
Start importing Assets/Models/texture 2/case/Case_lambert2_Height.1001.png using Guid(99d4ec88f60549840a9d69afc54302bc) Importer(815301076,1909f56bfc062723c751e8b465ee728b)  -> (artifact id: '291dc69cd99877ef65bd7fc1ae2c9355') in 0.017684 seconds 
  Import took 0.038599 seconds .

========================================================================
Received Import Request.
  Time since last request: 0.000351 seconds.
  path: Assets/Models/texture 2/case/Case_lambert2_Metallic.1001.png
  artifactKey: Guid(752811ba43c8f484f96d20ae84a5dfcc) Importer(815301076,1909f56bfc062723c751e8b465ee728b)
Start importing Assets/Models/texture 2/case/Case_lambert2_Metallic.1001.png using Guid(752811ba43c8f484f96d20ae84a5dfcc) Importer(815301076,1909f56bfc062723c751e8b465ee728b)  -> (artifact id: '6201783a8e22d58ec15ba8b4bb22c59e') in 0.020219 seconds 
  Import took 0.065242 seconds .

========================================================================
Received Import Request.
  Time since last request: 0.000259 seconds.
  path: Assets/Models/texture 2/case/Case_lambert3_Roughness.1002.png
  artifactKey: Guid(a6a08c86d15b4c742945f36a4aa10a3c) Importer(815301076,1909f56bfc062723c751e8b465ee728b)
Start importing Assets/Models/texture 2/case/Case_lambert3_Roughness.1002.png using Guid(a6a08c86d15b4c742945f36a4aa10a3c) Importer(815301076,1909f56bfc062723c751e8b465ee728b)  -> (artifact id: 'd706af56464baa5742071b64e78455fa') in 0.017283 seconds 
  Import took 0.053871 seconds .

========================================================================
Received Import Request.
  Time since last request: 0.000410 seconds.
  path: Assets/Models/texture 2/case/Case_lambert3_Height.1002.png
  artifactKey: Guid(b0c1eefc975e0ec488d811e60317ffa4) Importer(815301076,1909f56bfc062723c751e8b465ee728b)
Start importing Assets/Models/texture 2/case/Case_lambert3_Height.1002.png using Guid(b0c1eefc975e0ec488d811e60317ffa4) Importer(815301076,1909f56bfc062723c751e8b465ee728b)  -> (artifact id: '69cb051e693395d1ee8dd549008b8398') in 0.017152 seconds 
  Import took 0.035492 seconds .

========================================================================
Received Import Request.
  Time since last request: 0.000326 seconds.
  path: Assets/Models/texture 2/case/Case_lambert3_Metallic.1002.png
  artifactKey: Guid(7b2db1331eb476c49908e23521c48238) Importer(815301076,1909f56bfc062723c751e8b465ee728b)
Start importing Assets/Models/texture 2/case/Case_lambert3_Metallic.1002.png using Guid(7b2db1331eb476c49908e23521c48238) Importer(815301076,1909f56bfc062723c751e8b465ee728b)  -> (artifact id: 'c5f5a0c9489f340d6af530a45fd757fe') in 0.019344 seconds 
  Import took 0.051977 seconds .

========================================================================
Received Import Request.
  Time since last request: 0.000280 seconds.
  path: Assets/Models/texture 2/case/Case_lambert2_Normal.1001.png
  artifactKey: Guid(caac87132b53ed742a57f8420fb39ca5) Importer(815301076,1909f56bfc062723c751e8b465ee728b)
Start importing Assets/Models/texture 2/case/Case_lambert2_Normal.1001.png using Guid(caac87132b53ed742a57f8420fb39ca5) Importer(815301076,1909f56bfc062723c751e8b465ee728b)  -> (artifact id: 'c59f0cc755b0f0f8eccaad489275e6d8') in 0.018143 seconds 
  Import took 0.022303 seconds .

========================================================================
Received Import Request.
  Time since last request: 0.000280 seconds.
  path: Assets/Models/texture 2/case/Case_lambert2_Roughness.1001.png
  artifactKey: Guid(46b4cd5aa4e1e0f42b8441a3287c225a) Importer(815301076,1909f56bfc062723c751e8b465ee728b)
Start importing Assets/Models/texture 2/case/Case_lambert2_Roughness.1001.png using Guid(46b4cd5aa4e1e0f42b8441a3287c225a) Importer(815301076,1909f56bfc062723c751e8b465ee728b)  -> (artifact id: '67227ce362906086334e16880bf038ec') in 0.020118 seconds 
  Import took 0.035060 seconds .

========================================================================
Received Import Request.
  Time since last request: 0.000413 seconds.
  path: Assets/Models/texture 2/case/Case_lambert3_BaseColor.1002.png
  artifactKey: Guid(25542ef53c112554e9b3d1498572bf40) Importer(815301076,1909f56bfc062723c751e8b465ee728b)
Start importing Assets/Models/texture 2/case/Case_lambert3_BaseColor.1002.png using Guid(25542ef53c112554e9b3d1498572bf40) Importer(815301076,1909f56bfc062723c751e8b465ee728b)  -> (artifact id: '3302936cfcfed80316eead104a6ee13d') in 0.020811 seconds 
  Import took 0.041738 seconds .

========================================================================
Received Import Request.
  Time since last request: 0.000428 seconds.
  path: Assets/Models/texture 2/case/Case_lambert3_Normal.1002.png
  artifactKey: Guid(ec15fe8cb09d3c345a12215122fbd05a) Importer(815301076,1909f56bfc062723c751e8b465ee728b)
Start importing Assets/Models/texture 2/case/Case_lambert3_Normal.1002.png using Guid(ec15fe8cb09d3c345a12215122fbd05a) Importer(815301076,1909f56bfc062723c751e8b465ee728b)  -> (artifact id: 'b6700d3242da59e174f9a28969fcb969') in 0.016073 seconds 
  Import took 0.020662 seconds .

========================================================================
Received Import Request.
  Time since last request: 178.471850 seconds.
  path: Assets/MRTK
  artifactKey: Guid(9227714a81d05f94f97443ce25f9c61a) Importer(815301076,1909f56bfc062723c751e8b465ee728b)
Start importing Assets/MRTK using Guid(9227714a81d05f94f97443ce25f9c61a) Importer(815301076,1909f56bfc062723c751e8b465ee728b)  -> (artifact id: '7afb4610317f858bc79698824c138bed') in 0.009764 seconds 
  Import took 0.299565 seconds .

========================================================================
Received Import Request.
  Time since last request: 19.863757 seconds.
  path: Assets/Models/models 2/Case.fbx
  artifactKey: Guid(ca5403a4e57ba494ba35a9d41c217cde) Importer(815301076,1909f56bfc062723c751e8b465ee728b)
Start importing Assets/Models/models 2/Case.fbx using Guid(ca5403a4e57ba494ba35a9d41c217cde) Importer(815301076,1909f56bfc062723c751e8b465ee728b)  -> (artifact id: '5cdf3e95c9b26c32a6da75eacf928335') in 0.027432 seconds 
  Import took 0.054430 seconds .

========================================================================
Received Import Request.
  Time since last request: 93.023360 seconds.
  path: Assets/Models/texture 2/Gpu
  artifactKey: Guid(7395d6022e4b88b4a8fa5b7e4afda83d) Importer(815301076,1909f56bfc062723c751e8b465ee728b)
Start importing Assets/Models/texture 2/Gpu using Guid(7395d6022e4b88b4a8fa5b7e4afda83d) Importer(815301076,1909f56bfc062723c751e8b465ee728b)  -> (artifact id: '5159e6887b5eacde47d04ba2e5972458') in 0.008990 seconds 
  Import took 0.052500 seconds .

========================================================================
Received Import Request.
  Time since last request: 0.040395 seconds.
  path: Assets/Models/texture 2/Gpu/GPU_lambert1_BaseColor.1001.png
  artifactKey: Guid(3602ff8220efb1e4aadd12d773940699) Importer(815301076,1909f56bfc062723c751e8b465ee728b)
Start importing Assets/Models/texture 2/Gpu/GPU_lambert1_BaseColor.1001.png using Guid(3602ff8220efb1e4aadd12d773940699) Importer(815301076,1909f56bfc062723c751e8b465ee728b)  -> (artifact id: 'f1d157ecf6b4e6f3544efe441c2d7198') in 0.017948 seconds 
  Import took 0.031192 seconds .

========================================================================
Received Import Request.
  Time since last request: 0.000247 seconds.
  path: Assets/Models/texture 2/Gpu/GPU_lambert1_Metallic.1001.png
  artifactKey: Guid(891ef8e85bd84c5418b94e0e98309dd5) Importer(815301076,1909f56bfc062723c751e8b465ee728b)
Start importing Assets/Models/texture 2/Gpu/GPU_lambert1_Metallic.1001.png using Guid(891ef8e85bd84c5418b94e0e98309dd5) Importer(815301076,1909f56bfc062723c751e8b465ee728b)  -> (artifact id: '5ef1e85167fecee50fe49a5c9a3794ab') in 0.019855 seconds 
  Import took 0.030779 seconds .

========================================================================
Received Import Request.
  Time since last request: 0.000438 seconds.
  path: Assets/Models/texture 2/Gpu/GPU_lambert1_Normal.1001.png
  artifactKey: Guid(6c726a5318a21c94892d0600b91908fd) Importer(815301076,1909f56bfc062723c751e8b465ee728b)
Start importing Assets/Models/texture 2/Gpu/GPU_lambert1_Normal.1001.png using Guid(6c726a5318a21c94892d0600b91908fd) Importer(815301076,1909f56bfc062723c751e8b465ee728b)  -> (artifact id: 'e7a68ab1a5bfaef86da6cc1123c1656f') in 0.017839 seconds 
  Import took 0.022692 seconds .

========================================================================
Received Import Request.
  Time since last request: 0.000333 seconds.
  path: Assets/Models/texture 2/Gpu/GPU_lambert1_Roughness.1001.png
  artifactKey: Guid(d76aba4a08c96e141a66aefcf14b5a12) Importer(815301076,1909f56bfc062723c751e8b465ee728b)
Start importing Assets/Models/texture 2/Gpu/GPU_lambert1_Roughness.1001.png using Guid(d76aba4a08c96e141a66aefcf14b5a12) Importer(815301076,1909f56bfc062723c751e8b465ee728b)  -> (artifact id: '20550d3a24f391600d94733e80cf0a75') in 0.023462 seconds 
  Import took 0.043263 seconds .

========================================================================
Received Import Request.
  Time since last request: 0.000271 seconds.
  path: Assets/Models/texture 2/Gpu/GPU_lambert1_Height.1001.png
  artifactKey: Guid(3138ca43285097b479d7e34742cca328) Importer(815301076,1909f56bfc062723c751e8b465ee728b)
Start importing Assets/Models/texture 2/Gpu/GPU_lambert1_Height.1001.png using Guid(3138ca43285097b479d7e34742cca328) Importer(815301076,1909f56bfc062723c751e8b465ee728b)  -> (artifact id: '4c796579cde03c8bbc93de2a705047ea') in 0.018536 seconds 
  Import took 0.024066 seconds .

========================================================================
Received Import Request.
  Time since last request: 2.408252 seconds.
  path: Assets/Models/texture 2/PSU
  artifactKey: Guid(4a51950072ed03b43b5a020c47979adb) Importer(815301076,1909f56bfc062723c751e8b465ee728b)
Start importing Assets/Models/texture 2/PSU using Guid(4a51950072ed03b43b5a020c47979adb) Importer(815301076,1909f56bfc062723c751e8b465ee728b)  -> (artifact id: '8d17c6807776d71b424f9c64aa42793a') in 0.009693 seconds 
  Import took 0.044513 seconds .

========================================================================
Received Import Request.
  Time since last request: 0.042731 seconds.
  path: Assets/Models/texture 2/PSU/PSU_lambert1_BaseColor.1001.png
  artifactKey: Guid(b73c7ccc656ef744ab01d6f6afbcf15e) Importer(815301076,1909f56bfc062723c751e8b465ee728b)
Start importing Assets/Models/texture 2/PSU/PSU_lambert1_BaseColor.1001.png using Guid(b73c7ccc656ef744ab01d6f6afbcf15e) Importer(815301076,1909f56bfc062723c751e8b465ee728b)  -> (artifact id: 'a096efe9ea7490d3eea8477b0f9d2827') in 0.016028 seconds 
  Import took 0.020451 seconds .

========================================================================
Received Import Request.
  Time since last request: 0.000330 seconds.
  path: Assets/Models/texture 2/PSU/PSU_lambert1_Metallic.1001.png
  artifactKey: Guid(932aebe0058773b4e863f27a98dfe3ad) Importer(815301076,1909f56bfc062723c751e8b465ee728b)
Start importing Assets/Models/texture 2/PSU/PSU_lambert1_Metallic.1001.png using Guid(932aebe0058773b4e863f27a98dfe3ad) Importer(815301076,1909f56bfc062723c751e8b465ee728b)  -> (artifact id: 'c9d257ab515a929fa4e05f264e83f847') in 0.023142 seconds 
  Import took 0.036997 seconds .

========================================================================
Received Import Request.
  Time since last request: 0.000343 seconds.
  path: Assets/Models/texture 2/PSU/PSU_lambert1_Height.1001.png
  artifactKey: Guid(cd22c829b003b47448bd5f6d2f4d9542) Importer(815301076,1909f56bfc062723c751e8b465ee728b)
Start importing Assets/Models/texture 2/PSU/PSU_lambert1_Height.1001.png using Guid(cd22c829b003b47448bd5f6d2f4d9542) Importer(815301076,1909f56bfc062723c751e8b465ee728b)  -> (artifact id: '9d613cc4caa72c7c573209581faff36b') in 0.017998 seconds 
  Import took 0.031595 seconds .

========================================================================
Received Import Request.
  Time since last request: 0.000239 seconds.
  path: Assets/Models/texture 2/PSU/PSU_lambert1_Roughness.1001.png
  artifactKey: Guid(22f8d95bd98c5b940a915a6ea49988ae) Importer(815301076,1909f56bfc062723c751e8b465ee728b)
Start importing Assets/Models/texture 2/PSU/PSU_lambert1_Roughness.1001.png using Guid(22f8d95bd98c5b940a915a6ea49988ae) Importer(815301076,1909f56bfc062723c751e8b465ee728b)  -> (artifact id: 'c1f9bf1f616f4f40d77d910899fb5620') in 0.018843 seconds 
  Import took 0.031422 seconds .

========================================================================
Received Import Request.
  Time since last request: 0.000224 seconds.
  path: Assets/Models/texture 2/PSU/PSU_lambert1_Normal.1001.png
  artifactKey: Guid(40499ad0c2dba454da878508895b3024) Importer(815301076,1909f56bfc062723c751e8b465ee728b)
Start importing Assets/Models/texture 2/PSU/PSU_lambert1_Normal.1001.png using Guid(40499ad0c2dba454da878508895b3024) Importer(815301076,1909f56bfc062723c751e8b465ee728b)  -> (artifact id: '2f1cf883fdc450bffdfcfbd405be8867') in 0.018714 seconds 
  Import took 0.043196 seconds .

========================================================================
Received Import Request.
  Time since last request: 50.083061 seconds.
  path: Assets/Models/texture 2/PSU/psu.mat
  artifactKey: Guid(a05f0b77478e3ad418dd809eb866e42e) Importer(815301076,1909f56bfc062723c751e8b465ee728b)
Start importing Assets/Models/texture 2/PSU/psu.mat using Guid(a05f0b77478e3ad418dd809eb866e42e) Importer(815301076,1909f56bfc062723c751e8b465ee728b)  -> (artifact id: '2d44c09e371174f5191b681a57cebc02') in 0.022733 seconds 
  Import took 0.043080 seconds .

AssetImportWorkerClient::OnTransportError - code=2 error=End of file
