Using pre-set license
Built from '2020.3/staging' branch; Version is '2020.3.20f1 (41c4e627c95f) revision 4310246'; Using compiler version '192528614'; Build Type 'Release'
OS: 'Windows 10 Home; OS build 19042.1415; Version 2009; 64bit' Language: 'en' Physical Memory: 24534 MB
BatchMode: 1, IsHumanControllingUs: 0, StartBugReporterOnCrash: 0, Is64bit: 1, IsPro: 0

COMMAND LINE ARGUMENTS:
C:\Program Files\Unity\Hub\Editor\2020.3.20f1\Editor\Unity.exe
-adb2
-batchMode
-noUpm
-name
AssetImportWorker2
-projectPath
D:/school/year 2 sem 2/ITD/ITDDDA-ASG2/Unity
-logFile
Logs/AssetImportWorker2.log
-srvPort
64352
Successfully changed project path to: D:/school/year 2 sem 2/ITD/ITDDDA-ASG2/Unity
D:/school/year 2 sem 2/ITD/ITDDDA-ASG2/Unity
Using Asset Import Pipeline V2.
Refreshing native plugins compatible for Editor in 254.03 ms, found 24 plugins.
Preloading 2 native plugins for Editor in 7.03 ms.
Initialize engine version: 2020.3.20f1 (41c4e627c95f)
[Subsystems] Discovering subsystems at path C:/Program Files/Unity/Hub/Editor/2020.3.20f1/Editor/Data/Resources/UnitySubsystems
[Subsystems] Discovering subsystems at path D:/school/year 2 sem 2/ITD/ITDDDA-ASG2/Unity/Assets
[Subsystems] No descriptors matched for  examples in Assets/MeshingFeaturePlugin/UnitySubsystemsManifest.json.
[Subsystems] No descriptors matched for  inputs in Assets/MeshingFeaturePlugin/UnitySubsystemsManifest.json.
[Subsystems] No descriptors matched for  displays in Assets/MeshingFeaturePlugin/UnitySubsystemsManifest.json.
[Subsystems] 1 'meshings' descriptors matched in Assets/MeshingFeaturePlugin/UnitySubsystemsManifest.json
GfxDevice: creating device client; threaded=0
Direct3D:
    Version:  Direct3D 11.0 [level 11.1]
    Renderer: NVIDIA GeForce GTX 1080 with Max-Q Design (ID=0x1be0)
    Vendor:   
    VRAM:     8079 MB
    Driver:   30.0.14.7196
Initialize mono
Mono path[0] = 'C:/Program Files/Unity/Hub/Editor/2020.3.20f1/Editor/Data/Managed'
Mono path[1] = 'C:/Program Files/Unity/Hub/Editor/2020.3.20f1/Editor/Data/MonoBleedingEdge/lib/mono/unityjit'
Mono config path = 'C:/Program Files/Unity/Hub/Editor/2020.3.20f1/Editor/Data/MonoBleedingEdge/etc'
Using monoOptions --debugger-agent=transport=dt_socket,embedding=1,server=y,suspend=n,address=127.0.0.1:56700
Begin MonoManager ReloadAssembly
Registering precompiled unity dll's ...
Register platform support module: C:/Program Files/Unity/Hub/Editor/2020.3.20f1/Editor/Data/PlaybackEngines/WindowsStandaloneSupport/UnityEditor.WindowsStandalone.Extensions.dll
Registered in 0.002808 seconds.
Native extension for WindowsStandalone target not found
Refreshing native plugins compatible for Editor in 167.80 ms, found 24 plugins.
Preloading 2 native plugins for Editor in 0.13 ms.
Mono: successfully reloaded assembly
- Completed reload, in  5.205 seconds
Domain Reload Profiling:
	ReloadAssembly (5206ms)
		BeginReloadAssembly (101ms)
			ExecutionOrderSort (0ms)
			DisableScriptedObjects (0ms)
			BackupInstance (0ms)
			ReleaseScriptingObjects (0ms)
			CreateAndSetChildDomain (1ms)
		EndReloadAssembly (1034ms)
			LoadAssemblies (97ms)
			RebuildTransferFunctionScriptingTraits (0ms)
			SetupTypeCache (326ms)
			ReleaseScriptCaches (0ms)
			RebuildScriptCaches (82ms)
			SetupLoadedEditorAssemblies (431ms)
				LogAssemblyErrors (0ms)
				InitializePlatformSupportModulesInManaged (7ms)
				SetLoadedEditorAssemblies (0ms)
				RefreshPlugins (168ms)
				BeforeProcessingInitializeOnLoad (41ms)
				ProcessInitializeOnLoadAttributes (152ms)
				ProcessInitializeOnLoadMethodAttributes (62ms)
				AfterProcessingInitializeOnLoad (0ms)
				EditorAssembliesLoaded (0ms)
			ExecutionOrderSort2 (0ms)
			AwakeInstancesAfterBackupRestoration (0ms)
Platform modules already initialized, skipping
Registering precompiled user dll's ...
Registered in 0.023221 seconds.
Begin MonoManager ReloadAssembly
Native extension for WindowsStandalone target not found
Refreshing native plugins compatible for Editor in 186.66 ms, found 24 plugins.
Preloading 2 native plugins for Editor in 0.18 ms.
[XR] OculusXRPlugin: registering subsystems
[XR] Unable to register display lifecyle provider: [1]
[XR] Oculus Input lifecycle provider registered.
[XR] Unable to register input lifecyle provider: [1]
System.Reflection.TargetInvocationException: Exception has been thrown by the target of an invocation. ---> System.NullReferenceException: Object reference not set to an instance of an object
  at Unity.XR.Oculus.OculusLoader.AssetPathToAbsolutePath (System.String assetPath) [0x00048] in D:\school\year 2 sem 2\ITD\ITDDDA-ASG2\Unity\Library\PackageCache\com.unity.xr.oculus@1.10.0\Runtime\OculusLoader.cs:250 
  at Unity.XR.Oculus.OculusLoader.EditorLoadOVRPlugin () [0x0007b] in D:\school\year 2 sem 2\ITD\ITDDDA-ASG2\Unity\Library\PackageCache\com.unity.xr.oculus@1.10.0\Runtime\OculusLoader.cs:235 
  at (wrapper managed-to-native) System.Reflection.MonoMethod.InternalInvoke(System.Reflection.MonoMethod,object,object[],System.Exception&)
  at System.Reflection.MonoMethod.Invoke (System.Object obj, System.Reflection.BindingFlags invokeAttr, System.Reflection.Binder binder, System.Object[] parameters, System.Globalization.CultureInfo culture) [0x00032] in <695d1cc93cca45069c528c15c9fdd749>:0 
   --- End of inner exception stack trace ---
  at System.Reflection.MonoMethod.Invoke (System.Object obj, System.Reflection.BindingFlags invokeAttr, System.Reflection.Binder binder, System.Object[] parameters, System.Globalization.CultureInfo culture) [0x00048] in <695d1cc93cca45069c528c15c9fdd749>:0 
  at System.Reflection.MethodBase.Invoke (System.Object obj, System.Object[] parameters) [0x00000] in <695d1cc93cca45069c528c15c9fdd749>:0 
  at UnityEditor.EditorAssemblies.ProcessInitializeOnLoadMethodAttributes () [0x00047] in <83a38f5397d94e36a22efa3369c82390>:0 
UnityEngine.StackTraceUtility:ExtractStackTrace ()
UnityEngine.DebugLogHandler:LogFormat (UnityEngine.LogType,UnityEngine.Object,string,object[])
UnityEngine.Logger:Log (UnityEngine.LogType,object)
UnityEngine.Debug:LogError (object)
UnityEditor.EditorAssemblies:ProcessInitializeOnLoadMethodAttributes ()

[XR] Error loading subsystem: Display (1) (header mismatch?)
[XR] [MROpenXR][Info   ][00:22:43.354610][tid:14d4] MeshProvider_RegisterLifecycleProvider
[XR] [MROpenXR][Info   ][00:22:43.354787][tid:14d4] InputProvider_RegisterLifeCycleProvider
[XR] [MROpenXR][Info   ][00:22:43.356361][tid:14d4] MicrosoftOpenXRPlugin_SetPluginEnvironment unityVersion=2020.3.20f1
[XR] [MROpenXR][Info   ][00:22:43.357195][tid:14d4] MicrosoftOpenXRPlugin_SetPluginEnvironment openXRPluginVersion=1.3.1
[XR] [MROpenXR][Info   ][00:22:43.357365][tid:14d4] MicrosoftOpenXRPlugin_SetPluginEnvironment mrOpenXRPluginVersion=1.2.1.0
[XR] [MROpenXR][Info   ][00:22:43.357554][tid:14d4] OnPluginStarted UnityVersion=2020.3.20f1 OpenXRPluginVersion=1.3.1 MROpenXRPluginVersion=1.2.1.0 PartA_PrivTags=33554432
Mono: successfully reloaded assembly
- Completed reload, in  5.704 seconds
Domain Reload Profiling:
	ReloadAssembly (5708ms)
		BeginReloadAssembly (325ms)
			ExecutionOrderSort (0ms)
			DisableScriptedObjects (11ms)
			BackupInstance (0ms)
			ReleaseScriptingObjects (0ms)
			CreateAndSetChildDomain (26ms)
		EndReloadAssembly (5254ms)
			LoadAssemblies (225ms)
			RebuildTransferFunctionScriptingTraits (0ms)
			SetupTypeCache (756ms)
			ReleaseScriptCaches (1ms)
			RebuildScriptCaches (188ms)
			SetupLoadedEditorAssemblies (3106ms)
				LogAssemblyErrors (0ms)
				InitializePlatformSupportModulesInManaged (13ms)
				SetLoadedEditorAssemblies (1ms)
				RefreshPlugins (187ms)
				BeforeProcessingInitializeOnLoad (238ms)
				ProcessInitializeOnLoadAttributes (1719ms)
				ProcessInitializeOnLoadMethodAttributes (931ms)
				AfterProcessingInitializeOnLoad (17ms)
				EditorAssembliesLoaded (1ms)
			ExecutionOrderSort2 (0ms)
			AwakeInstancesAfterBackupRestoration (17ms)
Platform modules already initialized, skipping
========================================================================
Worker process is ready to serve import requests
Launched and connected shader compiler UnityShaderCompiler.exe after 0.16 seconds
Refreshing native plugins compatible for Editor in 4.29 ms, found 24 plugins.
Preloading 2 native plugins for Editor in 0.18 ms.
Unloading 4084 Unused Serialized files (Serialized files now loaded: 0)
System memory in use before: 159.2 MB.
System memory in use after: 158.7 MB.

Unloading 136 unused Assets to reduce memory usage. Loaded Objects now: 4504.
Total: 8.438600 ms (FindLiveObjects: 0.432400 ms CreateObjectMapping: 0.511300 ms MarkObjects: 7.038800 ms  DeleteObjects: 0.453900 ms)

AssetImportParameters requested are different than current active one (requested -> active):
  custom:framework-win-MediaFoundation: 216162199b28c13a410421893ffa2e32 -> 
  custom:video-decoder-ogg-theora: a1e56fd34408186e4bbccfd4996cb3dc -> 
  custom:container-muxer-webm: aa71ff27fc2769a1b78a27578f13a17b -> 
  custom:container-demuxer-webm: 4f35f7cbe854078d1ac9338744f61a02 -> 
  custom:container-demuxer-ogg: 62fdf1f143b41e24485cea50d1cbac27 -> 
  custom:video-encoder-webm-vp8: eb34c28f22e8b96e1ab97ce403110664 -> 
  custom:video-codec-MediaFoundation-h265: 746d11721c4dcdbdad8f713fa42b33f4 -> 
  custom:video-decoder-webm-vp8: 9c59270c3fd7afecdb556c50c9e8de78 -> 
  custom:audio-decoder-ogg-vorbis: bf7c407c2cedff20999df2af8eb42d56 -> 
  custom:audio-encoder-webm-vorbis: bf7c407c2cedff20999df2af8eb42d56 -> 
========================================================================
Received Import Request.
  path: Assets/Scenes/SpeedRun.unity
  artifactKey: Guid(a7f776aa3c06e454bb542bf53db74b73) Importer(815301076,1909f56bfc062723c751e8b465ee728b)
Start importing Assets/Scenes/SpeedRun.unity using Guid(a7f776aa3c06e454bb542bf53db74b73) Importer(815301076,1909f56bfc062723c751e8b465ee728b)  -> (artifact id: 'd89e7a118fc2c9008898c8df195414b1') in 0.020328 seconds 
  Import took 0.032653 seconds .

========================================================================
Received Import Request.
  Time since last request: 205.767708 seconds.
  path: Assets/Scenes/SpeedRun.unity
  artifactKey: Guid(a7f776aa3c06e454bb542bf53db74b73) Importer(815301076,1909f56bfc062723c751e8b465ee728b)
Start importing Assets/Scenes/SpeedRun.unity using Guid(a7f776aa3c06e454bb542bf53db74b73) Importer(815301076,1909f56bfc062723c751e8b465ee728b)  -> (artifact id: 'd31059e3cdd10d81e4a4e4423b824c34') in 0.006791 seconds 
  Import took 0.017723 seconds .

========================================================================
Received Import Request.
  Time since last request: 182.765433 seconds.
  path: Assets/Scenes/SpeedRun.unity
  artifactKey: Guid(a7f776aa3c06e454bb542bf53db74b73) Importer(815301076,1909f56bfc062723c751e8b465ee728b)
Start importing Assets/Scenes/SpeedRun.unity using Guid(a7f776aa3c06e454bb542bf53db74b73) Importer(815301076,1909f56bfc062723c751e8b465ee728b)  -> (artifact id: '202e4c5f4919912ccb83011d5db7c1ca') in 0.007356 seconds 
  Import took 0.017911 seconds .

========================================================================
Received Import Request.
  Time since last request: 414.541115 seconds.
  path: Assets/Models/table.fbx
  artifactKey: Guid(77d0b76cb0e7f0544875200d0083224f) Importer(815301076,1909f56bfc062723c751e8b465ee728b)
Start importing Assets/Models/table.fbx using Guid(77d0b76cb0e7f0544875200d0083224f) Importer(815301076,1909f56bfc062723c751e8b465ee728b)  -> (artifact id: '679670097d36401c6e6c04e0c1f9ed7d') in 0.345935 seconds 
  Import took 0.379285 seconds .

========================================================================
Received Import Request.
  Time since last request: 12.269111 seconds.
  path: Assets/Materials/table_tex.zip
  artifactKey: Guid(906002fc5211f41498764025110756bb) Importer(815301076,1909f56bfc062723c751e8b465ee728b)
Start importing Assets/Materials/table_tex.zip using Guid(906002fc5211f41498764025110756bb) Importer(815301076,1909f56bfc062723c751e8b465ee728b)  -> (artifact id: '401d10c2a211e07c9ae3bb476f9bd121') in 0.025043 seconds 
  Import took 0.035854 seconds .

========================================================================
Received Import Request.
  Time since last request: 134.042861 seconds.
  path: Assets/Materials/table tex
  artifactKey: Guid(bf4287a5c6df6284280ef46f24fd46e1) Importer(815301076,1909f56bfc062723c751e8b465ee728b)
Start importing Assets/Materials/table tex using Guid(bf4287a5c6df6284280ef46f24fd46e1) Importer(815301076,1909f56bfc062723c751e8b465ee728b)  -> (artifact id: '47055c818c10ecfb110b7658e62b509d') in 0.013716 seconds 
  Import took 0.027389 seconds .

========================================================================
Received Import Request.
  Time since last request: 0.007424 seconds.
  path: Assets/Materials/table tex/UV1004_Base_color_1004.png
  artifactKey: Guid(03d35158f376aa04fb82047311c9fd63) Importer(815301076,1909f56bfc062723c751e8b465ee728b)
Start importing Assets/Materials/table tex/UV1004_Base_color_1004.png using Guid(03d35158f376aa04fb82047311c9fd63) Importer(815301076,1909f56bfc062723c751e8b465ee728b)  -> (artifact id: 'c867e67058f559ddd94dde5fc7d9b6f6') in 0.074930 seconds 
  Import took 0.087108 seconds .

========================================================================
Received Import Request.
  Time since last request: 0.000265 seconds.
  path: Assets/Materials/table tex/UV1004_Height_1004.png
  artifactKey: Guid(81cafa30bd6215e479e83ee8f6910296) Importer(815301076,1909f56bfc062723c751e8b465ee728b)
Start importing Assets/Materials/table tex/UV1004_Height_1004.png using Guid(81cafa30bd6215e479e83ee8f6910296) Importer(815301076,1909f56bfc062723c751e8b465ee728b)  -> (artifact id: '09adb3bf7766fae3dddd2c7d932c3199') in 0.036497 seconds 
  Import took 0.052107 seconds .

========================================================================
Received Import Request.
  Time since last request: 0.000400 seconds.
  path: Assets/Materials/table tex/UV1004_Normal_1004.png
  artifactKey: Guid(1f90a323024c47b46b25d2810e09803d) Importer(815301076,1909f56bfc062723c751e8b465ee728b)
Start importing Assets/Materials/table tex/UV1004_Normal_1004.png using Guid(1f90a323024c47b46b25d2810e09803d) Importer(815301076,1909f56bfc062723c751e8b465ee728b)  -> (artifact id: '44bfb489f571e28b3199d7d1e8d98019') in 0.041428 seconds 
  Import took 0.053522 seconds .

========================================================================
Received Import Request.
  Time since last request: 0.000410 seconds.
  path: Assets/Materials/table tex/UV1004_Normal_OpenGL_1004.png
  artifactKey: Guid(4d554c33e548b9044a253b0d2328551e) Importer(815301076,1909f56bfc062723c751e8b465ee728b)
Start importing Assets/Materials/table tex/UV1004_Normal_OpenGL_1004.png using Guid(4d554c33e548b9044a253b0d2328551e) Importer(815301076,1909f56bfc062723c751e8b465ee728b)  -> (artifact id: 'add9a13bed05f544d69a31020cdb9fbe') in 0.037382 seconds 
  Import took 0.058981 seconds .

========================================================================
Received Import Request.
  Time since last request: 0.000458 seconds.
  path: Assets/Materials/table tex/UV1004_Metallic_1004.png
  artifactKey: Guid(402023e8d17b8b34e88cfe172bc71bfa) Importer(815301076,1909f56bfc062723c751e8b465ee728b)
Start importing Assets/Materials/table tex/UV1004_Metallic_1004.png using Guid(402023e8d17b8b34e88cfe172bc71bfa) Importer(815301076,1909f56bfc062723c751e8b465ee728b)  -> (artifact id: '5eea39c63f204ef6dc80221e1c5e24cd') in 0.042482 seconds 
  Import took 0.064799 seconds .

========================================================================
Received Import Request.
  Time since last request: 0.000370 seconds.
  path: Assets/Materials/table tex/UV1004_Roughness_1004.png
  artifactKey: Guid(1d01c73042853364b921c3b3e3edb215) Importer(815301076,1909f56bfc062723c751e8b465ee728b)
Start importing Assets/Materials/table tex/UV1004_Roughness_1004.png using Guid(1d01c73042853364b921c3b3e3edb215) Importer(815301076,1909f56bfc062723c751e8b465ee728b)  -> (artifact id: 'f430462d39ba4583b941da2a6ae9c13c') in 0.033773 seconds 
  Import took 0.050629 seconds .

========================================================================
Received Import Request.
  Time since last request: 21.817419 seconds.
  path: Assets/Materials/Table.mat
  artifactKey: Guid(6c7348522a9429c449ae7beb129f49c3) Importer(815301076,1909f56bfc062723c751e8b465ee728b)
Start importing Assets/Materials/Table.mat using Guid(6c7348522a9429c449ae7beb129f49c3) Importer(815301076,1909f56bfc062723c751e8b465ee728b)  -> (artifact id: '66324ac1bf5b4398d22e6c234e9bbcc4') in 0.035006 seconds 
  Import took 0.110627 seconds .

========================================================================
Received Import Request.
  Time since last request: 21.643600 seconds.
  path: Assets/Materials/table tex/UV1004_Normal_1004.png
  artifactKey: Guid(1f90a323024c47b46b25d2810e09803d) Importer(815301076,1909f56bfc062723c751e8b465ee728b)
Start importing Assets/Materials/table tex/UV1004_Normal_1004.png using Guid(1f90a323024c47b46b25d2810e09803d) Importer(815301076,1909f56bfc062723c751e8b465ee728b)  -> (artifact id: 'cdada33ab83c19bb138bbf4c13681f21') in 0.035098 seconds 
  Import took 0.051910 seconds .

========================================================================
Received Import Request.
  Time since last request: 17.920388 seconds.
  path: Assets/Samples/OpenXR Plugin/1.3.1/Controller/Materials/Blue.mat
  artifactKey: Guid(d3293c07c46938149bd6b68f6f5ab4d1) Importer(815301076,1909f56bfc062723c751e8b465ee728b)
Start importing Assets/Samples/OpenXR Plugin/1.3.1/Controller/Materials/Blue.mat using Guid(d3293c07c46938149bd6b68f6f5ab4d1) Importer(815301076,1909f56bfc062723c751e8b465ee728b)  -> (artifact id: '4a8cde5994438b0861575309b6601ed6') in 0.072156 seconds 
  Import took 0.097377 seconds .

========================================================================
Received Import Request.
  Time since last request: 0.001216 seconds.
  path: Assets/Materials/GPU/gpu 1.mat
  artifactKey: Guid(cf02c60a593ece04e909787766e3794a) Importer(815301076,1909f56bfc062723c751e8b465ee728b)
Start importing Assets/Materials/GPU/gpu 1.mat using Guid(cf02c60a593ece04e909787766e3794a) Importer(815301076,1909f56bfc062723c751e8b465ee728b)  -> (artifact id: 'd746474daf6d4bd7934d5a070e17e93d') in 0.068425 seconds 
  Import took 0.107575 seconds .

========================================================================
Received Import Request.
  Time since last request: 0.000318 seconds.
  path: Assets/Samples/OpenXR Plugin/1.3.1/Controller/Materials/Green.mat
  artifactKey: Guid(be5bedb9f42770549af7600305d316fd) Importer(815301076,1909f56bfc062723c751e8b465ee728b)
Start importing Assets/Samples/OpenXR Plugin/1.3.1/Controller/Materials/Green.mat using Guid(be5bedb9f42770549af7600305d316fd) Importer(815301076,1909f56bfc062723c751e8b465ee728b)  -> (artifact id: 'a37ca19b57dc641d44e8eff090d827ca') in 0.054703 seconds 
  Import took 0.070296 seconds .

========================================================================
Received Import Request.
  Time since last request: 4.199120 seconds.
  path: Assets/Models/table.fbx
  artifactKey: Guid(77d0b76cb0e7f0544875200d0083224f) Importer(815301076,1909f56bfc062723c751e8b465ee728b)
Start importing Assets/Models/table.fbx using Guid(77d0b76cb0e7f0544875200d0083224f) Importer(815301076,1909f56bfc062723c751e8b465ee728b)  -> (artifact id: 'eabfb627444da1a4a1bdc419d45e5efe') in 0.030606 seconds 
  Import took 0.212392 seconds .

========================================================================
Received Prepare
Registering precompiled user dll's ...
Registered in 0.024310 seconds.
Begin MonoManager ReloadAssembly
Native extension for WindowsStandalone target not found
Refreshing native plugins compatible for Editor in 5.33 ms, found 24 plugins.
Preloading 2 native plugins for Editor in 0.14 ms.
System.Reflection.TargetInvocationException: Exception has been thrown by the target of an invocation. ---> System.NullReferenceException: Object reference not set to an instance of an object
  at Unity.XR.Oculus.OculusLoader.AssetPathToAbsolutePath (System.String assetPath) [0x00048] in D:\school\year 2 sem 2\ITD\ITDDDA-ASG2\Unity\Library\PackageCache\com.unity.xr.oculus@1.10.0\Runtime\OculusLoader.cs:250 
  at Unity.XR.Oculus.OculusLoader.EditorLoadOVRPlugin () [0x0007b] in D:\school\year 2 sem 2\ITD\ITDDDA-ASG2\Unity\Library\PackageCache\com.unity.xr.oculus@1.10.0\Runtime\OculusLoader.cs:235 
  at (wrapper managed-to-native) System.Reflection.MonoMethod.InternalInvoke(System.Reflection.MonoMethod,object,object[],System.Exception&)
  at System.Reflection.MonoMethod.Invoke (System.Object obj, System.Reflection.BindingFlags invokeAttr, System.Reflection.Binder binder, System.Object[] parameters, System.Globalization.CultureInfo culture) [0x00032] in <695d1cc93cca45069c528c15c9fdd749>:0 
   --- End of inner exception stack trace ---
  at System.Reflection.MonoMethod.Invoke (System.Object obj, System.Reflection.BindingFlags invokeAttr, System.Reflection.Binder binder, System.Object[] parameters, System.Globalization.CultureInfo culture) [0x00048] in <695d1cc93cca45069c528c15c9fdd749>:0 
  at System.Reflection.MethodBase.Invoke (System.Object obj, System.Object[] parameters) [0x00000] in <695d1cc93cca45069c528c15c9fdd749>:0 
  at UnityEditor.EditorAssemblies.ProcessInitializeOnLoadMethodAttributes () [0x00047] in <83a38f5397d94e36a22efa3369c82390>:0 
UnityEngine.StackTraceUtility:ExtractStackTrace ()
UnityEngine.DebugLogHandler:LogFormat (UnityEngine.LogType,UnityEngine.Object,string,object[])
UnityEngine.Logger:Log (UnityEngine.LogType,object)
UnityEngine.Debug:LogError (object)
UnityEditor.EditorAssemblies:ProcessInitializeOnLoadMethodAttributes ()

Error when attempting to update scene info fields. Scene info data may be stale.
UnityEngine.StackTraceUtility:ExtractStackTrace ()
UnityEngine.DebugLogHandler:LogFormat (UnityEngine.LogType,UnityEngine.Object,string,object[])
UnityEngine.Logger:Log (UnityEngine.LogType,object)
UnityEngine.Debug:LogWarning (object)
Microsoft.MixedReality.Toolkit.Editor.SceneInfoUtils:RefreshSceneInfoFieldsInScriptableObjects () (at Library/PackageCache/com.microsoft.mixedreality.toolkit.foundation@da389552da9a-1639973714987/Core/Inspectors/PropertyDrawers/SceneInfoUtils.cs:313)
Microsoft.MixedReality.Toolkit.Editor.SceneInfoUtils:InitializeOnLoad () (at Library/PackageCache/com.microsoft.mixedreality.toolkit.foundation@da389552da9a-1639973714987/Core/Inspectors/PropertyDrawers/SceneInfoUtils.cs:231)
System.Reflection.MonoMethod:Invoke (object,System.Reflection.BindingFlags,System.Reflection.Binder,object[],System.Globalization.CultureInfo)
System.Reflection.MethodBase:Invoke (object,object[])
UnityEditor.EditorAssemblies:ProcessInitializeOnLoadMethodAttributes ()

(Filename: Library/PackageCache/com.microsoft.mixedreality.toolkit.foundation@da389552da9a-1639973714987/Core/Inspectors/PropertyDrawers/SceneInfoUtils.cs Line: 313)

[XR] [MROpenXR][Info   ][00:41:21.497144][tid:14d4] MicrosoftOpenXRPlugin_SetPluginEnvironment unityVersion=2020.3.20f1
[XR] [MROpenXR][Info   ][00:41:21.498567][tid:14d4] MicrosoftOpenXRPlugin_SetPluginEnvironment openXRPluginVersion=1.3.1
[XR] [MROpenXR][Info   ][00:41:21.498759][tid:14d4] MicrosoftOpenXRPlugin_SetPluginEnvironment mrOpenXRPluginVersion=1.2.1.0
[XR] [MROpenXR][Info   ][00:41:21.499084][tid:14d4] OnPluginStarted UnityVersion=2020.3.20f1 OpenXRPluginVersion=1.3.1 MROpenXRPluginVersion=1.2.1.0 PartA_PrivTags=33554432
Mono: successfully reloaded assembly
- Completed reload, in  5.716 seconds
Domain Reload Profiling:
	ReloadAssembly (5717ms)
		BeginReloadAssembly (263ms)
			ExecutionOrderSort (0ms)
			DisableScriptedObjects (9ms)
			BackupInstance (0ms)
			ReleaseScriptingObjects (0ms)
			CreateAndSetChildDomain (93ms)
		EndReloadAssembly (5317ms)
			LoadAssemblies (298ms)
			RebuildTransferFunctionScriptingTraits (0ms)
			SetupTypeCache (967ms)
			ReleaseScriptCaches (2ms)
			RebuildScriptCaches (148ms)
			SetupLoadedEditorAssemblies (3201ms)
				LogAssemblyErrors (0ms)
				InitializePlatformSupportModulesInManaged (12ms)
				SetLoadedEditorAssemblies (1ms)
				RefreshPlugins (6ms)
				BeforeProcessingInitializeOnLoad (250ms)
				ProcessInitializeOnLoadAttributes (2091ms)
				ProcessInitializeOnLoadMethodAttributes (817ms)
				AfterProcessingInitializeOnLoad (23ms)
				EditorAssembliesLoaded (1ms)
			ExecutionOrderSort2 (0ms)
			AwakeInstancesAfterBackupRestoration (49ms)
Platform modules already initialized, skipping
Refreshing native plugins compatible for Editor in 2.04 ms, found 24 plugins.
Preloading 2 native plugins for Editor in 0.12 ms.
Unloading 3981 Unused Serialized files (Serialized files now loaded: 0)
System memory in use before: 204.7 MB.
System memory in use after: 204.2 MB.

Unloading 125 unused Assets to reduce memory usage. Loaded Objects now: 4553.
Total: 9.618500 ms (FindLiveObjects: 0.869900 ms CreateObjectMapping: 0.503500 ms MarkObjects: 7.908100 ms  DeleteObjects: 0.335400 ms)

AssetImportParameters requested are different than current active one (requested -> active):
  custom:framework-win-MediaFoundation: 216162199b28c13a410421893ffa2e32 -> 
  custom:video-decoder-ogg-theora: a1e56fd34408186e4bbccfd4996cb3dc -> 
  custom:container-muxer-webm: aa71ff27fc2769a1b78a27578f13a17b -> 
  custom:container-demuxer-webm: 4f35f7cbe854078d1ac9338744f61a02 -> 
  custom:container-demuxer-ogg: 62fdf1f143b41e24485cea50d1cbac27 -> 
  custom:video-encoder-webm-vp8: eb34c28f22e8b96e1ab97ce403110664 -> 
  custom:video-codec-MediaFoundation-h265: 746d11721c4dcdbdad8f713fa42b33f4 -> 
  custom:video-decoder-webm-vp8: 9c59270c3fd7afecdb556c50c9e8de78 -> 
  custom:audio-decoder-ogg-vorbis: bf7c407c2cedff20999df2af8eb42d56 -> 
  custom:audio-encoder-webm-vorbis: bf7c407c2cedff20999df2af8eb42d56 -> 
========================================================================
Received Import Request.
  Time since last request: 377.575033 seconds.
  path: Assets/Materials/New Material.mat
  artifactKey: Guid(e221cf400709aeb4cb3f15e51947107d) Importer(815301076,1909f56bfc062723c751e8b465ee728b)
Start importing Assets/Materials/New Material.mat using Guid(e221cf400709aeb4cb3f15e51947107d) Importer(815301076,1909f56bfc062723c751e8b465ee728b)  -> (artifact id: '8994c00fb022ab6b0949b06d4f986c21') in 0.134340 seconds 
  Import took 0.148442 seconds .

========================================================================
Received Import Request.
  Time since last request: 242.239810 seconds.
  path: Assets/Materials/New Material.mat
  artifactKey: Guid(e221cf400709aeb4cb3f15e51947107d) Importer(815301076,1909f56bfc062723c751e8b465ee728b)
Start importing Assets/Materials/New Material.mat using Guid(e221cf400709aeb4cb3f15e51947107d) Importer(815301076,1909f56bfc062723c751e8b465ee728b)  -> (artifact id: '2ad763b2e4ca6904e40d3b76ba2b0e47') in 0.022978 seconds 
  Import took 0.055259 seconds .

========================================================================
Received Import Request.
  Time since last request: 0.000324 seconds.
  path: Assets/Materials/Table.mat
  artifactKey: Guid(6c7348522a9429c449ae7beb129f49c3) Importer(815301076,1909f56bfc062723c751e8b465ee728b)
Start importing Assets/Materials/Table.mat using Guid(6c7348522a9429c449ae7beb129f49c3) Importer(815301076,1909f56bfc062723c751e8b465ee728b)  -> (artifact id: '41f6c10bf9e9b54eb506eb45370a0971') in 0.046541 seconds 
  Import took 0.060617 seconds .

========================================================================
Received Prepare
Registering precompiled user dll's ...
Registered in 0.023817 seconds.
Begin MonoManager ReloadAssembly
Native extension for WindowsStandalone target not found
Refreshing native plugins compatible for Editor in 3.83 ms, found 24 plugins.
Preloading 2 native plugins for Editor in 0.23 ms.
System.Reflection.TargetInvocationException: Exception has been thrown by the target of an invocation. ---> System.NullReferenceException: Object reference not set to an instance of an object
  at Unity.XR.Oculus.OculusLoader.AssetPathToAbsolutePath (System.String assetPath) [0x00048] in D:\school\year 2 sem 2\ITD\ITDDDA-ASG2\Unity\Library\PackageCache\com.unity.xr.oculus@1.10.0\Runtime\OculusLoader.cs:250 
  at Unity.XR.Oculus.OculusLoader.EditorLoadOVRPlugin () [0x0007b] in D:\school\year 2 sem 2\ITD\ITDDDA-ASG2\Unity\Library\PackageCache\com.unity.xr.oculus@1.10.0\Runtime\OculusLoader.cs:235 
  at (wrapper managed-to-native) System.Reflection.MonoMethod.InternalInvoke(System.Reflection.MonoMethod,object,object[],System.Exception&)
  at System.Reflection.MonoMethod.Invoke (System.Object obj, System.Reflection.BindingFlags invokeAttr, System.Reflection.Binder binder, System.Object[] parameters, System.Globalization.CultureInfo culture) [0x00032] in <695d1cc93cca45069c528c15c9fdd749>:0 
   --- End of inner exception stack trace ---
  at System.Reflection.MonoMethod.Invoke (System.Object obj, System.Reflection.BindingFlags invokeAttr, System.Reflection.Binder binder, System.Object[] parameters, System.Globalization.CultureInfo culture) [0x00048] in <695d1cc93cca45069c528c15c9fdd749>:0 
  at System.Reflection.MethodBase.Invoke (System.Object obj, System.Object[] parameters) [0x00000] in <695d1cc93cca45069c528c15c9fdd749>:0 
  at UnityEditor.EditorAssemblies.ProcessInitializeOnLoadMethodAttributes () [0x00047] in <83a38f5397d94e36a22efa3369c82390>:0 
UnityEngine.StackTraceUtility:ExtractStackTrace ()
UnityEngine.DebugLogHandler:LogFormat (UnityEngine.LogType,UnityEngine.Object,string,object[])
UnityEngine.Logger:Log (UnityEngine.LogType,object)
UnityEngine.Debug:LogError (object)
UnityEditor.EditorAssemblies:ProcessInitializeOnLoadMethodAttributes ()

Error when attempting to update scene info fields. Scene info data may be stale.
UnityEngine.StackTraceUtility:ExtractStackTrace ()
UnityEngine.DebugLogHandler:LogFormat (UnityEngine.LogType,UnityEngine.Object,string,object[])
UnityEngine.Logger:Log (UnityEngine.LogType,object)
UnityEngine.Debug:LogWarning (object)
Microsoft.MixedReality.Toolkit.Editor.SceneInfoUtils:RefreshSceneInfoFieldsInScriptableObjects () (at Library/PackageCache/com.microsoft.mixedreality.toolkit.foundation@da389552da9a-1639973714987/Core/Inspectors/PropertyDrawers/SceneInfoUtils.cs:313)
Microsoft.MixedReality.Toolkit.Editor.SceneInfoUtils:InitializeOnLoad () (at Library/PackageCache/com.microsoft.mixedreality.toolkit.foundation@da389552da9a-1639973714987/Core/Inspectors/PropertyDrawers/SceneInfoUtils.cs:231)
System.Reflection.MonoMethod:Invoke (object,System.Reflection.BindingFlags,System.Reflection.Binder,object[],System.Globalization.CultureInfo)
System.Reflection.MethodBase:Invoke (object,object[])
UnityEditor.EditorAssemblies:ProcessInitializeOnLoadMethodAttributes ()

(Filename: Library/PackageCache/com.microsoft.mixedreality.toolkit.foundation@da389552da9a-1639973714987/Core/Inspectors/PropertyDrawers/SceneInfoUtils.cs Line: 313)

[XR] [MROpenXR][Info   ][00:51:55.747299][tid:14d4] MicrosoftOpenXRPlugin_SetPluginEnvironment unityVersion=2020.3.20f1
[XR] [MROpenXR][Info   ][00:51:55.747870][tid:14d4] MicrosoftOpenXRPlugin_SetPluginEnvironment openXRPluginVersion=1.3.1
[XR] [MROpenXR][Info   ][00:51:55.747933][tid:14d4] MicrosoftOpenXRPlugin_SetPluginEnvironment mrOpenXRPluginVersion=1.2.1.0
[XR] [MROpenXR][Info   ][00:51:55.748022][tid:14d4] OnPluginStarted UnityVersion=2020.3.20f1 OpenXRPluginVersion=1.3.1 MROpenXRPluginVersion=1.2.1.0 PartA_PrivTags=33554432
Mono: successfully reloaded assembly
- Completed reload, in  3.805 seconds
Domain Reload Profiling:
	ReloadAssembly (3806ms)
		BeginReloadAssembly (240ms)
			ExecutionOrderSort (0ms)
			DisableScriptedObjects (9ms)
			BackupInstance (0ms)
			ReleaseScriptingObjects (0ms)
			CreateAndSetChildDomain (85ms)
		EndReloadAssembly (3437ms)
			LoadAssemblies (202ms)
			RebuildTransferFunctionScriptingTraits (0ms)
			SetupTypeCache (790ms)
			ReleaseScriptCaches (1ms)
			RebuildScriptCaches (101ms)
			SetupLoadedEditorAssemblies (1999ms)
				LogAssemblyErrors (0ms)
				InitializePlatformSupportModulesInManaged (12ms)
				SetLoadedEditorAssemblies (1ms)
				RefreshPlugins (4ms)
				BeforeProcessingInitializeOnLoad (163ms)
				ProcessInitializeOnLoadAttributes (1178ms)
				ProcessInitializeOnLoadMethodAttributes (631ms)
				AfterProcessingInitializeOnLoad (10ms)
				EditorAssembliesLoaded (1ms)
			ExecutionOrderSort2 (0ms)
			AwakeInstancesAfterBackupRestoration (22ms)
Platform modules already initialized, skipping
Refreshing native plugins compatible for Editor in 1.94 ms, found 24 plugins.
Preloading 2 native plugins for Editor in 0.13 ms.
Unloading 3995 Unused Serialized files (Serialized files now loaded: 0)
System memory in use before: 193.3 MB.
System memory in use after: 192.9 MB.

Unloading 125 unused Assets to reduce memory usage. Loaded Objects now: 4571.
Total: 7.339000 ms (FindLiveObjects: 0.451400 ms CreateObjectMapping: 0.254000 ms MarkObjects: 6.300900 ms  DeleteObjects: 0.331100 ms)

AssetImportParameters requested are different than current active one (requested -> active):
  custom:framework-win-MediaFoundation: 216162199b28c13a410421893ffa2e32 -> 
  custom:video-decoder-ogg-theora: a1e56fd34408186e4bbccfd4996cb3dc -> 
  custom:container-muxer-webm: aa71ff27fc2769a1b78a27578f13a17b -> 
  custom:container-demuxer-webm: 4f35f7cbe854078d1ac9338744f61a02 -> 
  custom:container-demuxer-ogg: 62fdf1f143b41e24485cea50d1cbac27 -> 
  custom:video-encoder-webm-vp8: eb34c28f22e8b96e1ab97ce403110664 -> 
  custom:video-codec-MediaFoundation-h265: 746d11721c4dcdbdad8f713fa42b33f4 -> 
  custom:video-decoder-webm-vp8: 9c59270c3fd7afecdb556c50c9e8de78 -> 
  custom:audio-decoder-ogg-vorbis: bf7c407c2cedff20999df2af8eb42d56 -> 
  custom:audio-encoder-webm-vorbis: bf7c407c2cedff20999df2af8eb42d56 -> 
========================================================================
Received Import Request.
  Time since last request: 152.096765 seconds.
  path: Assets/Customizable_Furnture
  artifactKey: Guid(edf9ce049278ff046a9fe54ea375f828) Importer(815301076,1909f56bfc062723c751e8b465ee728b)
Start importing Assets/Customizable_Furnture using Guid(edf9ce049278ff046a9fe54ea375f828) Importer(815301076,1909f56bfc062723c751e8b465ee728b)  -> (artifact id: '8ad369a506a1ff4205866b09765e79d0') in 0.033198 seconds 
  Import took 0.077599 seconds .

========================================================================
Received Import Request.
  Time since last request: 5.615526 seconds.
  path: Assets/Customizable_Furnture/BedroomScene
  artifactKey: Guid(7d05e0385aab79a4ea3abd55409276b3) Importer(815301076,1909f56bfc062723c751e8b465ee728b)
Start importing Assets/Customizable_Furnture/BedroomScene using Guid(7d05e0385aab79a4ea3abd55409276b3) Importer(815301076,1909f56bfc062723c751e8b465ee728b)  -> (artifact id: '7ffcbb977684fb20082fe7899f6f0baa') in 0.012736 seconds 
  Import took 0.027147 seconds .

========================================================================
Received Import Request.
  Time since last request: 3.334986 seconds.
  path: Assets/Customizable_Furnture/Prefabs
  artifactKey: Guid(afeca34adfee16f4b9178717f9e24de9) Importer(815301076,1909f56bfc062723c751e8b465ee728b)
Start importing Assets/Customizable_Furnture/Prefabs using Guid(afeca34adfee16f4b9178717f9e24de9) Importer(815301076,1909f56bfc062723c751e8b465ee728b)  -> (artifact id: '3da4575e0a5ea41a4db135fe29e8cf82') in 0.026008 seconds 
  Import took 0.036492 seconds .

========================================================================
Received Import Request.
  Time since last request: 1.434570 seconds.
  path: Assets/Customizable_Furnture/Prefabs/Bedrooms
  artifactKey: Guid(d86715f2d9f564c49ab3d0326ac8236f) Importer(815301076,1909f56bfc062723c751e8b465ee728b)
Start importing Assets/Customizable_Furnture/Prefabs/Bedrooms using Guid(d86715f2d9f564c49ab3d0326ac8236f) Importer(815301076,1909f56bfc062723c751e8b465ee728b)  -> (artifact id: 'f52f8aa2873d41d192e93fa8a9a30da2') in 0.015596 seconds 
  Import took 0.029081 seconds .

========================================================================
Received Import Request.
  Time since last request: 1.193029 seconds.
  path: Assets/Customizable_Furnture/Prefabs/Bedrooms/BedDesks
  artifactKey: Guid(a0394e1ee8db79c4597b51df5fa5f420) Importer(815301076,1909f56bfc062723c751e8b465ee728b)
Start importing Assets/Customizable_Furnture/Prefabs/Bedrooms/BedDesks using Guid(a0394e1ee8db79c4597b51df5fa5f420) Importer(815301076,1909f56bfc062723c751e8b465ee728b)  -> (artifact id: 'ac2833fe2ec7f069fdd5483ada6b9352') in 0.022343 seconds 
  Import took 0.050372 seconds .

========================================================================
Received Import Request.
  Time since last request: 0.027927 seconds.
  path: Assets/Customizable_Furnture/Prefabs/Bedrooms/BedDesks/Bed Desk Type 2.prefab
  artifactKey: Guid(65d0f065a3e2ad547b9cc3844a9937d7) Importer(815301076,1909f56bfc062723c751e8b465ee728b)
Start importing Assets/Customizable_Furnture/Prefabs/Bedrooms/BedDesks/Bed Desk Type 2.prefab using Guid(65d0f065a3e2ad547b9cc3844a9937d7) Importer(815301076,1909f56bfc062723c751e8b465ee728b)  -> (artifact id: '049c2f2795175fce43e89c3dc745b5d0') in 0.498068 seconds 
  Import took 0.524445 seconds .

========================================================================
Received Import Request.
  Time since last request: 2.206405 seconds.
  path: Assets/Customizable_Furnture/Prefabs/Bedrooms/BedPillows
  artifactKey: Guid(e4922fa90e8219443aacc9b376e870b0) Importer(815301076,1909f56bfc062723c751e8b465ee728b)
Start importing Assets/Customizable_Furnture/Prefabs/Bedrooms/BedPillows using Guid(e4922fa90e8219443aacc9b376e870b0) Importer(815301076,1909f56bfc062723c751e8b465ee728b)  -> (artifact id: 'd8f0ac1166761acbae3c438dadd673a1') in 0.009762 seconds 
  Import took 0.021811 seconds .

========================================================================
Received Import Request.
  Time since last request: 0.056872 seconds.
  path: Assets/Customizable_Furnture/Prefabs/Bedrooms/BedPillows/Bed Pillow Round Long.prefab
  artifactKey: Guid(69067b22d2d1ca24fa75bb54836c13cd) Importer(815301076,1909f56bfc062723c751e8b465ee728b)
Start importing Assets/Customizable_Furnture/Prefabs/Bedrooms/BedPillows/Bed Pillow Round Long.prefab using Guid(69067b22d2d1ca24fa75bb54836c13cd) Importer(815301076,1909f56bfc062723c751e8b465ee728b)  -> (artifact id: '90c2ef282753e6824e8977850d134cbc') in 0.040189 seconds 
  Import took 0.052366 seconds .

========================================================================
Received Import Request.
  Time since last request: 0.000292 seconds.
  path: Assets/Customizable_Furnture/Prefabs/Bedrooms/BedPillows/Bed Pillow Square Small.prefab
  artifactKey: Guid(061426d728645854fbccd8aa0920a59c) Importer(815301076,1909f56bfc062723c751e8b465ee728b)
Start importing Assets/Customizable_Furnture/Prefabs/Bedrooms/BedPillows/Bed Pillow Square Small.prefab using Guid(061426d728645854fbccd8aa0920a59c) Importer(815301076,1909f56bfc062723c751e8b465ee728b)  -> (artifact id: '77cb2e81b979e329910a6f6877a41ff7') in 0.045023 seconds 
  Import took 0.058447 seconds .

========================================================================
Received Import Request.
  Time since last request: 1.553478 seconds.
  path: Assets/Customizable_Furnture/Prefabs/Bedrooms/DressingTables
  artifactKey: Guid(1c1f4a745b3f70c4b9c614c759435110) Importer(815301076,1909f56bfc062723c751e8b465ee728b)
Start importing Assets/Customizable_Furnture/Prefabs/Bedrooms/DressingTables using Guid(1c1f4a745b3f70c4b9c614c759435110) Importer(815301076,1909f56bfc062723c751e8b465ee728b)  -> (artifact id: 'a9f20cc524c44cc526d57c6548fb82ff') in 0.017661 seconds 
  Import took 0.030522 seconds .

========================================================================
Received Import Request.
  Time since last request: 0.049826 seconds.
  path: Assets/Customizable_Furnture/Prefabs/Bedrooms/DressingTables/DressingTable Type5.prefab
  artifactKey: Guid(5782841bb7f4b7541a289e9ee9a6ead1) Importer(815301076,1909f56bfc062723c751e8b465ee728b)
Start importing Assets/Customizable_Furnture/Prefabs/Bedrooms/DressingTables/DressingTable Type5.prefab using Guid(5782841bb7f4b7541a289e9ee9a6ead1) Importer(815301076,1909f56bfc062723c751e8b465ee728b)  -> (artifact id: '5513f4727e6ea82f8d7a605aa2292be9') in 0.184197 seconds 
  Import took 0.211229 seconds .

========================================================================
Received Import Request.
  Time since last request: 1.534864 seconds.
  path: Assets/Customizable_Furnture/Prefabs/Bedrooms/LongBeds
  artifactKey: Guid(e833c5f1c6d59164d8915bfdb539c369) Importer(815301076,1909f56bfc062723c751e8b465ee728b)
Start importing Assets/Customizable_Furnture/Prefabs/Bedrooms/LongBeds using Guid(e833c5f1c6d59164d8915bfdb539c369) Importer(815301076,1909f56bfc062723c751e8b465ee728b)  -> (artifact id: '77095b5b03771182d606bc55591a5b60') in 0.010662 seconds 
  Import took 0.021198 seconds .

========================================================================
Received Import Request.
  Time since last request: 0.024534 seconds.
  path: Assets/Customizable_Furnture/Prefabs/Bedrooms/LongBeds/Long Bed Type 1.prefab
  artifactKey: Guid(8440a040fa5dbaa4cbca2cf52adeb4dc) Importer(815301076,1909f56bfc062723c751e8b465ee728b)
Start importing Assets/Customizable_Furnture/Prefabs/Bedrooms/LongBeds/Long Bed Type 1.prefab using Guid(8440a040fa5dbaa4cbca2cf52adeb4dc) Importer(815301076,1909f56bfc062723c751e8b465ee728b)  -> (artifact id: '1a05d2adb00bf2bb214b90ade665e416') in 0.080834 seconds 
  Import took 0.096188 seconds .

========================================================================
Received Import Request.
  Time since last request: 128.918157 seconds.
  path: Assets/Customizable_Furnture/Prefabs/Clocks
  artifactKey: Guid(6ed7a6158985a0b48b2233cb3eff689a) Importer(815301076,1909f56bfc062723c751e8b465ee728b)
Start importing Assets/Customizable_Furnture/Prefabs/Clocks using Guid(6ed7a6158985a0b48b2233cb3eff689a) Importer(815301076,1909f56bfc062723c751e8b465ee728b)  -> (artifact id: 'b1fdb18ae9e57846294729b13b67791b') in 0.021320 seconds 
  Import took 0.048065 seconds .

========================================================================
Received Import Request.
  Time since last request: 0.994254 seconds.
  path: Assets/Customizable_Furnture/Prefabs/Clocks/TableClocks
  artifactKey: Guid(fd3d7fc21403f7447bc15a1bb000918e) Importer(815301076,1909f56bfc062723c751e8b465ee728b)
Start importing Assets/Customizable_Furnture/Prefabs/Clocks/TableClocks using Guid(fd3d7fc21403f7447bc15a1bb000918e) Importer(815301076,1909f56bfc062723c751e8b465ee728b)  -> (artifact id: 'a000dbf74430f5fd055e957047805d3e') in 0.010118 seconds 
  Import took 0.020836 seconds .

========================================================================
Received Import Request.
  Time since last request: 0.051584 seconds.
  path: Assets/Customizable_Furnture/Prefabs/Clocks/TableClocks/TableClock Type3.prefab
  artifactKey: Guid(574ea592a0ebb814c8e7dad54ba216ba) Importer(815301076,1909f56bfc062723c751e8b465ee728b)
Start importing Assets/Customizable_Furnture/Prefabs/Clocks/TableClocks/TableClock Type3.prefab using Guid(574ea592a0ebb814c8e7dad54ba216ba) Importer(815301076,1909f56bfc062723c751e8b465ee728b)  -> (artifact id: '1ba2b16bab96289dbcdd54af14d022ad') in 0.218371 seconds 
  Import took 0.276868 seconds .

========================================================================
Received Import Request.
  Time since last request: 40.486908 seconds.
  path: Assets/Customizable_Furnture/Prefabs/Decoration
  artifactKey: Guid(6f44e0df2f3af2847852db0b80376a13) Importer(815301076,1909f56bfc062723c751e8b465ee728b)
Start importing Assets/Customizable_Furnture/Prefabs/Decoration using Guid(6f44e0df2f3af2847852db0b80376a13) Importer(815301076,1909f56bfc062723c751e8b465ee728b)  -> (artifact id: 'daf1f02f20ab65ffc0028347f056e6fc') in 0.010376 seconds 
  Import took 0.020479 seconds .

========================================================================
Received Import Request.
  Time since last request: 4.419095 seconds.
  path: Assets/Customizable_Furnture/Prefabs/Fans
  artifactKey: Guid(9b4619c7e464f8948a9d912fd0102cef) Importer(815301076,1909f56bfc062723c751e8b465ee728b)
Start importing Assets/Customizable_Furnture/Prefabs/Fans using Guid(9b4619c7e464f8948a9d912fd0102cef) Importer(815301076,1909f56bfc062723c751e8b465ee728b)  -> (artifact id: '1263c6375c8b9b53ef276272dc235ad6') in 0.010561 seconds 
  Import took 0.022822 seconds .

========================================================================
Received Import Request.
  Time since last request: 0.003093 seconds.
  path: Assets/Customizable_Furnture/Prefabs/Fans/Fan_3.prefab
  artifactKey: Guid(ef94d4274068ef047aaa846843c42d3a) Importer(815301076,1909f56bfc062723c751e8b465ee728b)
Start importing Assets/Customizable_Furnture/Prefabs/Fans/Fan_3.prefab using Guid(ef94d4274068ef047aaa846843c42d3a) Importer(815301076,1909f56bfc062723c751e8b465ee728b)  -> (artifact id: '16d6621a62f0043b2db4d67a982a16c2') in 0.055573 seconds 
  Import took 0.070746 seconds .

========================================================================
Received Import Request.
  Time since last request: 47.625509 seconds.
  path: Assets/Customizable_Furnture/Prefabs/Lamps
  artifactKey: Guid(2c1ddfbb7b822da4db8192933aa456a3) Importer(815301076,1909f56bfc062723c751e8b465ee728b)
Start importing Assets/Customizable_Furnture/Prefabs/Lamps using Guid(2c1ddfbb7b822da4db8192933aa456a3) Importer(815301076,1909f56bfc062723c751e8b465ee728b)  -> (artifact id: '3b19d897faea4812c0f0431eaabe20bf') in 0.009892 seconds 
  Import took 0.020825 seconds .

========================================================================
Received Import Request.
  Time since last request: 0.705474 seconds.
  path: Assets/Customizable_Furnture/Prefabs/Lamps/TableLamp
  artifactKey: Guid(bee0b46f20f2d5e489253c8f635b4ab9) Importer(815301076,1909f56bfc062723c751e8b465ee728b)
Start importing Assets/Customizable_Furnture/Prefabs/Lamps/TableLamp using Guid(bee0b46f20f2d5e489253c8f635b4ab9) Importer(815301076,1909f56bfc062723c751e8b465ee728b)  -> (artifact id: '6dac42dbe76b98e8770a9d73d3d8a339') in 0.012765 seconds 
  Import took 0.026444 seconds .

========================================================================
Received Import Request.
  Time since last request: 0.027248 seconds.
  path: Assets/Customizable_Furnture/Prefabs/Lamps/TableLamp/SingleLamp_Type12.prefab
  artifactKey: Guid(7c26144cd2b34a446be62fbbe9216cec) Importer(815301076,1909f56bfc062723c751e8b465ee728b)
Start importing Assets/Customizable_Furnture/Prefabs/Lamps/TableLamp/SingleLamp_Type12.prefab using Guid(7c26144cd2b34a446be62fbbe9216cec) Importer(815301076,1909f56bfc062723c751e8b465ee728b)  -> (artifact id: '509b7311a6ea02d6e7c3d71e209f70f0') in 0.170662 seconds 
  Import took 0.196488 seconds .

