Using pre-set license
Built from '2020.3/staging' branch; Version is '2020.3.20f1 (41c4e627c95f) revision 4310246'; Using compiler version '192528614'; Build Type 'Release'
OS: 'Windows 10 Home; OS build 22000.376; Version 2009; 64bit' Language: 'en' Physical Memory: 16230 MB
BatchMode: 1, IsHumanControllingUs: 0, StartBugReporterOnCrash: 0, Is64bit: 1, IsPro: 0

COMMAND LINE ARGUMENTS:
D:\Unity\2020.3.20f1\Editor\Unity.exe
-adb2
-batchMode
-noUpm
-name
AssetImportWorker1
-projectPath
D:/Ngee Ann/Mirror/year 2/Sem 2/ITD/ITD-ASG2/ITDDDA-ASG2/Unity
-logFile
Logs/AssetImportWorker1.log
-srvPort
61595
Successfully changed project path to: D:/Ngee Ann/Mirror/year 2/Sem 2/ITD/ITD-ASG2/ITDDDA-ASG2/Unity
D:/Ngee Ann/Mirror/year 2/Sem 2/ITD/ITD-ASG2/ITDDDA-ASG2/Unity
Using Asset Import Pipeline V2.
Refreshing native plugins compatible for Editor in 124.15 ms, found 21 plugins.
Preloading 1 native plugins for Editor in 1.54 ms.
Initialize engine version: 2020.3.20f1 (41c4e627c95f)
[Subsystems] Discovering subsystems at path D:/Unity/2020.3.20f1/Editor/Data/Resources/UnitySubsystems
[Subsystems] Discovering subsystems at path D:/Ngee Ann/Mirror/year 2/Sem 2/ITD/ITD-ASG2/ITDDDA-ASG2/Unity/Assets
[Subsystems] No descriptors matched for  examples in Assets/MeshingFeaturePlugin/UnitySubsystemsManifest.json.
[Subsystems] No descriptors matched for  inputs in Assets/MeshingFeaturePlugin/UnitySubsystemsManifest.json.
[Subsystems] No descriptors matched for  displays in Assets/MeshingFeaturePlugin/UnitySubsystemsManifest.json.
[Subsystems] 1 'meshings' descriptors matched in Assets/MeshingFeaturePlugin/UnitySubsystemsManifest.json
GfxDevice: creating device client; threaded=0
Direct3D:
    Version:  Direct3D 11.0 [level 11.1]
    Renderer: NVIDIA GeForce GTX 1060 (ID=0x1c20)
    Vendor:   
    VRAM:     6052 MB
    Driver:   30.0.14.9729
Initialize mono
Mono path[0] = 'D:/Unity/2020.3.20f1/Editor/Data/Managed'
Mono path[1] = 'D:/Unity/2020.3.20f1/Editor/Data/MonoBleedingEdge/lib/mono/unityjit'
Mono config path = 'D:/Unity/2020.3.20f1/Editor/Data/MonoBleedingEdge/etc'
Using monoOptions --debugger-agent=transport=dt_socket,embedding=1,server=y,suspend=n,address=127.0.0.1:56100
Begin MonoManager ReloadAssembly
Registering precompiled unity dll's ...
Register platform support module: D:/Unity/2020.3.20f1/Editor/Data/PlaybackEngines/WindowsStandaloneSupport/UnityEditor.WindowsStandalone.Extensions.dll
Registered in 0.003854 seconds.
Native extension for WindowsStandalone target not found
Refreshing native plugins compatible for Editor in 55.26 ms, found 21 plugins.
Preloading 1 native plugins for Editor in 0.19 ms.
Mono: successfully reloaded assembly
- Completed reload, in  2.708 seconds
Domain Reload Profiling:
	ReloadAssembly (2708ms)
		BeginReloadAssembly (97ms)
			ExecutionOrderSort (0ms)
			DisableScriptedObjects (0ms)
			BackupInstance (0ms)
			ReleaseScriptingObjects (0ms)
			CreateAndSetChildDomain (1ms)
		EndReloadAssembly (545ms)
			LoadAssemblies (92ms)
			RebuildTransferFunctionScriptingTraits (0ms)
			SetupTypeCache (204ms)
			ReleaseScriptCaches (0ms)
			RebuildScriptCaches (32ms)
			SetupLoadedEditorAssemblies (197ms)
				LogAssemblyErrors (0ms)
				InitializePlatformSupportModulesInManaged (4ms)
				SetLoadedEditorAssemblies (0ms)
				RefreshPlugins (56ms)
				BeforeProcessingInitializeOnLoad (17ms)
				ProcessInitializeOnLoadAttributes (81ms)
				ProcessInitializeOnLoadMethodAttributes (40ms)
				AfterProcessingInitializeOnLoad (0ms)
				EditorAssembliesLoaded (0ms)
			ExecutionOrderSort2 (0ms)
			AwakeInstancesAfterBackupRestoration (0ms)
Platform modules already initialized, skipping
Registering precompiled user dll's ...
Registered in 0.039087 seconds.
Begin MonoManager ReloadAssembly
Native extension for WindowsStandalone target not found
Refreshing native plugins compatible for Editor in 66.67 ms, found 21 plugins.
Preloading 1 native plugins for Editor in 0.24 ms.
Mono: successfully reloaded assembly
- Completed reload, in  1.965 seconds
Domain Reload Profiling:
	ReloadAssembly (1966ms)
		BeginReloadAssembly (249ms)
			ExecutionOrderSort (0ms)
			DisableScriptedObjects (5ms)
			BackupInstance (0ms)
			ReleaseScriptingObjects (0ms)
			CreateAndSetChildDomain (23ms)
		EndReloadAssembly (1580ms)
			LoadAssemblies (207ms)
			RebuildTransferFunctionScriptingTraits (0ms)
			SetupTypeCache (466ms)
			ReleaseScriptCaches (1ms)
			RebuildScriptCaches (72ms)
			SetupLoadedEditorAssemblies (593ms)
				LogAssemblyErrors (0ms)
				InitializePlatformSupportModulesInManaged (4ms)
				SetLoadedEditorAssemblies (0ms)
				RefreshPlugins (67ms)
				BeforeProcessingInitializeOnLoad (142ms)
				ProcessInitializeOnLoadAttributes (352ms)
				ProcessInitializeOnLoadMethodAttributes (11ms)
				AfterProcessingInitializeOnLoad (15ms)
				EditorAssembliesLoaded (0ms)
			ExecutionOrderSort2 (0ms)
			AwakeInstancesAfterBackupRestoration (11ms)
Platform modules already initialized, skipping
========================================================================
Worker process is ready to serve import requests
Launched and connected shader compiler UnityShaderCompiler.exe after 0.26 seconds
Refreshing native plugins compatible for Editor in 1.53 ms, found 21 plugins.
Preloading 1 native plugins for Editor in 6.52 ms.
Unloading 2719 Unused Serialized files (Serialized files now loaded: 0)
System memory in use before: 112.1 MB.
System memory in use after: 112.3 MB.

Unloading 71 unused Assets to reduce memory usage. Loaded Objects now: 3124.
Total: 3.870800 ms (FindLiveObjects: 0.281900 ms CreateObjectMapping: 0.129600 ms MarkObjects: 3.350000 ms  DeleteObjects: 0.108200 ms)

AssetImportParameters requested are different than current active one (requested -> active):
  custom:framework-win-MediaFoundation: 216162199b28c13a410421893ffa2e32 -> 
  custom:video-decoder-ogg-theora: a1e56fd34408186e4bbccfd4996cb3dc -> 
  custom:container-muxer-webm: aa71ff27fc2769a1b78a27578f13a17b -> 
  custom:container-demuxer-webm: 4f35f7cbe854078d1ac9338744f61a02 -> 
  custom:container-demuxer-ogg: 62fdf1f143b41e24485cea50d1cbac27 -> 
  custom:video-encoder-webm-vp8: eb34c28f22e8b96e1ab97ce403110664 -> 
  custom:video-decoder-webm-vp8: 9c59270c3fd7afecdb556c50c9e8de78 -> 
  custom:audio-decoder-ogg-vorbis: bf7c407c2cedff20999df2af8eb42d56 -> 
  custom:audio-encoder-webm-vorbis: bf7c407c2cedff20999df2af8eb42d56 -> 
========================================================================
Received Import Request.
  path: Assets/Animation/screw.controller
  artifactKey: Guid(abae54f8b724b5840b2529bb098ddb10) Importer(815301076,1909f56bfc062723c751e8b465ee728b)
Start importing Assets/Animation/screw.controller using Guid(abae54f8b724b5840b2529bb098ddb10) Importer(815301076,1909f56bfc062723c751e8b465ee728b)  -> (artifact id: 'b96a50aafa57e2374c506c961567fc7b') in 0.104265 seconds 
  Import took 0.126040 seconds .

========================================================================
Received Import Request.
  Time since last request: 183.472510 seconds.
  path: Assets/Models/screw.prefab
  artifactKey: Guid(fde33f2f673dabd4493535f9923f53d5) Importer(815301076,1909f56bfc062723c751e8b465ee728b)
Start importing Assets/Models/screw.prefab using Guid(fde33f2f673dabd4493535f9923f53d5) Importer(815301076,1909f56bfc062723c751e8b465ee728b)  -> (artifact id: '4eddadb047bc658c80890996b6918ad3') in 0.466298 seconds 
  Import took 0.482555 seconds .

========================================================================
Received Import Request.
  Time since last request: 6.991418 seconds.
  path: Assets/Models/rotation
  artifactKey: Guid(000412694caaf874cbc479eac43ce746) Importer(815301076,1909f56bfc062723c751e8b465ee728b)
Start importing Assets/Models/rotation using Guid(000412694caaf874cbc479eac43ce746) Importer(815301076,1909f56bfc062723c751e8b465ee728b)  -> (artifact id: '02f4cac5b7f60d3256d73d76c5f25502') in 0.010450 seconds 
  Import took 0.037043 seconds .

========================================================================
Received Import Request.
  Time since last request: 86.872261 seconds.
  path: Assets/Models/rotation/5_-_1_-_Rotate.jpg
  artifactKey: Guid(3cd82554e6053fb49810606a028b9861) Importer(815301076,1909f56bfc062723c751e8b465ee728b)
Start importing Assets/Models/rotation/5_-_1_-_Rotate.jpg using Guid(3cd82554e6053fb49810606a028b9861) Importer(815301076,1909f56bfc062723c751e8b465ee728b)  -> (artifact id: 'b22ea2d09572a5084e9ce2bc93052551') in 0.115897 seconds 
  Import took 0.139942 seconds .

========================================================================
Received Import Request.
  Time since last request: 233.861652 seconds.
  path: Assets/Models/rotation/Rotate.png
  artifactKey: Guid(fac484327abcc8c4b9c69fa4e9feddbd) Importer(815301076,1909f56bfc062723c751e8b465ee728b)
Start importing Assets/Models/rotation/Rotate.png using Guid(fac484327abcc8c4b9c69fa4e9feddbd) Importer(815301076,1909f56bfc062723c751e8b465ee728b)  -> (artifact id: '4475fb534ac223ffa3fbd252e6920312') in 0.068175 seconds 
  Import took 0.100026 seconds .

========================================================================
Received Import Request.
  Time since last request: 29.449938 seconds.
  path: Assets/Models/rotation/Materials
  artifactKey: Guid(85a0dd35318beae4d8cf0aa0a9a60d80) Importer(815301076,1909f56bfc062723c751e8b465ee728b)
Start importing Assets/Models/rotation/Materials using Guid(85a0dd35318beae4d8cf0aa0a9a60d80) Importer(815301076,1909f56bfc062723c751e8b465ee728b)  -> (artifact id: '7f89a04b218fdd6f8b8e3d233383eb78') in 0.046303 seconds 
  Import took 0.067449 seconds .

========================================================================
Received Import Request.
  Time since last request: 65.049446 seconds.
  path: Assets/Animation/screw.controller
  artifactKey: Guid(abae54f8b724b5840b2529bb098ddb10) Importer(815301076,1909f56bfc062723c751e8b465ee728b)
Start importing Assets/Animation/screw.controller using Guid(abae54f8b724b5840b2529bb098ddb10) Importer(815301076,1909f56bfc062723c751e8b465ee728b)  -> (artifact id: '7df72ceea9c841cbfdb067f5a0998d01') in 0.111549 seconds 
  Import took 0.138823 seconds .

========================================================================
Received Import Request.
  Time since last request: 11.604750 seconds.
  path: Assets/Materials/Screw/screw_UV1001_BaseColor.1001.png
  artifactKey: Guid(6eea45c76087f1a4696c9c09dbf6a90a) Importer(815301076,1909f56bfc062723c751e8b465ee728b)
Start importing Assets/Materials/Screw/screw_UV1001_BaseColor.1001.png using Guid(6eea45c76087f1a4696c9c09dbf6a90a) Importer(815301076,1909f56bfc062723c751e8b465ee728b)  -> (artifact id: '4016404af60c5ef849385a491f10698e') in 0.167940 seconds 
  Import took 0.172812 seconds .

========================================================================
Received Import Request.
  Time since last request: 0.000306 seconds.
  path: Assets/Materials/Screw/screw_UV1001_Metalness.1001.png
  artifactKey: Guid(34dff81e97c1f5643a327a7673bbbfcc) Importer(815301076,1909f56bfc062723c751e8b465ee728b)
Start importing Assets/Materials/Screw/screw_UV1001_Metalness.1001.png using Guid(34dff81e97c1f5643a327a7673bbbfcc) Importer(815301076,1909f56bfc062723c751e8b465ee728b)  -> (artifact id: '34d700d7583524791047cedd3cdb6d02') in 0.254551 seconds 
  Import took 0.273377 seconds .

========================================================================
Received Import Request.
  Time since last request: 0.000297 seconds.
  path: Assets/Materials/Screw/screw_UV1001_Normal.1001.png
  artifactKey: Guid(5bdd98470b9347440b1c67440ca89870) Importer(815301076,1909f56bfc062723c751e8b465ee728b)
Start importing Assets/Materials/Screw/screw_UV1001_Normal.1001.png using Guid(5bdd98470b9347440b1c67440ca89870) Importer(815301076,1909f56bfc062723c751e8b465ee728b)  -> (artifact id: 'f7c88343845b9e0f66ad241b1f7a0dc7') in 0.161764 seconds 
  Import took 0.179982 seconds .

========================================================================
Received Import Request.
  Time since last request: 0.000263 seconds.
  path: Assets/Materials/Screw/screw_UV1001_Roughness.1001.png
  artifactKey: Guid(4c5c80d7462dc4947b7da989b51066ca) Importer(815301076,1909f56bfc062723c751e8b465ee728b)
Start importing Assets/Materials/Screw/screw_UV1001_Roughness.1001.png using Guid(4c5c80d7462dc4947b7da989b51066ca) Importer(815301076,1909f56bfc062723c751e8b465ee728b)  -> (artifact id: '4e18ae26fad640b05a05fea1bf9833fa') in 0.113870 seconds 
  Import took 0.137514 seconds .

========================================================================
Received Import Request.
  Time since last request: 0.000221 seconds.
  path: Assets/Materials/Screw/screw_UV1001_Height.1001.png
  artifactKey: Guid(4803dd211cbed3b4e8b17db5c6d0b85c) Importer(815301076,1909f56bfc062723c751e8b465ee728b)
Start importing Assets/Materials/Screw/screw_UV1001_Height.1001.png using Guid(4803dd211cbed3b4e8b17db5c6d0b85c) Importer(815301076,1909f56bfc062723c751e8b465ee728b)  -> (artifact id: '4bd8ba7b96b4daa5ecded324e6af173e') in 0.111858 seconds 
  Import took 0.142329 seconds .

========================================================================
Received Prepare
Registering precompiled user dll's ...
Registered in 2.140051 seconds.
Begin MonoManager ReloadAssembly
Native extension for WindowsStandalone target not found
Refreshing native plugins compatible for Editor in 1.18 ms, found 21 plugins.
Preloading 1 native plugins for Editor in 13.56 ms.
Mono: successfully reloaded assembly
- Completed reload, in  1.483 seconds
Domain Reload Profiling:
	ReloadAssembly (1484ms)
		BeginReloadAssembly (175ms)
			ExecutionOrderSort (0ms)
			DisableScriptedObjects (5ms)
			BackupInstance (0ms)
			ReleaseScriptingObjects (0ms)
			CreateAndSetChildDomain (64ms)
		EndReloadAssembly (1233ms)
			LoadAssemblies (128ms)
			RebuildTransferFunctionScriptingTraits (0ms)
			SetupTypeCache (319ms)
			ReleaseScriptCaches (1ms)
			RebuildScriptCaches (41ms)
			SetupLoadedEditorAssemblies (516ms)
				LogAssemblyErrors (0ms)
				InitializePlatformSupportModulesInManaged (5ms)
				SetLoadedEditorAssemblies (1ms)
				RefreshPlugins (15ms)
				BeforeProcessingInitializeOnLoad (132ms)
				ProcessInitializeOnLoadAttributes (333ms)
				ProcessInitializeOnLoadMethodAttributes (12ms)
				AfterProcessingInitializeOnLoad (18ms)
				EditorAssembliesLoaded (0ms)
			ExecutionOrderSort2 (0ms)
			AwakeInstancesAfterBackupRestoration (10ms)
Platform modules already initialized, skipping
Refreshing native plugins compatible for Editor in 1.62 ms, found 21 plugins.
Preloading 1 native plugins for Editor in 0.30 ms.
Unloading 2649 Unused Serialized files (Serialized files now loaded: 0)
System memory in use before: 112.1 MB.
System memory in use after: 112.3 MB.

Unloading 64 unused Assets to reduce memory usage. Loaded Objects now: 3137.
Total: 4.397200 ms (FindLiveObjects: 0.370700 ms CreateObjectMapping: 0.197100 ms MarkObjects: 3.775500 ms  DeleteObjects: 0.052300 ms)

AssetImportParameters requested are different than current active one (requested -> active):
  custom:framework-win-MediaFoundation: 216162199b28c13a410421893ffa2e32 -> 
  custom:video-decoder-ogg-theora: a1e56fd34408186e4bbccfd4996cb3dc -> 
  custom:container-muxer-webm: aa71ff27fc2769a1b78a27578f13a17b -> 
  custom:container-demuxer-webm: 4f35f7cbe854078d1ac9338744f61a02 -> 
  custom:container-demuxer-ogg: 62fdf1f143b41e24485cea50d1cbac27 -> 
  custom:video-encoder-webm-vp8: eb34c28f22e8b96e1ab97ce403110664 -> 
  custom:video-decoder-webm-vp8: 9c59270c3fd7afecdb556c50c9e8de78 -> 
  custom:audio-decoder-ogg-vorbis: bf7c407c2cedff20999df2af8eb42d56 -> 
  custom:audio-encoder-webm-vorbis: bf7c407c2cedff20999df2af8eb42d56 -> 
========================================================================
Received Prepare
Registering precompiled user dll's ...
Registered in 0.048379 seconds.
Begin MonoManager ReloadAssembly
Native extension for WindowsStandalone target not found
Refreshing native plugins compatible for Editor in 2.24 ms, found 21 plugins.
Preloading 1 native plugins for Editor in 0.21 ms.
Mono: successfully reloaded assembly
- Completed reload, in  1.889 seconds
Domain Reload Profiling:
	ReloadAssembly (1890ms)
		BeginReloadAssembly (203ms)
			ExecutionOrderSort (0ms)
			DisableScriptedObjects (6ms)
			BackupInstance (0ms)
			ReleaseScriptingObjects (0ms)
			CreateAndSetChildDomain (56ms)
		EndReloadAssembly (1578ms)
			LoadAssemblies (188ms)
			RebuildTransferFunctionScriptingTraits (0ms)
			SetupTypeCache (491ms)
			ReleaseScriptCaches (1ms)
			RebuildScriptCaches (65ms)
			SetupLoadedEditorAssemblies (651ms)
				LogAssemblyErrors (0ms)
				InitializePlatformSupportModulesInManaged (7ms)
				SetLoadedEditorAssemblies (1ms)
				RefreshPlugins (3ms)
				BeforeProcessingInitializeOnLoad (161ms)
				ProcessInitializeOnLoadAttributes (452ms)
				ProcessInitializeOnLoadMethodAttributes (11ms)
				AfterProcessingInitializeOnLoad (16ms)
				EditorAssembliesLoaded (1ms)
			ExecutionOrderSort2 (0ms)
			AwakeInstancesAfterBackupRestoration (9ms)
Platform modules already initialized, skipping
Refreshing native plugins compatible for Editor in 2.66 ms, found 21 plugins.
Preloading 1 native plugins for Editor in 0.23 ms.
Unloading 2649 Unused Serialized files (Serialized files now loaded: 0)
System memory in use before: 112.1 MB.
System memory in use after: 112.4 MB.

Unloading 64 unused Assets to reduce memory usage. Loaded Objects now: 3140.
Total: 6.326200 ms (FindLiveObjects: 0.351100 ms CreateObjectMapping: 0.260600 ms MarkObjects: 5.655500 ms  DeleteObjects: 0.057600 ms)

AssetImportParameters requested are different than current active one (requested -> active):
  custom:framework-win-MediaFoundation: 216162199b28c13a410421893ffa2e32 -> 
  custom:video-decoder-ogg-theora: a1e56fd34408186e4bbccfd4996cb3dc -> 
  custom:container-muxer-webm: aa71ff27fc2769a1b78a27578f13a17b -> 
  custom:container-demuxer-webm: 4f35f7cbe854078d1ac9338744f61a02 -> 
  custom:container-demuxer-ogg: 62fdf1f143b41e24485cea50d1cbac27 -> 
  custom:video-encoder-webm-vp8: eb34c28f22e8b96e1ab97ce403110664 -> 
  custom:video-decoder-webm-vp8: 9c59270c3fd7afecdb556c50c9e8de78 -> 
  custom:audio-decoder-ogg-vorbis: bf7c407c2cedff20999df2af8eb42d56 -> 
  custom:audio-encoder-webm-vorbis: bf7c407c2cedff20999df2af8eb42d56 -> 
========================================================================
Received Prepare
Registering precompiled user dll's ...
Registered in 0.038680 seconds.
Begin MonoManager ReloadAssembly
Native extension for WindowsStandalone target not found
Refreshing native plugins compatible for Editor in 1.18 ms, found 21 plugins.
Preloading 1 native plugins for Editor in 0.20 ms.
Mono: successfully reloaded assembly
- Completed reload, in  1.507 seconds
Domain Reload Profiling:
	ReloadAssembly (1507ms)
		BeginReloadAssembly (167ms)
			ExecutionOrderSort (0ms)
			DisableScriptedObjects (4ms)
			BackupInstance (0ms)
			ReleaseScriptingObjects (0ms)
			CreateAndSetChildDomain (43ms)
		EndReloadAssembly (1241ms)
			LoadAssemblies (157ms)
			RebuildTransferFunctionScriptingTraits (0ms)
			SetupTypeCache (374ms)
			ReleaseScriptCaches (2ms)
			RebuildScriptCaches (55ms)
			SetupLoadedEditorAssemblies (497ms)
				LogAssemblyErrors (0ms)
				InitializePlatformSupportModulesInManaged (5ms)
				SetLoadedEditorAssemblies (1ms)
				RefreshPlugins (1ms)
				BeforeProcessingInitializeOnLoad (128ms)
				ProcessInitializeOnLoadAttributes (340ms)
				ProcessInitializeOnLoadMethodAttributes (8ms)
				AfterProcessingInitializeOnLoad (14ms)
				EditorAssembliesLoaded (0ms)
			ExecutionOrderSort2 (0ms)
			AwakeInstancesAfterBackupRestoration (11ms)
Platform modules already initialized, skipping
Refreshing native plugins compatible for Editor in 1.24 ms, found 21 plugins.
Preloading 1 native plugins for Editor in 0.17 ms.
Unloading 2649 Unused Serialized files (Serialized files now loaded: 0)
System memory in use before: 112.2 MB.
System memory in use after: 112.4 MB.

Unloading 64 unused Assets to reduce memory usage. Loaded Objects now: 3143.
Total: 3.842600 ms (FindLiveObjects: 0.294600 ms CreateObjectMapping: 0.135600 ms MarkObjects: 3.371500 ms  DeleteObjects: 0.040000 ms)

AssetImportParameters requested are different than current active one (requested -> active):
  custom:framework-win-MediaFoundation: 216162199b28c13a410421893ffa2e32 -> 
  custom:video-decoder-ogg-theora: a1e56fd34408186e4bbccfd4996cb3dc -> 
  custom:container-muxer-webm: aa71ff27fc2769a1b78a27578f13a17b -> 
  custom:container-demuxer-webm: 4f35f7cbe854078d1ac9338744f61a02 -> 
  custom:container-demuxer-ogg: 62fdf1f143b41e24485cea50d1cbac27 -> 
  custom:video-encoder-webm-vp8: eb34c28f22e8b96e1ab97ce403110664 -> 
  custom:video-decoder-webm-vp8: 9c59270c3fd7afecdb556c50c9e8de78 -> 
  custom:audio-decoder-ogg-vorbis: bf7c407c2cedff20999df2af8eb42d56 -> 
  custom:audio-encoder-webm-vorbis: bf7c407c2cedff20999df2af8eb42d56 -> 
========================================================================
Received Prepare
Registering precompiled user dll's ...
Registered in 0.062905 seconds.
Begin MonoManager ReloadAssembly
Native extension for WindowsStandalone target not found
Refreshing native plugins compatible for Editor in 1.20 ms, found 21 plugins.
Preloading 1 native plugins for Editor in 0.21 ms.
Mono: successfully reloaded assembly
- Completed reload, in  1.782 seconds
Domain Reload Profiling:
	ReloadAssembly (1782ms)
		BeginReloadAssembly (180ms)
			ExecutionOrderSort (0ms)
			DisableScriptedObjects (6ms)
			BackupInstance (0ms)
			ReleaseScriptingObjects (0ms)
			CreateAndSetChildDomain (60ms)
		EndReloadAssembly (1504ms)
			LoadAssemblies (167ms)
			RebuildTransferFunctionScriptingTraits (0ms)
			SetupTypeCache (460ms)
			ReleaseScriptCaches (1ms)
			RebuildScriptCaches (70ms)
			SetupLoadedEditorAssemblies (597ms)
				LogAssemblyErrors (0ms)
				InitializePlatformSupportModulesInManaged (5ms)
				SetLoadedEditorAssemblies (1ms)
				RefreshPlugins (2ms)
				BeforeProcessingInitializeOnLoad (170ms)
				ProcessInitializeOnLoadAttributes (394ms)
				ProcessInitializeOnLoadMethodAttributes (8ms)
				AfterProcessingInitializeOnLoad (17ms)
				EditorAssembliesLoaded (0ms)
			ExecutionOrderSort2 (0ms)
			AwakeInstancesAfterBackupRestoration (8ms)
Platform modules already initialized, skipping
Refreshing native plugins compatible for Editor in 1.23 ms, found 21 plugins.
Preloading 1 native plugins for Editor in 0.15 ms.
Unloading 2649 Unused Serialized files (Serialized files now loaded: 0)
System memory in use before: 112.2 MB.
System memory in use after: 112.4 MB.

Unloading 64 unused Assets to reduce memory usage. Loaded Objects now: 3146.
Total: 3.544500 ms (FindLiveObjects: 0.291500 ms CreateObjectMapping: 0.126300 ms MarkObjects: 3.090800 ms  DeleteObjects: 0.034700 ms)

AssetImportParameters requested are different than current active one (requested -> active):
  custom:framework-win-MediaFoundation: 216162199b28c13a410421893ffa2e32 -> 
  custom:video-decoder-ogg-theora: a1e56fd34408186e4bbccfd4996cb3dc -> 
  custom:container-muxer-webm: aa71ff27fc2769a1b78a27578f13a17b -> 
  custom:container-demuxer-webm: 4f35f7cbe854078d1ac9338744f61a02 -> 
  custom:container-demuxer-ogg: 62fdf1f143b41e24485cea50d1cbac27 -> 
  custom:video-encoder-webm-vp8: eb34c28f22e8b96e1ab97ce403110664 -> 
  custom:video-decoder-webm-vp8: 9c59270c3fd7afecdb556c50c9e8de78 -> 
  custom:audio-decoder-ogg-vorbis: bf7c407c2cedff20999df2af8eb42d56 -> 
  custom:audio-encoder-webm-vorbis: bf7c407c2cedff20999df2af8eb42d56 -> 
========================================================================
Received Prepare
Registering precompiled user dll's ...
Registered in 0.093298 seconds.
Begin MonoManager ReloadAssembly
Native extension for WindowsStandalone target not found
Refreshing native plugins compatible for Editor in 1.22 ms, found 21 plugins.
Preloading 1 native plugins for Editor in 0.18 ms.
Mono: successfully reloaded assembly
- Completed reload, in  1.657 seconds
Domain Reload Profiling:
	ReloadAssembly (1657ms)
		BeginReloadAssembly (168ms)
			ExecutionOrderSort (0ms)
			DisableScriptedObjects (6ms)
			BackupInstance (0ms)
			ReleaseScriptingObjects (0ms)
			CreateAndSetChildDomain (47ms)
		EndReloadAssembly (1381ms)
			LoadAssemblies (165ms)
			RebuildTransferFunctionScriptingTraits (0ms)
			SetupTypeCache (497ms)
			ReleaseScriptCaches (1ms)
			RebuildScriptCaches (59ms)
			SetupLoadedEditorAssemblies (499ms)
				LogAssemblyErrors (0ms)
				InitializePlatformSupportModulesInManaged (4ms)
				SetLoadedEditorAssemblies (0ms)
				RefreshPlugins (1ms)
				BeforeProcessingInitializeOnLoad (129ms)
				ProcessInitializeOnLoadAttributes (343ms)
				ProcessInitializeOnLoadMethodAttributes (7ms)
				AfterProcessingInitializeOnLoad (14ms)
				EditorAssembliesLoaded (0ms)
			ExecutionOrderSort2 (0ms)
			AwakeInstancesAfterBackupRestoration (13ms)
Platform modules already initialized, skipping
Refreshing native plugins compatible for Editor in 1.13 ms, found 21 plugins.
Preloading 1 native plugins for Editor in 0.15 ms.
Unloading 2649 Unused Serialized files (Serialized files now loaded: 0)
System memory in use before: 112.2 MB.
System memory in use after: 112.4 MB.

Unloading 64 unused Assets to reduce memory usage. Loaded Objects now: 3149.
Total: 4.672900 ms (FindLiveObjects: 0.250100 ms CreateObjectMapping: 0.107900 ms MarkObjects: 4.265700 ms  DeleteObjects: 0.047900 ms)

AssetImportParameters requested are different than current active one (requested -> active):
  custom:framework-win-MediaFoundation: 216162199b28c13a410421893ffa2e32 -> 
  custom:video-decoder-ogg-theora: a1e56fd34408186e4bbccfd4996cb3dc -> 
  custom:container-muxer-webm: aa71ff27fc2769a1b78a27578f13a17b -> 
  custom:container-demuxer-webm: 4f35f7cbe854078d1ac9338744f61a02 -> 
  custom:container-demuxer-ogg: 62fdf1f143b41e24485cea50d1cbac27 -> 
  custom:video-encoder-webm-vp8: eb34c28f22e8b96e1ab97ce403110664 -> 
  custom:video-decoder-webm-vp8: 9c59270c3fd7afecdb556c50c9e8de78 -> 
  custom:audio-decoder-ogg-vorbis: bf7c407c2cedff20999df2af8eb42d56 -> 
  custom:audio-encoder-webm-vorbis: bf7c407c2cedff20999df2af8eb42d56 -> 
========================================================================
Received Prepare
Registering precompiled user dll's ...
Registered in 0.084897 seconds.
Begin MonoManager ReloadAssembly
Native extension for WindowsStandalone target not found
Refreshing native plugins compatible for Editor in 1.98 ms, found 21 plugins.
Preloading 1 native plugins for Editor in 0.16 ms.
Mono: successfully reloaded assembly
- Completed reload, in  1.634 seconds
Domain Reload Profiling:
	ReloadAssembly (1634ms)
		BeginReloadAssembly (171ms)
			ExecutionOrderSort (0ms)
			DisableScriptedObjects (6ms)
			BackupInstance (0ms)
			ReleaseScriptingObjects (0ms)
			CreateAndSetChildDomain (49ms)
		EndReloadAssembly (1370ms)
			LoadAssemblies (166ms)
			RebuildTransferFunctionScriptingTraits (0ms)
			SetupTypeCache (442ms)
			ReleaseScriptCaches (1ms)
			RebuildScriptCaches (53ms)
			SetupLoadedEditorAssemblies (541ms)
				LogAssemblyErrors (0ms)
				InitializePlatformSupportModulesInManaged (7ms)
				SetLoadedEditorAssemblies (1ms)
				RefreshPlugins (2ms)
				BeforeProcessingInitializeOnLoad (136ms)
				ProcessInitializeOnLoadAttributes (370ms)
				ProcessInitializeOnLoadMethodAttributes (10ms)
				AfterProcessingInitializeOnLoad (14ms)
				EditorAssembliesLoaded (0ms)
			ExecutionOrderSort2 (0ms)
			AwakeInstancesAfterBackupRestoration (10ms)
Platform modules already initialized, skipping
Refreshing native plugins compatible for Editor in 2.07 ms, found 21 plugins.
Preloading 1 native plugins for Editor in 0.27 ms.
Unloading 2649 Unused Serialized files (Serialized files now loaded: 0)
System memory in use before: 112.2 MB.
System memory in use after: 112.4 MB.

Unloading 64 unused Assets to reduce memory usage. Loaded Objects now: 3152.
Total: 4.629100 ms (FindLiveObjects: 0.275200 ms CreateObjectMapping: 0.129900 ms MarkObjects: 4.172900 ms  DeleteObjects: 0.049600 ms)

AssetImportParameters requested are different than current active one (requested -> active):
  custom:framework-win-MediaFoundation: 216162199b28c13a410421893ffa2e32 -> 
  custom:video-decoder-ogg-theora: a1e56fd34408186e4bbccfd4996cb3dc -> 
  custom:container-muxer-webm: aa71ff27fc2769a1b78a27578f13a17b -> 
  custom:container-demuxer-webm: 4f35f7cbe854078d1ac9338744f61a02 -> 
  custom:container-demuxer-ogg: 62fdf1f143b41e24485cea50d1cbac27 -> 
  custom:video-encoder-webm-vp8: eb34c28f22e8b96e1ab97ce403110664 -> 
  custom:video-decoder-webm-vp8: 9c59270c3fd7afecdb556c50c9e8de78 -> 
  custom:audio-decoder-ogg-vorbis: bf7c407c2cedff20999df2af8eb42d56 -> 
  custom:audio-encoder-webm-vorbis: bf7c407c2cedff20999df2af8eb42d56 -> 
========================================================================
Received Prepare
Registering precompiled user dll's ...
Registered in 0.045415 seconds.
Begin MonoManager ReloadAssembly
Native extension for WindowsStandalone target not found
Refreshing native plugins compatible for Editor in 2.74 ms, found 21 plugins.
Preloading 1 native plugins for Editor in 0.40 ms.
Mono: successfully reloaded assembly
- Completed reload, in  2.188 seconds
Domain Reload Profiling:
	ReloadAssembly (2189ms)
		BeginReloadAssembly (171ms)
			ExecutionOrderSort (0ms)
			DisableScriptedObjects (5ms)
			BackupInstance (0ms)
			ReleaseScriptingObjects (0ms)
			CreateAndSetChildDomain (43ms)
		EndReloadAssembly (1893ms)
			LoadAssemblies (185ms)
			RebuildTransferFunctionScriptingTraits (0ms)
			SetupTypeCache (426ms)
			ReleaseScriptCaches (1ms)
			RebuildScriptCaches (93ms)
			SetupLoadedEditorAssemblies (558ms)
				LogAssemblyErrors (0ms)
				InitializePlatformSupportModulesInManaged (21ms)
				SetLoadedEditorAssemblies (3ms)
				RefreshPlugins (3ms)
				BeforeProcessingInitializeOnLoad (145ms)
				ProcessInitializeOnLoadAttributes (362ms)
				ProcessInitializeOnLoadMethodAttributes (7ms)
				AfterProcessingInitializeOnLoad (17ms)
				EditorAssembliesLoaded (0ms)
			ExecutionOrderSort2 (0ms)
			AwakeInstancesAfterBackupRestoration (8ms)
Platform modules already initialized, skipping
Refreshing native plugins compatible for Editor in 1.83 ms, found 21 plugins.
Preloading 1 native plugins for Editor in 0.24 ms.
Unloading 2649 Unused Serialized files (Serialized files now loaded: 0)
System memory in use before: 112.2 MB.
System memory in use after: 112.4 MB.

Unloading 64 unused Assets to reduce memory usage. Loaded Objects now: 3155.
Total: 5.834600 ms (FindLiveObjects: 0.534100 ms CreateObjectMapping: 0.254500 ms MarkObjects: 4.969500 ms  DeleteObjects: 0.073600 ms)

AssetImportParameters requested are different than current active one (requested -> active):
  custom:framework-win-MediaFoundation: 216162199b28c13a410421893ffa2e32 -> 
  custom:video-decoder-ogg-theora: a1e56fd34408186e4bbccfd4996cb3dc -> 
  custom:container-muxer-webm: aa71ff27fc2769a1b78a27578f13a17b -> 
  custom:container-demuxer-webm: 4f35f7cbe854078d1ac9338744f61a02 -> 
  custom:container-demuxer-ogg: 62fdf1f143b41e24485cea50d1cbac27 -> 
  custom:video-encoder-webm-vp8: eb34c28f22e8b96e1ab97ce403110664 -> 
  custom:video-decoder-webm-vp8: 9c59270c3fd7afecdb556c50c9e8de78 -> 
  custom:audio-decoder-ogg-vorbis: bf7c407c2cedff20999df2af8eb42d56 -> 
  custom:audio-encoder-webm-vorbis: bf7c407c2cedff20999df2af8eb42d56 -> 
========================================================================
Received Prepare
Registering precompiled user dll's ...
Registered in 0.153673 seconds.
Begin MonoManager ReloadAssembly
Native extension for WindowsStandalone target not found
Refreshing native plugins compatible for Editor in 2.31 ms, found 21 plugins.
Preloading 1 native plugins for Editor in 0.18 ms.
Mono: successfully reloaded assembly
- Completed reload, in  2.236 seconds
Domain Reload Profiling:
	ReloadAssembly (2237ms)
		BeginReloadAssembly (189ms)
			ExecutionOrderSort (0ms)
			DisableScriptedObjects (5ms)
			BackupInstance (0ms)
			ReleaseScriptingObjects (0ms)
			CreateAndSetChildDomain (50ms)
		EndReloadAssembly (1930ms)
			LoadAssemblies (186ms)
			RebuildTransferFunctionScriptingTraits (0ms)
			SetupTypeCache (496ms)
			ReleaseScriptCaches (1ms)
			RebuildScriptCaches (176ms)
			SetupLoadedEditorAssemblies (883ms)
				LogAssemblyErrors (0ms)
				InitializePlatformSupportModulesInManaged (5ms)
				SetLoadedEditorAssemblies (1ms)
				RefreshPlugins (3ms)
				BeforeProcessingInitializeOnLoad (152ms)
				ProcessInitializeOnLoadAttributes (685ms)
				ProcessInitializeOnLoadMethodAttributes (20ms)
				AfterProcessingInitializeOnLoad (18ms)
				EditorAssembliesLoaded (0ms)
			ExecutionOrderSort2 (0ms)
			AwakeInstancesAfterBackupRestoration (19ms)
Platform modules already initialized, skipping
Refreshing native plugins compatible for Editor in 1.74 ms, found 21 plugins.
Preloading 1 native plugins for Editor in 0.21 ms.
Unloading 2649 Unused Serialized files (Serialized files now loaded: 0)
System memory in use before: 112.2 MB.
System memory in use after: 112.5 MB.

Unloading 64 unused Assets to reduce memory usage. Loaded Objects now: 3158.
Total: 7.873700 ms (FindLiveObjects: 0.678600 ms CreateObjectMapping: 0.620000 ms MarkObjects: 6.522700 ms  DeleteObjects: 0.050700 ms)

AssetImportParameters requested are different than current active one (requested -> active):
  custom:framework-win-MediaFoundation: 216162199b28c13a410421893ffa2e32 -> 
  custom:video-decoder-ogg-theora: a1e56fd34408186e4bbccfd4996cb3dc -> 
  custom:container-muxer-webm: aa71ff27fc2769a1b78a27578f13a17b -> 
  custom:container-demuxer-webm: 4f35f7cbe854078d1ac9338744f61a02 -> 
  custom:container-demuxer-ogg: 62fdf1f143b41e24485cea50d1cbac27 -> 
  custom:video-encoder-webm-vp8: eb34c28f22e8b96e1ab97ce403110664 -> 
  custom:video-decoder-webm-vp8: 9c59270c3fd7afecdb556c50c9e8de78 -> 
  custom:audio-decoder-ogg-vorbis: bf7c407c2cedff20999df2af8eb42d56 -> 
  custom:audio-encoder-webm-vorbis: bf7c407c2cedff20999df2af8eb42d56 -> 
========================================================================
Received Prepare
Registering precompiled user dll's ...
Registered in 0.054561 seconds.
Begin MonoManager ReloadAssembly
Native extension for WindowsStandalone target not found
Refreshing native plugins compatible for Editor in 1.22 ms, found 21 plugins.
Preloading 1 native plugins for Editor in 0.16 ms.
Mono: successfully reloaded assembly
- Completed reload, in  1.979 seconds
Domain Reload Profiling:
	ReloadAssembly (1980ms)
		BeginReloadAssembly (194ms)
			ExecutionOrderSort (0ms)
			DisableScriptedObjects (5ms)
			BackupInstance (0ms)
			ReleaseScriptingObjects (0ms)
			CreateAndSetChildDomain (52ms)
		EndReloadAssembly (1656ms)
			LoadAssemblies (205ms)
			RebuildTransferFunctionScriptingTraits (0ms)
			SetupTypeCache (530ms)
			ReleaseScriptCaches (3ms)
			RebuildScriptCaches (75ms)
			SetupLoadedEditorAssemblies (647ms)
				LogAssemblyErrors (0ms)
				InitializePlatformSupportModulesInManaged (5ms)
				SetLoadedEditorAssemblies (0ms)
				RefreshPlugins (1ms)
				BeforeProcessingInitializeOnLoad (189ms)
				ProcessInitializeOnLoadAttributes (426ms)
				ProcessInitializeOnLoadMethodAttributes (10ms)
				AfterProcessingInitializeOnLoad (14ms)
				EditorAssembliesLoaded (0ms)
			ExecutionOrderSort2 (0ms)
			AwakeInstancesAfterBackupRestoration (13ms)
Platform modules already initialized, skipping
Refreshing native plugins compatible for Editor in 1.25 ms, found 21 plugins.
Preloading 1 native plugins for Editor in 0.19 ms.
Unloading 2649 Unused Serialized files (Serialized files now loaded: 0)
System memory in use before: 112.2 MB.
System memory in use after: 112.5 MB.

Unloading 64 unused Assets to reduce memory usage. Loaded Objects now: 3161.
Total: 4.990200 ms (FindLiveObjects: 0.314100 ms CreateObjectMapping: 0.154300 ms MarkObjects: 4.476400 ms  DeleteObjects: 0.044300 ms)

AssetImportParameters requested are different than current active one (requested -> active):
  custom:framework-win-MediaFoundation: 216162199b28c13a410421893ffa2e32 -> 
  custom:video-decoder-ogg-theora: a1e56fd34408186e4bbccfd4996cb3dc -> 
  custom:container-muxer-webm: aa71ff27fc2769a1b78a27578f13a17b -> 
  custom:container-demuxer-webm: 4f35f7cbe854078d1ac9338744f61a02 -> 
  custom:container-demuxer-ogg: 62fdf1f143b41e24485cea50d1cbac27 -> 
  custom:video-encoder-webm-vp8: eb34c28f22e8b96e1ab97ce403110664 -> 
  custom:video-decoder-webm-vp8: 9c59270c3fd7afecdb556c50c9e8de78 -> 
  custom:audio-decoder-ogg-vorbis: bf7c407c2cedff20999df2af8eb42d56 -> 
  custom:audio-encoder-webm-vorbis: bf7c407c2cedff20999df2af8eb42d56 -> 
========================================================================
Received Import Request.
  Time since last request: 1493.578430 seconds.
  path: Assets/Prefabs
  artifactKey: Guid(170eb37a952527f4f9236e732c39276a) Importer(815301076,1909f56bfc062723c751e8b465ee728b)
Start importing Assets/Prefabs using Guid(170eb37a952527f4f9236e732c39276a) Importer(815301076,1909f56bfc062723c751e8b465ee728b)  -> (artifact id: '03529c88db760631c8a0ce8295c9af54') in 0.014466 seconds 
  Import took 0.067387 seconds .

========================================================================
Received Import Request.
  Time since last request: 0.020580 seconds.
  path: Assets/Prefabs/Row.prefab
  artifactKey: Guid(9258a43dffd48254899e8b2751728472) Importer(815301076,1909f56bfc062723c751e8b465ee728b)
Start importing Assets/Prefabs/Row.prefab using Guid(9258a43dffd48254899e8b2751728472) Importer(815301076,1909f56bfc062723c751e8b465ee728b)  -> (artifact id: '9a6a8a8a210c85f00326257c00891e4a') in 0.388776 seconds 
  Import took 0.421325 seconds .

========================================================================
Received Import Request.
  Time since last request: 14.039401 seconds.
  path: Assets/Prefabs/Screw element.prefab
  artifactKey: Guid(92bfc28fafcfe3e43a656fca46f2c785) Importer(815301076,1909f56bfc062723c751e8b465ee728b)
Start importing Assets/Prefabs/Screw element.prefab using Guid(92bfc28fafcfe3e43a656fca46f2c785) Importer(815301076,1909f56bfc062723c751e8b465ee728b)  -> (artifact id: 'f76e9967425340b60ba64912d40fd96e') in 0.149879 seconds 
  Import took 0.170228 seconds .

========================================================================
Received Import Request.
  Time since last request: 43.156543 seconds.
  path: Assets/Mesh/screw.fbx
  artifactKey: Guid(9f348ec9279c1a542a1c5a9451afecab) Importer(815301076,1909f56bfc062723c751e8b465ee728b)
Start importing Assets/Mesh/screw.fbx using Guid(9f348ec9279c1a542a1c5a9451afecab) Importer(815301076,1909f56bfc062723c751e8b465ee728b)  -> (artifact id: '581ec4b64ccd5b75b6f542f80657ab35') in 0.174119 seconds 
  Import took 0.206438 seconds .

========================================================================
Received Import Request.
  Time since last request: 18.562604 seconds.
  path: Assets/Mesh
  artifactKey: Guid(f585fcd79c36683479f5fc3d0406bdd1) Importer(815301076,1909f56bfc062723c751e8b465ee728b)
Start importing Assets/Mesh using Guid(f585fcd79c36683479f5fc3d0406bdd1) Importer(815301076,1909f56bfc062723c751e8b465ee728b)  -> (artifact id: '1912a33210ffce6f486fc97d5b31a626') in 0.043389 seconds 
  Import took 0.079067 seconds .

========================================================================
Received Import Request.
  Time since last request: 6.237846 seconds.
  path: Assets/Materials/Screw.mat
  artifactKey: Guid(997c236145fa3074c93403eaadd006dd) Importer(815301076,1909f56bfc062723c751e8b465ee728b)
Start importing Assets/Materials/Screw.mat using Guid(997c236145fa3074c93403eaadd006dd) Importer(815301076,1909f56bfc062723c751e8b465ee728b)  -> (artifact id: 'e44bed1bcf984038db6fa79b7b8af1dd') in 0.216058 seconds 
  Import took 0.239188 seconds .

========================================================================
Received Import Request.
  Time since last request: 0.000308 seconds.
  path: Assets/Prefabs/Screw element.prefab
  artifactKey: Guid(92bfc28fafcfe3e43a656fca46f2c785) Importer(815301076,1909f56bfc062723c751e8b465ee728b)
Start importing Assets/Prefabs/Screw element.prefab using Guid(92bfc28fafcfe3e43a656fca46f2c785) Importer(815301076,1909f56bfc062723c751e8b465ee728b)  -> (artifact id: 'd520b6acd6c575d4ba992370f92f9a85') in 0.054127 seconds 
  Import took 0.085295 seconds .

========================================================================
Received Import Request.
  Time since last request: 5.881533 seconds.
  path: Assets/Materials/Screw 1.mat
  artifactKey: Guid(30f986f1293e6a84bb60a88f31ec68d5) Importer(815301076,1909f56bfc062723c751e8b465ee728b)
Start importing Assets/Materials/Screw 1.mat using Guid(30f986f1293e6a84bb60a88f31ec68d5) Importer(815301076,1909f56bfc062723c751e8b465ee728b)  -> (artifact id: '2283c21ade90a2bdd5337e52b27b7f3f') in 0.039912 seconds 
  Import took 0.058057 seconds .

========================================================================
Received Import Request.
  Time since last request: 15.697685 seconds.
  path: Assets/Models/screw.prefab
  artifactKey: Guid(fde33f2f673dabd4493535f9923f53d5) Importer(815301076,1909f56bfc062723c751e8b465ee728b)
Start importing Assets/Models/screw.prefab using Guid(fde33f2f673dabd4493535f9923f53d5) Importer(815301076,1909f56bfc062723c751e8b465ee728b)  -> (artifact id: 'c3a33f759ead14089e355e2a1179df2e') in 0.037149 seconds 
  Import took 0.058740 seconds .

========================================================================
Received Import Request.
  Time since last request: 0.000237 seconds.
  path: Assets/Prefabs/Screw element.prefab
  artifactKey: Guid(92bfc28fafcfe3e43a656fca46f2c785) Importer(815301076,1909f56bfc062723c751e8b465ee728b)
Start importing Assets/Prefabs/Screw element.prefab using Guid(92bfc28fafcfe3e43a656fca46f2c785) Importer(815301076,1909f56bfc062723c751e8b465ee728b)  -> (artifact id: '5780d225f8b7e6bc48ddee139b535526') in 0.028793 seconds 
  Import took 0.037208 seconds .

========================================================================
Received Import Request.
  Time since last request: 76.479933 seconds.
  path: Assets/Models/screw.prefab
  artifactKey: Guid(fde33f2f673dabd4493535f9923f53d5) Importer(815301076,1909f56bfc062723c751e8b465ee728b)
Start importing Assets/Models/screw.prefab using Guid(fde33f2f673dabd4493535f9923f53d5) Importer(815301076,1909f56bfc062723c751e8b465ee728b)  -> (artifact id: '329d58d74e611fc1851a3a563cee5a7b') in 0.027686 seconds 
  Import took 0.045451 seconds .

========================================================================
Received Import Request.
  Time since last request: 0.000455 seconds.
  path: Assets/Prefabs/Screw element.prefab
  artifactKey: Guid(92bfc28fafcfe3e43a656fca46f2c785) Importer(815301076,1909f56bfc062723c751e8b465ee728b)
Start importing Assets/Prefabs/Screw element.prefab using Guid(92bfc28fafcfe3e43a656fca46f2c785) Importer(815301076,1909f56bfc062723c751e8b465ee728b)  -> (artifact id: '6124ca0023db7c842c5dc77f468601f3') in 0.025835 seconds 
  Import took 0.040111 seconds .

========================================================================
Received Import Request.
  Time since last request: 46.762616 seconds.
  path: Assets/Prefabs/Screw element.prefab
  artifactKey: Guid(92bfc28fafcfe3e43a656fca46f2c785) Importer(815301076,1909f56bfc062723c751e8b465ee728b)
Start importing Assets/Prefabs/Screw element.prefab using Guid(92bfc28fafcfe3e43a656fca46f2c785) Importer(815301076,1909f56bfc062723c751e8b465ee728b)  -> (artifact id: '7cdd83743d75d5c6c92a1e3f65601ccf') in 0.038777 seconds 
  Import took 0.052428 seconds .

========================================================================
Received Import Request.
  Time since last request: 20.994419 seconds.
  path: Assets/Prefabs/Screw element.prefab
  artifactKey: Guid(92bfc28fafcfe3e43a656fca46f2c785) Importer(815301076,1909f56bfc062723c751e8b465ee728b)
Start importing Assets/Prefabs/Screw element.prefab using Guid(92bfc28fafcfe3e43a656fca46f2c785) Importer(815301076,1909f56bfc062723c751e8b465ee728b)  -> (artifact id: 'd29096744ae8712e7e5dc46fe05c8e80') in 0.041386 seconds 
  Import took 0.056627 seconds .

========================================================================
Received Prepare
Registering precompiled user dll's ...
Registered in 0.055675 seconds.
Begin MonoManager ReloadAssembly
Native extension for WindowsStandalone target not found
Refreshing native plugins compatible for Editor in 2.04 ms, found 21 plugins.
Preloading 1 native plugins for Editor in 0.21 ms.
Mono: successfully reloaded assembly
- Completed reload, in  1.989 seconds
Domain Reload Profiling:
	ReloadAssembly (1990ms)
		BeginReloadAssembly (195ms)
			ExecutionOrderSort (0ms)
			DisableScriptedObjects (9ms)
			BackupInstance (0ms)
			ReleaseScriptingObjects (0ms)
			CreateAndSetChildDomain (61ms)
		EndReloadAssembly (1671ms)
			LoadAssemblies (213ms)
			RebuildTransferFunctionScriptingTraits (0ms)
			SetupTypeCache (446ms)
			ReleaseScriptCaches (1ms)
			RebuildScriptCaches (60ms)
			SetupLoadedEditorAssemblies (643ms)
				LogAssemblyErrors (0ms)
				InitializePlatformSupportModulesInManaged (5ms)
				SetLoadedEditorAssemblies (1ms)
				RefreshPlugins (2ms)
				BeforeProcessingInitializeOnLoad (165ms)
				ProcessInitializeOnLoadAttributes (440ms)
				ProcessInitializeOnLoadMethodAttributes (13ms)
				AfterProcessingInitializeOnLoad (16ms)
				EditorAssembliesLoaded (0ms)
			ExecutionOrderSort2 (0ms)
			AwakeInstancesAfterBackupRestoration (9ms)
Platform modules already initialized, skipping
Refreshing native plugins compatible for Editor in 2.88 ms, found 21 plugins.
Preloading 1 native plugins for Editor in 0.35 ms.
Unloading 2649 Unused Serialized files (Serialized files now loaded: 0)
System memory in use before: 112.6 MB.
System memory in use after: 112.8 MB.

Unloading 64 unused Assets to reduce memory usage. Loaded Objects now: 3203.
Total: 4.980900 ms (FindLiveObjects: 0.286200 ms CreateObjectMapping: 0.125600 ms MarkObjects: 4.518400 ms  DeleteObjects: 0.049200 ms)

AssetImportParameters requested are different than current active one (requested -> active):
  custom:framework-win-MediaFoundation: 216162199b28c13a410421893ffa2e32 -> 
  custom:video-decoder-ogg-theora: a1e56fd34408186e4bbccfd4996cb3dc -> 
  custom:container-muxer-webm: aa71ff27fc2769a1b78a27578f13a17b -> 
  custom:container-demuxer-webm: 4f35f7cbe854078d1ac9338744f61a02 -> 
  custom:container-demuxer-ogg: 62fdf1f143b41e24485cea50d1cbac27 -> 
  custom:video-encoder-webm-vp8: eb34c28f22e8b96e1ab97ce403110664 -> 
  custom:video-decoder-webm-vp8: 9c59270c3fd7afecdb556c50c9e8de78 -> 
  custom:audio-decoder-ogg-vorbis: bf7c407c2cedff20999df2af8eb42d56 -> 
  custom:audio-encoder-webm-vorbis: bf7c407c2cedff20999df2af8eb42d56 -> 
========================================================================
Received Prepare
Registering precompiled user dll's ...
Registered in 0.173882 seconds.
Begin MonoManager ReloadAssembly
Native extension for WindowsStandalone target not found
Refreshing native plugins compatible for Editor in 1.42 ms, found 21 plugins.
Preloading 1 native plugins for Editor in 0.31 ms.
Mono: successfully reloaded assembly
- Completed reload, in  1.764 seconds
Domain Reload Profiling:
	ReloadAssembly (1764ms)
		BeginReloadAssembly (175ms)
			ExecutionOrderSort (0ms)
			DisableScriptedObjects (5ms)
			BackupInstance (0ms)
			ReleaseScriptingObjects (0ms)
			CreateAndSetChildDomain (51ms)
		EndReloadAssembly (1481ms)
			LoadAssemblies (184ms)
			RebuildTransferFunctionScriptingTraits (0ms)
			SetupTypeCache (450ms)
			ReleaseScriptCaches (1ms)
			RebuildScriptCaches (63ms)
			SetupLoadedEditorAssemblies (602ms)
				LogAssemblyErrors (0ms)
				InitializePlatformSupportModulesInManaged (6ms)
				SetLoadedEditorAssemblies (1ms)
				RefreshPlugins (2ms)
				BeforeProcessingInitializeOnLoad (149ms)
				ProcessInitializeOnLoadAttributes (413ms)
				ProcessInitializeOnLoadMethodAttributes (10ms)
				AfterProcessingInitializeOnLoad (20ms)
				EditorAssembliesLoaded (0ms)
			ExecutionOrderSort2 (0ms)
			AwakeInstancesAfterBackupRestoration (8ms)
Platform modules already initialized, skipping
Refreshing native plugins compatible for Editor in 1.42 ms, found 21 plugins.
Preloading 1 native plugins for Editor in 0.21 ms.
Unloading 2649 Unused Serialized files (Serialized files now loaded: 0)
System memory in use before: 112.6 MB.
System memory in use after: 112.9 MB.

Unloading 64 unused Assets to reduce memory usage. Loaded Objects now: 3206.
Total: 5.007200 ms (FindLiveObjects: 0.567900 ms CreateObjectMapping: 0.324500 ms MarkObjects: 4.073600 ms  DeleteObjects: 0.039300 ms)

AssetImportParameters requested are different than current active one (requested -> active):
  custom:framework-win-MediaFoundation: 216162199b28c13a410421893ffa2e32 -> 
  custom:video-decoder-ogg-theora: a1e56fd34408186e4bbccfd4996cb3dc -> 
  custom:container-muxer-webm: aa71ff27fc2769a1b78a27578f13a17b -> 
  custom:container-demuxer-webm: 4f35f7cbe854078d1ac9338744f61a02 -> 
  custom:container-demuxer-ogg: 62fdf1f143b41e24485cea50d1cbac27 -> 
  custom:video-encoder-webm-vp8: eb34c28f22e8b96e1ab97ce403110664 -> 
  custom:video-decoder-webm-vp8: 9c59270c3fd7afecdb556c50c9e8de78 -> 
  custom:audio-decoder-ogg-vorbis: bf7c407c2cedff20999df2af8eb42d56 -> 
  custom:audio-encoder-webm-vorbis: bf7c407c2cedff20999df2af8eb42d56 -> 
